[0]	validation_0-auc:0.71012
[1]	validation_0-auc:0.71015
[2]	validation_0-auc:0.71015
[3]	validation_0-auc:0.71017
[4]	validation_0-auc:0.71008
[5]	validation_0-auc:0.71010
[6]	validation_0-auc:0.71008
[7]	validation_0-auc:0.71008
[8]	validation_0-auc:0.71009
[9]	validation_0-auc:0.70993
[10]	validation_0-auc:0.70992
[11]	validation_0-auc:0.70993
[12]	validation_0-auc:0.71007
[13]	validation_0-auc:0.70978
[14]	validation_0-auc:0.70967
[15]	validation_0-auc:0.70964
[16]	validation_0-auc:0.70908
[17]	validation_0-auc:0.70907
[18]	validation_0-auc:0.70905
[19]	validation_0-auc:0.70905
[20]	validation_0-auc:0.70898
[21]	validation_0-auc:0.70898
[22]	validation_0-auc:0.70898
[23]	validation_0-auc:0.70898
[24]	validation_0-auc:0.70897
[25]	validation_0-auc:0.70899
[26]	validation_0-auc:0.70899
[27]	validation_0-auc:0.70907
[28]	validation_0-auc:0.70904
[29]	validation_0-auc:0.70903
[30]	validation_0-auc:0.70905
[31]	validation_0-auc:0.70925
[32]	validation_0-auc:0.70925
[33]	validation_0-auc:0.70926
[34]	validation_0-auc:0.70931
[35]	validation_0-auc:0.70929
[36]	validation_0-auc:0.70935
[37]	validation_0-auc:0.70929
[38]	validation_0-auc:0.70937
[39]	validation_0-auc:0.70938
[40]	validation_0-auc:0.70946
[41]	validation_0-auc:0.70944
[42]	validation_0-auc:0.70975
[43]	validation_0-auc:0.70978
[44]	validation_0-auc:0.70977
[45]	validation_0-auc:0.70976
[46]	validation_0-auc:0.70974
[47]	validation_0-auc:0.70975
[48]	validation_0-auc:0.70972
[49]	validation_0-auc:0.70975
[50]	validation_0-auc:0.70975
[51]	validation_0-auc:0.70976
[52]	validation_0-auc:0.70975
[53]	validation_0-auc:0.70980
[54]	validation_0-auc:0.70979
[55]	validation_0-auc:0.70979
[56]	validation_0-auc:0.70979
[57]	validation_0-auc:0.70978
[58]	validation_0-auc:0.70977
[59]	validation_0-auc:0.70979
[60]	validation_0-auc:0.70978
[61]	validation_0-auc:0.70978
[62]	validation_0-auc:0.70980
[63]	validation_0-auc:0.70981
[64]	validation_0-auc:0.70978
[65]	validation_0-auc:0.70974
[66]	validation_0-auc:0.70974
[67]	validation_0-auc:0.70975
[68]	validation_0-auc:0.70975
[69]	validation_0-auc:0.70975
[70]	validation_0-auc:0.70968
[71]	validation_0-auc:0.70967
[72]	validation_0-auc:0.70967
[73]	validation_0-auc:0.70967
[74]	validation_0-auc:0.70967
[75]	validation_0-auc:0.70967
[76]	validation_0-auc:0.70966
[77]	validation_0-auc:0.70966
[78]	validation_0-auc:0.70966
[79]	validation_0-auc:0.70965
[80]	validation_0-auc:0.70965
[81]	validation_0-auc:0.70964
[82]	validation_0-auc:0.70963
[83]	validation_0-auc:0.70963
[84]	validation_0-auc:0.70964
[85]	validation_0-auc:0.70963
[86]	validation_0-auc:0.70964
[87]	validation_0-auc:0.70963
[88]	validation_0-auc:0.70963
[89]	validation_0-auc:0.70963
[90]	validation_0-auc:0.70963
[91]	validation_0-auc:0.70965
[92]	validation_0-auc:0.70965
[93]	validation_0-auc:0.70967
[94]	validation_0-auc:0.70968
[95]	validation_0-auc:0.70967
[96]	validation_0-auc:0.70967
[97]	validation_0-auc:0.70966
[98]	validation_0-auc:0.70967
[99]	validation_0-auc:0.70967
[100]	validation_0-auc:0.70967
[101]	validation_0-auc:0.70964
[102]	validation_0-auc:0.70967
[103]	validation_0-auc:0.70951
[104]	validation_0-auc:0.70952
[105]	validation_0-auc:0.70952
[106]	validation_0-auc:0.70952
[107]	validation_0-auc:0.70952
[108]	validation_0-auc:0.70952
[109]	validation_0-auc:0.70952
[110]	validation_0-auc:0.70952
[111]	validation_0-auc:0.70948
[112]	validation_0-auc:0.70948
[113]	validation_0-auc:0.70949
[114]	validation_0-auc:0.70947
[115]	validation_0-auc:0.70947
[116]	validation_0-auc:0.70948
[117]	validation_0-auc:0.70948
[118]	validation_0-auc:0.70948
[119]	validation_0-auc:0.70948
[120]	validation_0-auc:0.70949
[121]	validation_0-auc:0.70948
[122]	validation_0-auc:0.70948
[123]	validation_0-auc:0.70948
[124]	validation_0-auc:0.70948
[125]	validation_0-auc:0.70948
[126]	validation_0-auc:0.70948
[127]	validation_0-auc:0.70947
[128]	validation_0-auc:0.70949
[129]	validation_0-auc:0.70950
[130]	validation_0-auc:0.70950
[131]	validation_0-auc:0.70951
[132]	validation_0-auc:0.70951
[133]	validation_0-auc:0.70950
[134]	validation_0-auc:0.70952
[135]	validation_0-auc:0.70951
[136]	validation_0-auc:0.70951
[137]	validation_0-auc:0.70951
[138]	validation_0-auc:0.70951
[139]	validation_0-auc:0.70949
[140]	validation_0-auc:0.70950
[141]	validation_0-auc:0.70949
[142]	validation_0-auc:0.70949
[143]	validation_0-auc:0.70949
[144]	validation_0-auc:0.70949
[145]	validation_0-auc:0.70949
[146]	validation_0-auc:0.70950
[147]	validation_0-auc:0.70949
[148]	validation_0-auc:0.70949
[149]	validation_0-auc:0.70949
[150]	validation_0-auc:0.70949
[151]	validation_0-auc:0.70948
[152]	validation_0-auc:0.70948
[153]	validation_0-auc:0.70950
[154]	validation_0-auc:0.70950
[155]	validation_0-auc:0.70952
[156]	validation_0-auc:0.70952
[157]	validation_0-auc:0.70952
[158]	validation_0-auc:0.70950
[159]	validation_0-auc:0.70952
[160]	validation_0-auc:0.70952
[161]	validation_0-auc:0.70953
[162]	validation_0-auc:0.70952
[163]	validation_0-auc:0.70952
[164]	validation_0-auc:0.70951
[165]	validation_0-auc:0.70951
[166]	validation_0-auc:0.70951
[167]	validation_0-auc:0.70950
[168]	validation_0-auc:0.70951
[169]	validation_0-auc:0.70951
[170]	validation_0-auc:0.70951
[171]	validation_0-auc:0.70950
[172]	validation_0-auc:0.70952
[173]	validation_0-auc:0.70952
[174]	validation_0-auc:0.70952
[175]	validation_0-auc:0.70953
[176]	validation_0-auc:0.70953
[177]	validation_0-auc:0.70953
[178]	validation_0-auc:0.70953
[179]	validation_0-auc:0.70953
[180]	validation_0-auc:0.70954
[181]	validation_0-auc:0.70956
[182]	validation_0-auc:0.70956
[183]	validation_0-auc:0.70955
[184]	validation_0-auc:0.70956
[185]	validation_0-auc:0.70955
[186]	validation_0-auc:0.70956
[187]	validation_0-auc:0.70957
[188]	validation_0-auc:0.70958
[189]	validation_0-auc:0.70959
[190]	validation_0-auc:0.70959
[191]	validation_0-auc:0.70959
[192]	validation_0-auc:0.70959
[193]	validation_0-auc:0.70959
[194]	validation_0-auc:0.70959
[195]	validation_0-auc:0.70959
[196]	validation_0-auc:0.70959
[197]	validation_0-auc:0.70959
[198]	validation_0-auc:0.70959
[199]	validation_0-auc:0.70958
[200]	validation_0-auc:0.70959
[201]	validation_0-auc:0.70959
[202]	validation_0-auc:0.70959
[203]	validation_0-auc:0.70960
[204]	validation_0-auc:0.70960
[205]	validation_0-auc:0.70960
[206]	validation_0-auc:0.70960
[207]	validation_0-auc:0.70960
[208]	validation_0-auc:0.70960
[209]	validation_0-auc:0.70960
[210]	validation_0-auc:0.70961
[211]	validation_0-auc:0.70961
[212]	validation_0-auc:0.70961
[213]	validation_0-auc:0.70962
[214]	validation_0-auc:0.70962
[215]	validation_0-auc:0.70961
[216]	validation_0-auc:0.70961
[217]	validation_0-auc:0.70962
[218]	validation_0-auc:0.70962
[219]	validation_0-auc:0.70962
[220]	validation_0-auc:0.70963
[221]	validation_0-auc:0.70963
[222]	validation_0-auc:0.70963
[223]	validation_0-auc:0.70963
[224]	validation_0-auc:0.70963
[225]	validation_0-auc:0.70963
[226]	validation_0-auc:0.70963
[227]	validation_0-auc:0.70973
[228]	validation_0-auc:0.70973
[229]	validation_0-auc:0.70975
[230]	validation_0-auc:0.70975
[231]	validation_0-auc:0.70976
[232]	validation_0-auc:0.70973
[233]	validation_0-auc:0.70972
[234]	validation_0-auc:0.70972
[235]	validation_0-auc:0.70972
[236]	validation_0-auc:0.70974
[237]	validation_0-auc:0.70962
[238]	validation_0-auc:0.70962
[239]	validation_0-auc:0.70962
[240]	validation_0-auc:0.70963
[241]	validation_0-auc:0.70964
[242]	validation_0-auc:0.70963
[243]	validation_0-auc:0.70965
[244]	validation_0-auc:0.70965
[245]	validation_0-auc:0.70966
[246]	validation_0-auc:0.70966
[247]	validation_0-auc:0.70965
[248]	validation_0-auc:0.70966
[249]	validation_0-auc:0.70967
[250]	validation_0-auc:0.70967
[251]	validation_0-auc:0.70968
[252]	validation_0-auc:0.70968
[253]	validation_0-auc:0.70969
[254]	validation_0-auc:0.70969
[255]	validation_0-auc:0.70969
[256]	validation_0-auc:0.70970
[257]	validation_0-auc:0.70969
[258]	validation_0-auc:0.70969
[259]	validation_0-auc:0.70969
[260]	validation_0-auc:0.70972
[261]	validation_0-auc:0.70973
[262]	validation_0-auc:0.70969
[263]	validation_0-auc:0.70969
[264]	validation_0-auc:0.70973
[265]	validation_0-auc:0.70973
[266]	validation_0-auc:0.70978
[267]	validation_0-auc:0.70978
[268]	validation_0-auc:0.70973
[269]	validation_0-auc:0.70977
[270]	validation_0-auc:0.70977
[271]	validation_0-auc:0.70974
[272]	validation_0-auc:0.70974
[273]	validation_0-auc:0.70974
[274]	validation_0-auc:0.70975
[275]	validation_0-auc:0.70975
[276]	validation_0-auc:0.70978
[277]	validation_0-auc:0.70976
[278]	validation_0-auc:0.70977
[279]	validation_0-auc:0.70979
[280]	validation_0-auc:0.70979
[281]	validation_0-auc:0.70980
[282]	validation_0-auc:0.70980
[283]	validation_0-auc:0.70980
[284]	validation_0-auc:0.70980
[285]	validation_0-auc:0.70980
[286]	validation_0-auc:0.70981
[287]	validation_0-auc:0.70982
[288]	validation_0-auc:0.70982
[289]	validation_0-auc:0.70982
[290]	validation_0-auc:0.70982
[291]	validation_0-auc:0.70983
[292]	validation_0-auc:0.70984
[293]	validation_0-auc:0.70984
[294]	validation_0-auc:0.70984
[295]	validation_0-auc:0.70984
[296]	validation_0-auc:0.70985
[297]	validation_0-auc:0.70985
[298]	validation_0-auc:0.70986
[299]	validation_0-auc:0.70986
[300]	validation_0-auc:0.70986
[301]	validation_0-auc:0.70986
[302]	validation_0-auc:0.70986
[303]	validation_0-auc:0.70986
[304]	validation_0-auc:0.70986
[305]	validation_0-auc:0.70986
[306]	validation_0-auc:0.70986
[307]	validation_0-auc:0.70987
[308]	validation_0-auc:0.70987
[309]	validation_0-auc:0.70987
[310]	validation_0-auc:0.70988
[311]	validation_0-auc:0.70987
[312]	validation_0-auc:0.70988
[313]	validation_0-auc:0.70989
[314]	validation_0-auc:0.70989
[315]	validation_0-auc:0.70988
[316]	validation_0-auc:0.70989
[317]	validation_0-auc:0.70989
[318]	validation_0-auc:0.70989
[319]	validation_0-auc:0.70989
[320]	validation_0-auc:0.70990
[321]	validation_0-auc:0.70987
[322]	validation_0-auc:0.70987
[323]	validation_0-auc:0.70987
[324]	validation_0-auc:0.70987
[325]	validation_0-auc:0.70987
[326]	validation_0-auc:0.70987
[327]	validation_0-auc:0.70987
[328]	validation_0-auc:0.70987
[329]	validation_0-auc:0.70987
[330]	validation_0-auc:0.70988
[331]	validation_0-auc:0.70987
[332]	validation_0-auc:0.70988
[333]	validation_0-auc:0.70988
[334]	validation_0-auc:0.70988
[335]	validation_0-auc:0.70988
[336]	validation_0-auc:0.70988
[337]	validation_0-auc:0.70988
[338]	validation_0-auc:0.70989
[339]	validation_0-auc:0.70989
[340]	validation_0-auc:0.70990
[341]	validation_0-auc:0.70990
[342]	validation_0-auc:0.70990
[343]	validation_0-auc:0.70990
[344]	validation_0-auc:0.70990
[345]	validation_0-auc:0.70990
[346]	validation_0-auc:0.70991
[347]	validation_0-auc:0.70991
[348]	validation_0-auc:0.70991
[349]	validation_0-auc:0.70991
[350]	validation_0-auc:0.70991
[351]	validation_0-auc:0.70992
[352]	validation_0-auc:0.70992
[353]	validation_0-auc:0.70993
[354]	validation_0-auc:0.70994
[355]	validation_0-auc:0.70994
[356]	validation_0-auc:0.70995
[357]	validation_0-auc:0.70996
[358]	validation_0-auc:0.70996
[359]	validation_0-auc:0.70997
[360]	validation_0-auc:0.70997
[361]	validation_0-auc:0.70997
[362]	validation_0-auc:0.70997
[363]	validation_0-auc:0.70997
[364]	validation_0-auc:0.70997
[365]	validation_0-auc:0.70997
[366]	validation_0-auc:0.70997
[367]	validation_0-auc:0.70998
[368]	validation_0-auc:0.70998
[369]	validation_0-auc:0.70998
[370]	validation_0-auc:0.70999
[371]	validation_0-auc:0.71000
[372]	validation_0-auc:0.71000
[373]	validation_0-auc:0.71000
[374]	validation_0-auc:0.71000
[375]	validation_0-auc:0.71000
[376]	validation_0-auc:0.71001
[377]	validation_0-auc:0.71001
[378]	validation_0-auc:0.71001
[379]	validation_0-auc:0.71002
[380]	validation_0-auc:0.71002
[381]	validation_0-auc:0.71002
[382]	validation_0-auc:0.71002
[383]	validation_0-auc:0.71002
[384]	validation_0-auc:0.71002
[385]	validation_0-auc:0.71001
[386]	validation_0-auc:0.71001
[387]	validation_0-auc:0.71001
[388]	validation_0-auc:0.71001
[389]	validation_0-auc:0.71001
[390]	validation_0-auc:0.71001
[391]	validation_0-auc:0.71001
[392]	validation_0-auc:0.71000
[393]	validation_0-auc:0.71000
[394]	validation_0-auc:0.71000
[395]	validation_0-auc:0.71000
[396]	validation_0-auc:0.71000
[397]	validation_0-auc:0.70999
[398]	validation_0-auc:0.70999
[399]	validation_0-auc:0.71000
[400]	validation_0-auc:0.71000
[401]	validation_0-auc:0.71000
[402]	validation_0-auc:0.70999
[403]	validation_0-auc:0.70999
[404]	validation_0-auc:0.70999
[405]	validation_0-auc:0.70997
[406]	validation_0-auc:0.70997
[407]	validation_0-auc:0.70997
[408]	validation_0-auc:0.70997
[409]	validation_0-auc:0.70997
[410]	validation_0-auc:0.70997
[411]	validation_0-auc:0.70997
[412]	validation_0-auc:0.70997
[413]	validation_0-auc:0.70997
[414]	validation_0-auc:0.70998
[415]	validation_0-auc:0.70998
[416]	validation_0-auc:0.70999
[417]	validation_0-auc:0.71000
[418]	validation_0-auc:0.71000
[419]	validation_0-auc:0.71001
[420]	validation_0-auc:0.71001
[421]	validation_0-auc:0.71001
[422]	validation_0-auc:0.71001
[423]	validation_0-auc:0.71002
[424]	validation_0-auc:0.71001
[425]	validation_0-auc:0.71002
[426]	validation_0-auc:0.71002
[427]	validation_0-auc:0.71003
[428]	validation_0-auc:0.71003
[429]	validation_0-auc:0.71004
[430]	validation_0-auc:0.71004
[431]	validation_0-auc:0.71005
[432]	validation_0-auc:0.71005
[433]	validation_0-auc:0.71005
[434]	validation_0-auc:0.71005
[435]	validation_0-auc:0.71006
[436]	validation_0-auc:0.71006
[437]	validation_0-auc:0.71006
[438]	validation_0-auc:0.71005
[439]	validation_0-auc:0.71005
[440]	validation_0-auc:0.71005
[441]	validation_0-auc:0.71005
[442]	validation_0-auc:0.71005
[443]	validation_0-auc:0.71005
[444]	validation_0-auc:0.71004
[445]	validation_0-auc:0.71005
[446]	validation_0-auc:0.71005
[447]	validation_0-auc:0.71005
[448]	validation_0-auc:0.71006
[449]	validation_0-auc:0.71006
[450]	validation_0-auc:0.71007
[451]	validation_0-auc:0.71007
[452]	validation_0-auc:0.71007
[453]	validation_0-auc:0.71007
[454]	validation_0-auc:0.71008
[455]	validation_0-auc:0.71008
[456]	validation_0-auc:0.71009
[457]	validation_0-auc:0.71010
[458]	validation_0-auc:0.71010
[459]	validation_0-auc:0.71010
[460]	validation_0-auc:0.71010
[461]	validation_0-auc:0.71011
[462]	validation_0-auc:0.71009
[463]	validation_0-auc:0.71009
[464]	validation_0-auc:0.71010
[465]	validation_0-auc:0.71011
[466]	validation_0-auc:0.71012
[467]	validation_0-auc:0.71012
[468]	validation_0-auc:0.71013
[469]	validation_0-auc:0.71014
[470]	validation_0-auc:0.71014
[471]	validation_0-auc:0.71014
[472]	validation_0-auc:0.71015
[473]	validation_0-auc:0.71016
[474]	validation_0-auc:0.71016
[475]	validation_0-auc:0.71016
[476]	validation_0-auc:0.71016
[477]	validation_0-auc:0.71016
[478]	validation_0-auc:0.71016
[479]	validation_0-auc:0.71016
[480]	validation_0-auc:0.71016
[481]	validation_0-auc:0.71016
[482]	validation_0-auc:0.71017
[483]	validation_0-auc:0.71017
[484]	validation_0-auc:0.71017
[485]	validation_0-auc:0.71018
[486]	validation_0-auc:0.71018
[487]	validation_0-auc:0.71018
[488]	validation_0-auc:0.71018
[489]	validation_0-auc:0.71018
[490]	validation_0-auc:0.71018
[491]	validation_0-auc:0.71018
[492]	validation_0-auc:0.71018
[493]	validation_0-auc:0.71018
[494]	validation_0-auc:0.71018
[495]	validation_0-auc:0.71018
[496]	validation_0-auc:0.71018
[497]	validation_0-auc:0.71018
[498]	validation_0-auc:0.71019
[499]	validation_0-auc:0.71019
[500]	validation_0-auc:0.71019
[501]	validation_0-auc:0.71019
[502]	validation_0-auc:0.71020
[503]	validation_0-auc:0.71020
[504]	validation_0-auc:0.71020
[505]	validation_0-auc:0.71020
[506]	validation_0-auc:0.71019
[507]	validation_0-auc:0.71019
[508]	validation_0-auc:0.71019
[509]	validation_0-auc:0.71019
[510]	validation_0-auc:0.71020
[511]	validation_0-auc:0.71020
[512]	validation_0-auc:0.71020
[513]	validation_0-auc:0.71020
[514]	validation_0-auc:0.71021
[515]	validation_0-auc:0.71021
[516]	validation_0-auc:0.71021
[517]	validation_0-auc:0.71021
[518]	validation_0-auc:0.71021
[519]	validation_0-auc:0.71021
[520]	validation_0-auc:0.71021
[521]	validation_0-auc:0.71021
[522]	validation_0-auc:0.71021
[523]	validation_0-auc:0.71021
[524]	validation_0-auc:0.71021
[525]	validation_0-auc:0.71021
[526]	validation_0-auc:0.71022
[527]	validation_0-auc:0.71022
[528]	validation_0-auc:0.71021
[529]	validation_0-auc:0.71021
[530]	validation_0-auc:0.71022
[531]	validation_0-auc:0.71021
[532]	validation_0-auc:0.71021
[533]	validation_0-auc:0.71021
[534]	validation_0-auc:0.71021
[535]	validation_0-auc:0.71021
[536]	validation_0-auc:0.71021
[537]	validation_0-auc:0.71021
[538]	validation_0-auc:0.71020
[539]	validation_0-auc:0.71020
[540]	validation_0-auc:0.71020
[541]	validation_0-auc:0.71020
[542]	validation_0-auc:0.71020
[543]	validation_0-auc:0.71020
[544]	validation_0-auc:0.71021
[545]	validation_0-auc:0.71021
[546]	validation_0-auc:0.71021
[547]	validation_0-auc:0.71021
[548]	validation_0-auc:0.71021
[549]	validation_0-auc:0.71021
[550]	validation_0-auc:0.71021
[551]	validation_0-auc:0.71021
[552]	validation_0-auc:0.71022
[553]	validation_0-auc:0.71022
[554]	validation_0-auc:0.71022
[555]	validation_0-auc:0.71022
[556]	validation_0-auc:0.71022
[557]	validation_0-auc:0.71020
[558]	validation_0-auc:0.71021
[559]	validation_0-auc:0.71021
[560]	validation_0-auc:0.71022
[561]	validation_0-auc:0.71021
[562]	validation_0-auc:0.71021
[563]	validation_0-auc:0.71022
[564]	validation_0-auc:0.71022
[565]	validation_0-auc:0.71022
[566]	validation_0-auc:0.71022
[567]	validation_0-auc:0.71022
[568]	validation_0-auc:0.71022
[569]	validation_0-auc:0.71022
[570]	validation_0-auc:0.71022
[571]	validation_0-auc:0.71022
[572]	validation_0-auc:0.71022
[573]	validation_0-auc:0.71022
[574]	validation_0-auc:0.71022
[575]	validation_0-auc:0.71022
[576]	validation_0-auc:0.71021
[577]	validation_0-auc:0.71021
[578]	validation_0-auc:0.71021
[579]	validation_0-auc:0.71021
[580]	validation_0-auc:0.71021
[581]	validation_0-auc:0.71021
[582]	validation_0-auc:0.71021
[583]	validation_0-auc:0.71021
[584]	validation_0-auc:0.71021
[585]	validation_0-auc:0.71022
[586]	validation_0-auc:0.71022
[587]	validation_0-auc:0.71022
[588]	validation_0-auc:0.71022
[589]	validation_0-auc:0.71022
[590]	validation_0-auc:0.71022
[591]	validation_0-auc:0.71022
[592]	validation_0-auc:0.71022
[593]	validation_0-auc:0.71022
[594]	validation_0-auc:0.71023
[595]	validation_0-auc:0.71023
[596]	validation_0-auc:0.71023
[597]	validation_0-auc:0.71022
[598]	validation_0-auc:0.71022
[599]	validation_0-auc:0.71023
[600]	validation_0-auc:0.71023
[601]	validation_0-auc:0.71023
[602]	validation_0-auc:0.71023
[603]	validation_0-auc:0.71023
[604]	validation_0-auc:0.71023
[605]	validation_0-auc:0.71023
[606]	validation_0-auc:0.71023
[607]	validation_0-auc:0.71023
[608]	validation_0-auc:0.71022
[609]	validation_0-auc:0.71023
[610]	validation_0-auc:0.71022
[611]	validation_0-auc:0.71022
[612]	validation_0-auc:0.71022
[613]	validation_0-auc:0.71022
[614]	validation_0-auc:0.71022
[615]	validation_0-auc:0.71022
[616]	validation_0-auc:0.71021
[617]	validation_0-auc:0.71021
[618]	validation_0-auc:0.71021
[619]	validation_0-auc:0.71022
[620]	validation_0-auc:0.71022
[621]	validation_0-auc:0.71022
[622]	validation_0-auc:0.71022
[623]	validation_0-auc:0.71022
[624]	validation_0-auc:0.71022
[625]	validation_0-auc:0.71022
[626]	validation_0-auc:0.71021
[627]	validation_0-auc:0.71021
[628]	validation_0-auc:0.71021
[629]	validation_0-auc:0.71022
[630]	validation_0-auc:0.71022
[631]	validation_0-auc:0.71022
[632]	validation_0-auc:0.71022
[633]	validation_0-auc:0.71021
[634]	validation_0-auc:0.71022
[635]	validation_0-auc:0.71022
[636]	validation_0-auc:0.71022
[637]	validation_0-auc:0.71022
[638]	validation_0-auc:0.71022
[639]	validation_0-auc:0.71022
[640]	validation_0-auc:0.71022
[641]	validation_0-auc:0.71022
[642]	validation_0-auc:0.71022
[643]	validation_0-auc:0.71022
[644]	validation_0-auc:0.71022
[645]	validation_0-auc:0.71022
[646]	validation_0-auc:0.71022
[647]	validation_0-auc:0.71022
[648]	validation_0-auc:0.71022
[649]	validation_0-auc:0.71022
[650]	validation_0-auc:0.71022
[651]	validation_0-auc:0.71021
[652]	validation_0-auc:0.71021
[653]	validation_0-auc:0.71022
[654]	validation_0-auc:0.71022
[655]	validation_0-auc:0.71022
[656]	validation_0-auc:0.71022
[657]	validation_0-auc:0.71022
[658]	validation_0-auc:0.71022
[659]	validation_0-auc:0.71021
[660]	validation_0-auc:0.71021
[661]	validation_0-auc:0.71021
[662]	validation_0-auc:0.71021
[663]	validation_0-auc:0.71022
[664]	validation_0-auc:0.71022
[665]	validation_0-auc:0.71022
[666]	validation_0-auc:0.71022
[667]	validation_0-auc:0.71022
[668]	validation_0-auc:0.71022
[669]	validation_0-auc:0.71022
[670]	validation_0-auc:0.71022
[671]	validation_0-auc:0.71022
[672]	validation_0-auc:0.71022
[673]	validation_0-auc:0.71022
[674]	validation_0-auc:0.71022
[675]	validation_0-auc:0.71022
[676]	validation_0-auc:0.71023
[677]	validation_0-auc:0.71022
[678]	validation_0-auc:0.71023
[679]	validation_0-auc:0.71023
[680]	validation_0-auc:0.71023
[681]	validation_0-auc:0.71023
[682]	validation_0-auc:0.71023
[683]	validation_0-auc:0.71023
[684]	validation_0-auc:0.71023
[685]	validation_0-auc:0.71023
[686]	validation_0-auc:0.71024
[687]	validation_0-auc:0.71024
[688]	validation_0-auc:0.71024
[689]	validation_0-auc:0.71024
[690]	validation_0-auc:0.71023
[691]	validation_0-auc:0.71023
[692]	validation_0-auc:0.71024
[693]	validation_0-auc:0.71024
[694]	validation_0-auc:0.71024
[695]	validation_0-auc:0.71024
[696]	validation_0-auc:0.71024
[697]	validation_0-auc:0.71024
[698]	validation_0-auc:0.71023
[699]	validation_0-auc:0.71023
[700]	validation_0-auc:0.71023
[701]	validation_0-auc:0.71023
[702]	validation_0-auc:0.71023
[703]	validation_0-auc:0.71023
[704]	validation_0-auc:0.71023
[705]	validation_0-auc:0.71023
[706]	validation_0-auc:0.71023
[707]	validation_0-auc:0.71023
[708]	validation_0-auc:0.71023
[709]	validation_0-auc:0.71023
[710]	validation_0-auc:0.71023
[711]	validation_0-auc:0.71023
[712]	validation_0-auc:0.71023
[713]	validation_0-auc:0.71023
[714]	validation_0-auc:0.71023
[715]	validation_0-auc:0.71024
[716]	validation_0-auc:0.71024
[717]	validation_0-auc:0.71024
[718]	validation_0-auc:0.71024
[719]	validation_0-auc:0.71025
[720]	validation_0-auc:0.71025
[721]	validation_0-auc:0.71025
[722]	validation_0-auc:0.71025
[723]	validation_0-auc:0.71026
[724]	validation_0-auc:0.71026
[725]	validation_0-auc:0.71026
[726]	validation_0-auc:0.71026
[727]	validation_0-auc:0.71026
[728]	validation_0-auc:0.71026
[729]	validation_0-auc:0.71026
[730]	validation_0-auc:0.71027
[731]	validation_0-auc:0.71027
[732]	validation_0-auc:0.71027
[733]	validation_0-auc:0.71027
[734]	validation_0-auc:0.71027
[735]	validation_0-auc:0.71027
[736]	validation_0-auc:0.71027
[737]	validation_0-auc:0.71027
[738]	validation_0-auc:0.71027
[739]	validation_0-auc:0.71027
[740]	validation_0-auc:0.71027
[741]	validation_0-auc:0.71027
[742]	validation_0-auc:0.71027
[743]	validation_0-auc:0.71027
[744]	validation_0-auc:0.71026
[745]	validation_0-auc:0.71027
[746]	validation_0-auc:0.71027
[747]	validation_0-auc:0.71027
[748]	validation_0-auc:0.71027
[749]	validation_0-auc:0.71027
[750]	validation_0-auc:0.71027
[751]	validation_0-auc:0.71027
[752]	validation_0-auc:0.71027
[753]	validation_0-auc:0.71027
[754]	validation_0-auc:0.71027
[755]	validation_0-auc:0.71027
[756]	validation_0-auc:0.71027
[757]	validation_0-auc:0.71027
[758]	validation_0-auc:0.71027
[759]	validation_0-auc:0.71027
[760]	validation_0-auc:0.71027
[761]	validation_0-auc:0.71027
[762]	validation_0-auc:0.71028
[763]	validation_0-auc:0.71027
[764]	validation_0-auc:0.71027
[765]	validation_0-auc:0.71027
[766]	validation_0-auc:0.71027
[767]	validation_0-auc:0.71028
[768]	validation_0-auc:0.71028
[769]	validation_0-auc:0.71028
[770]	validation_0-auc:0.71028
[771]	validation_0-auc:0.71028
[772]	validation_0-auc:0.71028
[773]	validation_0-auc:0.71028
[774]	validation_0-auc:0.71028
[775]	validation_0-auc:0.71028
[776]	validation_0-auc:0.71028
[777]	validation_0-auc:0.71028
[778]	validation_0-auc:0.71028
[779]	validation_0-auc:0.71028
[780]	validation_0-auc:0.71028
[781]	validation_0-auc:0.71027
[782]	validation_0-auc:0.71027
[783]	validation_0-auc:0.71027
[784]	validation_0-auc:0.71027
[785]	validation_0-auc:0.71027
[786]	validation_0-auc:0.71027
[787]	validation_0-auc:0.71027
[788]	validation_0-auc:0.71027
[789]	validation_0-auc:0.71027
[790]	validation_0-auc:0.71027
[791]	validation_0-auc:0.71027
[792]	validation_0-auc:0.71027
[793]	validation_0-auc:0.71027
[794]	validation_0-auc:0.71028
[795]	validation_0-auc:0.71028
[796]	validation_0-auc:0.71028
[797]	validation_0-auc:0.71028
[798]	validation_0-auc:0.71028
[799]	validation_0-auc:0.71028
[800]	validation_0-auc:0.71029
[801]	validation_0-auc:0.71029
[802]	validation_0-auc:0.71028
[803]	validation_0-auc:0.71028
[804]	validation_0-auc:0.71029
[805]	validation_0-auc:0.71029
[806]	validation_0-auc:0.71029
[807]	validation_0-auc:0.71029
[808]	validation_0-auc:0.71029
[809]	validation_0-auc:0.71029
[810]	validation_0-auc:0.71029
[811]	validation_0-auc:0.71029
[812]	validation_0-auc:0.71029
[813]	validation_0-auc:0.71029
[814]	validation_0-auc:0.71029
[815]	validation_0-auc:0.71028
[816]	validation_0-auc:0.71027
[817]	validation_0-auc:0.71027
[818]	validation_0-auc:0.71027
[819]	validation_0-auc:0.71027
[820]	validation_0-auc:0.71027
[821]	validation_0-auc:0.71027
[822]	validation_0-auc:0.71027
[823]	validation_0-auc:0.71027
[824]	validation_0-auc:0.71027
[825]	validation_0-auc:0.71027
[826]	validation_0-auc:0.71027
[827]	validation_0-auc:0.71027
[828]	validation_0-auc:0.71027
[829]	validation_0-auc:0.71027
[830]	validation_0-auc:0.71027
[831]	validation_0-auc:0.71027
[832]	validation_0-auc:0.71027
[833]	validation_0-auc:0.71027
[834]	validation_0-auc:0.71026
[835]	validation_0-auc:0.71025
[836]	validation_0-auc:0.71026
[837]	validation_0-auc:0.71026
[838]	validation_0-auc:0.71026
[839]	validation_0-auc:0.71026
[840]	validation_0-auc:0.71026
[841]	validation_0-auc:0.71026
[842]	validation_0-auc:0.71026
[843]	validation_0-auc:0.71026
[844]	validation_0-auc:0.71026
[845]	validation_0-auc:0.71026
[846]	validation_0-auc:0.71027
[847]	validation_0-auc:0.71027
[848]	validation_0-auc:0.71027
[849]	validation_0-auc:0.71027
[850]	validation_0-auc:0.71027
[851]	validation_0-auc:0.71027
[852]	validation_0-auc:0.71027
[853]	validation_0-auc:0.71027
[854]	validation_0-auc:0.71028
[855]	validation_0-auc:0.71028
[856]	validation_0-auc:0.71028
[857]	validation_0-auc:0.71028
[858]	validation_0-auc:0.71028
[859]	validation_0-auc:0.71028
[860]	validation_0-auc:0.71028
[861]	validation_0-auc:0.71028
[862]	validation_0-auc:0.71028
[863]	validation_0-auc:0.71028
[864]	validation_0-auc:0.71028
[865]	validation_0-auc:0.71028
[866]	validation_0-auc:0.71028
[867]	validation_0-auc:0.71028
[868]	validation_0-auc:0.71028
[869]	validation_0-auc:0.71027
[870]	validation_0-auc:0.71028
[871]	validation_0-auc:0.71026
[872]	validation_0-auc:0.71026
[873]	validation_0-auc:0.71027
[874]	validation_0-auc:0.71026
[875]	validation_0-auc:0.71026
[876]	validation_0-auc:0.71026
[877]	validation_0-auc:0.71026
[878]	validation_0-auc:0.71026
[879]	validation_0-auc:0.71026
[880]	validation_0-auc:0.71026
[881]	validation_0-auc:0.71026
[882]	validation_0-auc:0.71026
[883]	validation_0-auc:0.71026
[884]	validation_0-auc:0.71026
[885]	validation_0-auc:0.71026
[886]	validation_0-auc:0.71026
[887]	validation_0-auc:0.71026
[888]	validation_0-auc:0.71026
[889]	validation_0-auc:0.71026
[890]	validation_0-auc:0.71026
[891]	validation_0-auc:0.71026
[892]	validation_0-auc:0.71026
[893]	validation_0-auc:0.71026
[894]	validation_0-auc:0.71026
[895]	validation_0-auc:0.71026
[896]	validation_0-auc:0.71026
[897]	validation_0-auc:0.71026
[898]	validation_0-auc:0.71026
[899]	validation_0-auc:0.71024
[900]	validation_0-auc:0.71024
[901]	validation_0-auc:0.71024
[902]	validation_0-auc:0.71024
[903]	validation_0-auc:0.71024
[904]	validation_0-auc:0.71024
[905]	validation_0-auc:0.71023
[906]	validation_0-auc:0.71023
[907]	validation_0-auc:0.71023
[908]	validation_0-auc:0.71024
[909]	validation_0-auc:0.71023
[910]	validation_0-auc:0.71023
[911]	validation_0-auc:0.71023
[912]	validation_0-auc:0.71023
[913]	validation_0-auc:0.71023
[914]	validation_0-auc:0.71023
[915]	validation_0-auc:0.71023
[916]	validation_0-auc:0.71023
[917]	validation_0-auc:0.71023
[918]	validation_0-auc:0.71023
[919]	validation_0-auc:0.71023
[920]	validation_0-auc:0.71023
[921]	validation_0-auc:0.71023
[922]	validation_0-auc:0.71023
[923]	validation_0-auc:0.71023
[924]	validation_0-auc:0.71023
[925]	validation_0-auc:0.71023
[926]	validation_0-auc:0.71023
[927]	validation_0-auc:0.71023
[928]	validation_0-auc:0.71023
[929]	validation_0-auc:0.71023
[930]	validation_0-auc:0.71023
[931]	validation_0-auc:0.71022
[932]	validation_0-auc:0.71022
[933]	validation_0-auc:0.71022
[934]	validation_0-auc:0.71022
[935]	validation_0-auc:0.71022
[936]	validation_0-auc:0.71022
[937]	validation_0-auc:0.71022
[938]	validation_0-auc:0.71022
[939]	validation_0-auc:0.71022
[940]	validation_0-auc:0.71022
[941]	validation_0-auc:0.71022
[942]	validation_0-auc:0.71022
[943]	validation_0-auc:0.71022
[944]	validation_0-auc:0.71022
[945]	validation_0-auc:0.71022
[946]	validation_0-auc:0.71022
[947]	validation_0-auc:0.71022
[948]	validation_0-auc:0.71022
[949]	validation_0-auc:0.71019
[950]	validation_0-auc:0.71019
[951]	validation_0-auc:0.71019
[952]	validation_0-auc:0.71019
[953]	validation_0-auc:0.71019
[954]	validation_0-auc:0.71019
[955]	validation_0-auc:0.71019
[956]	validation_0-auc:0.71020
[957]	validation_0-auc:0.71020
[958]	validation_0-auc:0.71020
[959]	validation_0-auc:0.71020
[960]	validation_0-auc:0.71020
[961]	validation_0-auc:0.71020
[962]	validation_0-auc:0.71019
[963]	validation_0-auc:0.71019
[964]	validation_0-auc:0.71019
[965]	validation_0-auc:0.71019
[966]	validation_0-auc:0.71019
[967]	validation_0-auc:0.71019
[968]	validation_0-auc:0.71019
[969]	validation_0-auc:0.71019
[970]	validation_0-auc:0.71020
[971]	validation_0-auc:0.71020
[972]	validation_0-auc:0.71020
[973]	validation_0-auc:0.71020
[974]	validation_0-auc:0.71020
[975]	validation_0-auc:0.71022
[976]	validation_0-auc:0.71022
[977]	validation_0-auc:0.71022
[978]	validation_0-auc:0.71022
[979]	validation_0-auc:0.71022
[980]	validation_0-auc:0.71022
[981]	validation_0-auc:0.71022
[982]	validation_0-auc:0.71022
[983]	validation_0-auc:0.71022
[984]	validation_0-auc:0.71022
[985]	validation_0-auc:0.71022
[986]	validation_0-auc:0.71022
[987]	validation_0-auc:0.71022
[988]	validation_0-auc:0.71022
[989]	validation_0-auc:0.71022
[990]	validation_0-auc:0.71022
[991]	validation_0-auc:0.71022
[992]	validation_0-auc:0.71022
[993]	validation_0-auc:0.71022
[994]	validation_0-auc:0.71021
[995]	validation_0-auc:0.71021
[996]	validation_0-auc:0.71021
[997]	validation_0-auc:0.71021
[998]	validation_0-auc:0.71022
[999]	validation_0-auc:0.71021
[1000]	validation_0-auc:0.71021
[1001]	validation_0-auc:0.71020
[1002]	validation_0-auc:0.71021
[1003]	validation_0-auc:0.71020
[1004]	validation_0-auc:0.71020
[1005]	validation_0-auc:0.71021
[1006]	validation_0-auc:0.71020
[1007]	validation_0-auc:0.71020
[1008]	validation_0-auc:0.71020
[1009]	validation_0-auc:0.71021
[1010]	validation_0-auc:0.71020
[1011]	validation_0-auc:0.71020
[1012]	validation_0-auc:0.71020
[1013]	validation_0-auc:0.71020
[1014]	validation_0-auc:0.71020
[1015]	validation_0-auc:0.71019
[1016]	validation_0-auc:0.71019
[1017]	validation_0-auc:0.71019
[1018]	validation_0-auc:0.71019
[1019]	validation_0-auc:0.71019
[1020]	validation_0-auc:0.71020
[1021]	validation_0-auc:0.71020
[1022]	validation_0-auc:0.71020
[1023]	validation_0-auc:0.71019
[1024]	validation_0-auc:0.71019
[1025]	validation_0-auc:0.71019
[1026]	validation_0-auc:0.71019
[1027]	validation_0-auc:0.71019
[1028]	validation_0-auc:0.71019
[1029]	validation_0-auc:0.71019
[1030]	validation_0-auc:0.71019
[1031]	validation_0-auc:0.71019
[1032]	validation_0-auc:0.71019
[1033]	validation_0-auc:0.71019
[1034]	validation_0-auc:0.71019
[1035]	validation_0-auc:0.71020
[1036]	validation_0-auc:0.71020
[1037]	validation_0-auc:0.71020
[1038]	validation_0-auc:0.71020
[1039]	validation_0-auc:0.71020
[1040]	validation_0-auc:0.71020
[1041]	validation_0-auc:0.71018
[1042]	validation_0-auc:0.71018
[1043]	validation_0-auc:0.71017
[1044]	validation_0-auc:0.71017
[1045]	validation_0-auc:0.71017
[1046]	validation_0-auc:0.71017
[1047]	validation_0-auc:0.71017
[1048]	validation_0-auc:0.71017
[1049]	validation_0-auc:0.71017
[1050]	validation_0-auc:0.71018
[1051]	validation_0-auc:0.71018
[1052]	validation_0-auc:0.71018
[1053]	validation_0-auc:0.71018
[1054]	validation_0-auc:0.71018
[1055]	validation_0-auc:0.71018
[1056]	validation_0-auc:0.71018
[1057]	validation_0-auc:0.71018
[1058]	validation_0-auc:0.71019
[1059]	validation_0-auc:0.71019
[1060]	validation_0-auc:0.71019
[1061]	validation_0-auc:0.71019
[1062]	validation_0-auc:0.71019
[1063]	validation_0-auc:0.71019
[1064]	validation_0-auc:0.71019
[1065]	validation_0-auc:0.71019
[1066]	validation_0-auc:0.71019
[1067]	validation_0-auc:0.71019
[1068]	validation_0-auc:0.71019
[1069]	validation_0-auc:0.71019
[1070]	validation_0-auc:0.71019
[1071]	validation_0-auc:0.71019
[1072]	validation_0-auc:0.71019
[1073]	validation_0-auc:0.71019
[1074]	validation_0-auc:0.71019
[1075]	validation_0-auc:0.71019
[1076]	validation_0-auc:0.71019
[1077]	validation_0-auc:0.71019
[1078]	validation_0-auc:0.71019
[1079]	validation_0-auc:0.71019
[1080]	validation_0-auc:0.71019
[1081]	validation_0-auc:0.71020
[1082]	validation_0-auc:0.71020
[1083]	validation_0-auc:0.71020
[1084]	validation_0-auc:0.71019
[1085]	validation_0-auc:0.71019
[1086]	validation_0-auc:0.71020
[1087]	validation_0-auc:0.71017
[1088]	validation_0-auc:0.71017
[1089]	validation_0-auc:0.71017
[1090]	validation_0-auc:0.71017
[1091]	validation_0-auc:0.71017
[1092]	validation_0-auc:0.71017
[1093]	validation_0-auc:0.71017
[1094]	validation_0-auc:0.71017
[1095]	validation_0-auc:0.71017
[1096]	validation_0-auc:0.71017
[1097]	validation_0-auc:0.71017
[1098]	validation_0-auc:0.71017
[1099]	validation_0-auc:0.71017
[1100]	validation_0-auc:0.71017
[1101]	validation_0-auc:0.71009
[1102]	validation_0-auc:0.71008
[1103]	validation_0-auc:0.71007
[1104]	validation_0-auc:0.71007
[1105]	validation_0-auc:0.71007
[1106]	validation_0-auc:0.71007
[1107]	validation_0-auc:0.71007
[1108]	validation_0-auc:0.71007
[1109]	validation_0-auc:0.71007
[1110]	validation_0-auc:0.71008
[1111]	validation_0-auc:0.71008
[1112]	validation_0-auc:0.71008
[1113]	validation_0-auc:0.71007
[1114]	validation_0-auc:0.71007
[1115]	validation_0-auc:0.71007
[1116]	validation_0-auc:0.71008
[1117]	validation_0-auc:0.71008
[1118]	validation_0-auc:0.71008
[1119]	validation_0-auc:0.71008
[1120]	validation_0-auc:0.71008
[1121]	validation_0-auc:0.71008
[1122]	validation_0-auc:0.71008
[1123]	validation_0-auc:0.71008
[1124]	validation_0-auc:0.71008
[1125]	validation_0-auc:0.71008
[1126]	validation_0-auc:0.71008
[1127]	validation_0-auc:0.71008
[1128]	validation_0-auc:0.71008
[1129]	validation_0-auc:0.71008
[1130]	validation_0-auc:0.71009
[1131]	validation_0-auc:0.71009
[1132]	validation_0-auc:0.71009
[1133]	validation_0-auc:0.71009
[1134]	validation_0-auc:0.71009
[1135]	validation_0-auc:0.71009
[1136]	validation_0-auc:0.71009
[1137]	validation_0-auc:0.71009
[1138]	validation_0-auc:0.71009
[1139]	validation_0-auc:0.71009
[1140]	validation_0-auc:0.71009
[1141]	validation_0-auc:0.71009
[1142]	validation_0-auc:0.71009
[1143]	validation_0-auc:0.71009
[1144]	validation_0-auc:0.71009
[1145]	validation_0-auc:0.71009
[1146]	validation_0-auc:0.71009
[1147]	validation_0-auc:0.71009
[1148]	validation_0-auc:0.71009
[1149]	validation_0-auc:0.71008
[1150]	validation_0-auc:0.71008
[1151]	validation_0-auc:0.71008
[1152]	validation_0-auc:0.71008
[1153]	validation_0-auc:0.71008
[1154]	validation_0-auc:0.71005
[1155]	validation_0-auc:0.71004
[1156]	validation_0-auc:0.71004
[1157]	validation_0-auc:0.71004
[1158]	validation_0-auc:0.71004
[1159]	validation_0-auc:0.71005
[1160]	validation_0-auc:0.71005
[1161]	validation_0-auc:0.71005
[1162]	validation_0-auc:0.71005
[1163]	validation_0-auc:0.71005
[1164]	validation_0-auc:0.71003
[1165]	validation_0-auc:0.71003
[1166]	validation_0-auc:0.71003
[1167]	validation_0-auc:0.71003
[1168]	validation_0-auc:0.71003
[1169]	validation_0-auc:0.71003
[1170]	validation_0-auc:0.71001
[1171]	validation_0-auc:0.71001
[1172]	validation_0-auc:0.71001
[1173]	validation_0-auc:0.71001
[1174]	validation_0-auc:0.71000
[1175]	validation_0-auc:0.71000
[1176]	validation_0-auc:0.71000
[1177]	validation_0-auc:0.71001
[1178]	validation_0-auc:0.71001
[1179]	validation_0-auc:0.71001
[1180]	validation_0-auc:0.71001
[1181]	validation_0-auc:0.71001
[1182]	validation_0-auc:0.71001
[1183]	validation_0-auc:0.71001
[1184]	validation_0-auc:0.71001
[1185]	validation_0-auc:0.71001
[1186]	validation_0-auc:0.71001
[1187]	validation_0-auc:0.71001
[1188]	validation_0-auc:0.71001
[1189]	validation_0-auc:0.71001
[1190]	validation_0-auc:0.71001
[1191]	validation_0-auc:0.71001
[1192]	validation_0-auc:0.71002
[1193]	validation_0-auc:0.71002
[1194]	validation_0-auc:0.71002
[1195]	validation_0-auc:0.71002
[1196]	validation_0-auc:0.71002
[1197]	validation_0-auc:0.71002
[1198]	validation_0-auc:0.71002
[1199]	validation_0-auc:0.71002
[1200]	validation_0-auc:0.71003
[1201]	validation_0-auc:0.71002
[1202]	validation_0-auc:0.71002
[1203]	validation_0-auc:0.71002
[1204]	validation_0-auc:0.71002
[1205]	validation_0-auc:0.71002
[1206]	validation_0-auc:0.71002
[1207]	validation_0-auc:0.71002
[1208]	validation_0-auc:0.71003
[1209]	validation_0-auc:0.71003
[1210]	validation_0-auc:0.71003
[1211]	validation_0-auc:0.71003
[1212]	validation_0-auc:0.71003
[1213]	validation_0-auc:0.71003
[1214]	validation_0-auc:0.71003
[1215]	validation_0-auc:0.71002
[1216]	validation_0-auc:0.71001
[1217]	validation_0-auc:0.71001
[1218]	validation_0-auc:0.71001
[1219]	validation_0-auc:0.71001
[1220]	validation_0-auc:0.70999
[1221]	validation_0-auc:0.70998
[1222]	validation_0-auc:0.70998
[1223]	validation_0-auc:0.70996
[1224]	validation_0-auc:0.70995
[1225]	validation_0-auc:0.70995
[1226]	validation_0-auc:0.70995
[1227]	validation_0-auc:0.70995
[1228]	validation_0-auc:0.70995
[1229]	validation_0-auc:0.70995
[1230]	validation_0-auc:0.70995
[1231]	validation_0-auc:0.70995
[1232]	validation_0-auc:0.70995
[1233]	validation_0-auc:0.70995
[1234]	validation_0-auc:0.70995
[1235]	validation_0-auc:0.70995
[1236]	validation_0-auc:0.70995
[1237]	validation_0-auc:0.70995
[1238]	validation_0-auc:0.70995
[1239]	validation_0-auc:0.70995
[1240]	validation_0-auc:0.70996
[1241]	validation_0-auc:0.70996
[1242]	validation_0-auc:0.70996
[1243]	validation_0-auc:0.70996
[1244]	validation_0-auc:0.70996
[1245]	validation_0-auc:0.70996
[1246]	validation_0-auc:0.70996
[1247]	validation_0-auc:0.70996
[1248]	validation_0-auc:0.70996
[1249]	validation_0-auc:0.70996
[1250]	validation_0-auc:0.70996
[1251]	validation_0-auc:0.70996
[1252]	validation_0-auc:0.70996
[1253]	validation_0-auc:0.70994
[1254]	validation_0-auc:0.70994
[1255]	validation_0-auc:0.70994
[1256]	validation_0-auc:0.70993
[1257]	validation_0-auc:0.70994
[1258]	validation_0-auc:0.70996
[1259]	validation_0-auc:0.70996
[1260]	validation_0-auc:0.70998
[1261]	validation_0-auc:0.70998
[1262]	validation_0-auc:0.70998
[1263]	validation_0-auc:0.70995
[1264]	validation_0-auc:0.70995
[1265]	validation_0-auc:0.70995
[1266]	validation_0-auc:0.70996
[1267]	validation_0-auc:0.70995
[1268]	validation_0-auc:0.70996
[1269]	validation_0-auc:0.70995
[1270]	validation_0-auc:0.70995
[1271]	validation_0-auc:0.70995
[1272]	validation_0-auc:0.70995
[1273]	validation_0-auc:0.70995
[1274]	validation_0-auc:0.70995
[1275]	validation_0-auc:0.70995
[1276]	validation_0-auc:0.70995
[1277]	validation_0-auc:0.70995
[1278]	validation_0-auc:0.70995
[1279]	validation_0-auc:0.70995
[1280]	validation_0-auc:0.70995
[1281]	validation_0-auc:0.70994
[1282]	validation_0-auc:0.70995
[1283]	validation_0-auc:0.70995
[1284]	validation_0-auc:0.70995
[1285]	validation_0-auc:0.70995
[1286]	validation_0-auc:0.70995
[1287]	validation_0-auc:0.70995
[1288]	validation_0-auc:0.70995
[1289]	validation_0-auc:0.70995
[1290]	validation_0-auc:0.70995
[1291]	validation_0-auc:0.70995
[1292]	validation_0-auc:0.70994
[1293]	validation_0-auc:0.70994
[1294]	validation_0-auc:0.70994
[1295]	validation_0-auc:0.70993
[1296]	validation_0-auc:0.70993
[1297]	validation_0-auc:0.70993
[1298]	validation_0-auc:0.70993
[1299]	validation_0-auc:0.70993
[1300]	validation_0-auc:0.70993
[1301]	validation_0-auc:0.70993
[1302]	validation_0-auc:0.70994
[1303]	validation_0-auc:0.70994
[1304]	validation_0-auc:0.70994
[1305]	validation_0-auc:0.70993
[1306]	validation_0-auc:0.70992
[1307]	validation_0-auc:0.70992
[1308]	validation_0-auc:0.70992
[1309]	validation_0-auc:0.70991
[1310]	validation_0-auc:0.70991
[1311]	validation_0-auc:0.70991
[1312]	validation_0-auc:0.70991
[1313]	validation_0-auc:0.70991
[1314]	validation_0-auc:0.70991
[1315]	validation_0-auc:0.70991
[1316]	validation_0-auc:0.70991
[1317]	validation_0-auc:0.70990
[1318]	validation_0-auc:0.70990
[1319]	validation_0-auc:0.70990
[1320]	validation_0-auc:0.70990
[1321]	validation_0-auc:0.70990
[1322]	validation_0-auc:0.70990
[1323]	validation_0-auc:0.70990
[1324]	validation_0-auc:0.70990
[1325]	validation_0-auc:0.70990
[1326]	validation_0-auc:0.70990
[1327]	validation_0-auc:0.70990
[1328]	validation_0-auc:0.70990
[1329]	validation_0-auc:0.70990
[1330]	validation_0-auc:0.70990
[1331]	validation_0-auc:0.70990
[1332]	validation_0-auc:0.70990
[1333]	validation_0-auc:0.70990
[1334]	validation_0-auc:0.70990
[1335]	validation_0-auc:0.70990
[1336]	validation_0-auc:0.70990
[1337]	validation_0-auc:0.70991
[1338]	validation_0-auc:0.70991
[1339]	validation_0-auc:0.70991
[1340]	validation_0-auc:0.70990
[1341]	validation_0-auc:0.70990
[1342]	validation_0-auc:0.70990
[1343]	validation_0-auc:0.70990
[1344]	validation_0-auc:0.70990
[1345]	validation_0-auc:0.70990
[1346]	validation_0-auc:0.70990
[1347]	validation_0-auc:0.70990
[1348]	validation_0-auc:0.70990
[1349]	validation_0-auc:0.70990
[1350]	validation_0-auc:0.70990
[1351]	validation_0-auc:0.70990
[1352]	validation_0-auc:0.70990
[1353]	validation_0-auc:0.70990
[1354]	validation_0-auc:0.70990
[1355]	validation_0-auc:0.70990
[1356]	validation_0-auc:0.70990
[1357]	validation_0-auc:0.70990
[1358]	validation_0-auc:0.70990
[1359]	validation_0-auc:0.70990
[1360]	validation_0-auc:0.70990
[1361]	validation_0-auc:0.70990
[1362]	validation_0-auc:0.70990
[1363]	validation_0-auc:0.70990
[1364]	validation_0-auc:0.70990
[1365]	validation_0-auc:0.70990
[1366]	validation_0-auc:0.70990
[1367]	validation_0-auc:0.70990
[1368]	validation_0-auc:0.70991
[1369]	validation_0-auc:0.70991
[1370]	validation_0-auc:0.70991
[1371]	validation_0-auc:0.70990
[1372]	validation_0-auc:0.70991
[1373]	validation_0-auc:0.70991
[1374]	validation_0-auc:0.70991
[1375]	validation_0-auc:0.70991
[1376]	validation_0-auc:0.70991
[1377]	validation_0-auc:0.70991
[1378]	validation_0-auc:0.70991
[1379]	validation_0-auc:0.70991
[1380]	validation_0-auc:0.70991
[1381]	validation_0-auc:0.70991
[1382]	validation_0-auc:0.70991
[1383]	validation_0-auc:0.70991
[1384]	validation_0-auc:0.70991
[1385]	validation_0-auc:0.70991
[1386]	validation_0-auc:0.70991
[1387]	validation_0-auc:0.70991
[1388]	validation_0-auc:0.70991
[1389]	validation_0-auc:0.70991
[1390]	validation_0-auc:0.70991
[1391]	validation_0-auc:0.70991
[1392]	validation_0-auc:0.70988
[1393]	validation_0-auc:0.70988
[1394]	validation_0-auc:0.70989
[1395]	validation_0-auc:0.70989
[1396]	validation_0-auc:0.70989
[1397]	validation_0-auc:0.70988
[1398]	validation_0-auc:0.70988
[1399]	validation_0-auc:0.70988
[1400]	validation_0-auc:0.70989
[1401]	validation_0-auc:0.70989
[1402]	validation_0-auc:0.70989
[1403]	validation_0-auc:0.70988
[1404]	validation_0-auc:0.70988
[1405]	validation_0-auc:0.70988
[1406]	validation_0-auc:0.70988
[1407]	validation_0-auc:0.70988
[1408]	validation_0-auc:0.70988
[1409]	validation_0-auc:0.70988
[1410]	validation_0-auc:0.70987
[1411]	validation_0-auc:0.70987
[1412]	validation_0-auc:0.70987
[1413]	validation_0-auc:0.70987
[1414]	validation_0-auc:0.70988
[1415]	validation_0-auc:0.70988
[1416]	validation_0-auc:0.70988
[1417]	validation_0-auc:0.70988
[1418]	validation_0-auc:0.70987
[1419]	validation_0-auc:0.70987
[1420]	validation_0-auc:0.70987
[1421]	validation_0-auc:0.70985
[1422]	validation_0-auc:0.70985
[1423]	validation_0-auc:0.70986
[1424]	validation_0-auc:0.70985
[1425]	validation_0-auc:0.70985
[1426]	validation_0-auc:0.70985
[1427]	validation_0-auc:0.70985
[1428]	validation_0-auc:0.70985
[1429]	validation_0-auc:0.70985
[1430]	validation_0-auc:0.70985
[1431]	validation_0-auc:0.70985
[1432]	validation_0-auc:0.70985
[1433]	validation_0-auc:0.70983
[1434]	validation_0-auc:0.70983
[1435]	validation_0-auc:0.70983
[1436]	validation_0-auc:0.70983
[1437]	validation_0-auc:0.70983
[1438]	validation_0-auc:0.70983
[1439]	validation_0-auc:0.70983
[1440]	validation_0-auc:0.70983
[1441]	validation_0-auc:0.70983
[1442]	validation_0-auc:0.70984
[1443]	validation_0-auc:0.70984
[1444]	validation_0-auc:0.70984
[1445]	validation_0-auc:0.70984
[1446]	validation_0-auc:0.70984
[1447]	validation_0-auc:0.70984
[1448]	validation_0-auc:0.70984
[1449]	validation_0-auc:0.70984
[1450]	validation_0-auc:0.70984
[1451]	validation_0-auc:0.70984
[1452]	validation_0-auc:0.70984
[1453]	validation_0-auc:0.70984
[1454]	validation_0-auc:0.70984
[1455]	validation_0-auc:0.70984
[1456]	validation_0-auc:0.70984
[1457]	validation_0-auc:0.70984
[1458]	validation_0-auc:0.70984
[1459]	validation_0-auc:0.70984
[1460]	validation_0-auc:0.70984
[1461]	validation_0-auc:0.70984
[1462]	validation_0-auc:0.70983
[1463]	validation_0-auc:0.70983
[1464]	validation_0-auc:0.70983
[1465]	validation_0-auc:0.70983
[1466]	validation_0-auc:0.70983
[1467]	validation_0-auc:0.70983
[1468]	validation_0-auc:0.70983
[1469]	validation_0-auc:0.70983
[1470]	validation_0-auc:0.70983
[1471]	validation_0-auc:0.70983
[1472]	validation_0-auc:0.70983
[1473]	validation_0-auc:0.70983
[1474]	validation_0-auc:0.70983
[1475]	validation_0-auc:0.70984
[1476]	validation_0-auc:0.70984
[1477]	validation_0-auc:0.70984
[1478]	validation_0-auc:0.70984
[1479]	validation_0-auc:0.70984
[1480]	validation_0-auc:0.70984
[1481]	validation_0-auc:0.70984
[1482]	validation_0-auc:0.70982
[1483]	validation_0-auc:0.70982
[1484]	validation_0-auc:0.70981
[1485]	validation_0-auc:0.70981
[1486]	validation_0-auc:0.70982
[1487]	validation_0-auc:0.70981
[1488]	validation_0-auc:0.70982
[1489]	validation_0-auc:0.70984
[1490]	validation_0-auc:0.70984
[1491]	validation_0-auc:0.70984
[1492]	validation_0-auc:0.70984
[1493]	validation_0-auc:0.70984
[1494]	validation_0-auc:0.70984
[1495]	validation_0-auc:0.70984
[1496]	validation_0-auc:0.70984
[1497]	validation_0-auc:0.70984
[1498]	validation_0-auc:0.70984
[1499]	validation_0-auc:0.70980
[1500]	validation_0-auc:0.70983
[1501]	validation_0-auc:0.70983
[1502]	validation_0-auc:0.70983
[1503]	validation_0-auc:0.70983
[1504]	validation_0-auc:0.70983
[1505]	validation_0-auc:0.70983
[1506]	validation_0-auc:0.70983
[1507]	validation_0-auc:0.70983
[1508]	validation_0-auc:0.70984
[1509]	validation_0-auc:0.70984
[1510]	validation_0-auc:0.70981
[1511]	validation_0-auc:0.70981
[1512]	validation_0-auc:0.70981
[1513]	validation_0-auc:0.70981
[1514]	validation_0-auc:0.70981
[1515]	validation_0-auc:0.70981
[1516]	validation_0-auc:0.70981
[1517]	validation_0-auc:0.70981
[1518]	validation_0-auc:0.70981
[1519]	validation_0-auc:0.70981
[1520]	validation_0-auc:0.70981
[1521]	validation_0-auc:0.70981
[1522]	validation_0-auc:0.70981
[1523]	validation_0-auc:0.70981
[1524]	validation_0-auc:0.70984
[1525]	validation_0-auc:0.70984
[1526]	validation_0-auc:0.70984
[1527]	validation_0-auc:0.70984
[1528]	validation_0-auc:0.70984
[1529]	validation_0-auc:0.70984
[1530]	validation_0-auc:0.70984
[1531]	validation_0-auc:0.70984
[1532]	validation_0-auc:0.70984
[1533]	validation_0-auc:0.70985
[1534]	validation_0-auc:0.70982
[1535]	validation_0-auc:0.70982
[1536]	validation_0-auc:0.70982
[1537]	validation_0-auc:0.70982
[1538]	validation_0-auc:0.70982
[1539]	validation_0-auc:0.70982
[1540]	validation_0-auc:0.70982
[1541]	validation_0-auc:0.70982
[1542]	validation_0-auc:0.70982
[1543]	validation_0-auc:0.70982
[1544]	validation_0-auc:0.70979
[1545]	validation_0-auc:0.70979
[1546]	validation_0-auc:0.70979
[1547]	validation_0-auc:0.70979
[1548]	validation_0-auc:0.70979
[1549]	validation_0-auc:0.70979
[1550]	validation_0-auc:0.70978
[1551]	validation_0-auc:0.70978
[1552]	validation_0-auc:0.70978
[1553]	validation_0-auc:0.70978
[1554]	validation_0-auc:0.70978
[1555]	validation_0-auc:0.70978
[1556]	validation_0-auc:0.70978
[1557]	validation_0-auc:0.70978
[1558]	validation_0-auc:0.70978
[1559]	validation_0-auc:0.70979
[1560]	validation_0-auc:0.70979
[1561]	validation_0-auc:0.70979
[1562]	validation_0-auc:0.70979
[1563]	validation_0-auc:0.70979
[1564]	validation_0-auc:0.70979
[1565]	validation_0-auc:0.70979
[1566]	validation_0-auc:0.70979
[1567]	validation_0-auc:0.70979
[1568]	validation_0-auc:0.70979
[1569]	validation_0-auc:0.70979
[1570]	validation_0-auc:0.70979
[1571]	validation_0-auc:0.70979
[1572]	validation_0-auc:0.70979
[1573]	validation_0-auc:0.70979
[1574]	validation_0-auc:0.70979
[1575]	validation_0-auc:0.70979
[1576]	validation_0-auc:0.70979
[1577]	validation_0-auc:0.70979
[1578]	validation_0-auc:0.70979
[1579]	validation_0-auc:0.70979
[1580]	validation_0-auc:0.70979
[1581]	validation_0-auc:0.70979
[1582]	validation_0-auc:0.70979
[1583]	validation_0-auc:0.70980
[1584]	validation_0-auc:0.70979
[1585]	validation_0-auc:0.70979
[1586]	validation_0-auc:0.70979
[1587]	validation_0-auc:0.70979
[1588]	validation_0-auc:0.70979
[1589]	validation_0-auc:0.70972
[1590]	validation_0-auc:0.70972
[1591]	validation_0-auc:0.70972
[1592]	validation_0-auc:0.70972
[1593]	validation_0-auc:0.70972
[1594]	validation_0-auc:0.70972
[1595]	validation_0-auc:0.70972
[1596]	validation_0-auc:0.70972
[1597]	validation_0-auc:0.70972
[1598]	validation_0-auc:0.70972
[1599]	validation_0-auc:0.70973
[1600]	validation_0-auc:0.70973
[1601]	validation_0-auc:0.70973
[1602]	validation_0-auc:0.70973
[1603]	validation_0-auc:0.70973
[1604]	validation_0-auc:0.70973
[1605]	validation_0-auc:0.70973
[1606]	validation_0-auc:0.70971
[1607]	validation_0-auc:0.70971
[1608]	validation_0-auc:0.70971
[1609]	validation_0-auc:0.70971
[1610]	validation_0-auc:0.70971
[1611]	validation_0-auc:0.70971
[1612]	validation_0-auc:0.70971
[1613]	validation_0-auc:0.70971
[1614]	validation_0-auc:0.70971
[1615]	validation_0-auc:0.70971
[1616]	validation_0-auc:0.70971
[1617]	validation_0-auc:0.70972
[1618]	validation_0-auc:0.70971
[1619]	validation_0-auc:0.70970
[1620]	validation_0-auc:0.70970
[1621]	validation_0-auc:0.70970
[1622]	validation_0-auc:0.70970
[1623]	validation_0-auc:0.70967
[1624]	validation_0-auc:0.70967
[1625]	validation_0-auc:0.70967
[1626]	validation_0-auc:0.70967
[1627]	validation_0-auc:0.70967
[1628]	validation_0-auc:0.70967
[1629]	validation_0-auc:0.70968
[1630]	validation_0-auc:0.70969
[1631]	validation_0-auc:0.70969
[1632]	validation_0-auc:0.70969
[1633]	validation_0-auc:0.70966
[1634]	validation_0-auc:0.70966
[1635]	validation_0-auc:0.70966
[1636]	validation_0-auc:0.70966
[1637]	validation_0-auc:0.70966
[1638]	validation_0-auc:0.70966
[1639]	validation_0-auc:0.70966
[1640]	validation_0-auc:0.70966
[1641]	validation_0-auc:0.70966
[1642]	validation_0-auc:0.70966
[1643]	validation_0-auc:0.70966
[1644]	validation_0-auc:0.70967
[1645]	validation_0-auc:0.70966
[1646]	validation_0-auc:0.70966
[1647]	validation_0-auc:0.70966
[1648]	validation_0-auc:0.70966
[1649]	validation_0-auc:0.70966
[1650]	validation_0-auc:0.70966
[1651]	validation_0-auc:0.70966
[1652]	validation_0-auc:0.70966
[1653]	validation_0-auc:0.70966
[1654]	validation_0-auc:0.70966
[1655]	validation_0-auc:0.70965
[1656]	validation_0-auc:0.70966
[1657]	validation_0-auc:0.70966
[1658]	validation_0-auc:0.70966
[1659]	validation_0-auc:0.70966
[1660]	validation_0-auc:0.70966
[1661]	validation_0-auc:0.70967
[1662]	validation_0-auc:0.70966
[1663]	validation_0-auc:0.70966
[1664]	validation_0-auc:0.70966
[1665]	validation_0-auc:0.70966
[1666]	validation_0-auc:0.70966
[1667]	validation_0-auc:0.70965
[1668]	validation_0-auc:0.70965
[1669]	validation_0-auc:0.70965
[1670]	validation_0-auc:0.70965
[1671]	validation_0-auc:0.70966
[1672]	validation_0-auc:0.70966
[1673]	validation_0-auc:0.70966
[1674]	validation_0-auc:0.70966
[1675]	validation_0-auc:0.70966
[1676]	validation_0-auc:0.70966
[1677]	validation_0-auc:0.70966
[1678]	validation_0-auc:0.70966
[1679]	validation_0-auc:0.70966
[1680]	validation_0-auc:0.70967
[1681]	validation_0-auc:0.70967
[1682]	validation_0-auc:0.70967
[1683]	validation_0-auc:0.70967
[1684]	validation_0-auc:0.70967
[1685]	validation_0-auc:0.70966
[1686]	validation_0-auc:0.70966
[1687]	validation_0-auc:0.70966
[1688]	validation_0-auc:0.70966
[1689]	validation_0-auc:0.70967
[1690]	validation_0-auc:0.70966
[1691]	validation_0-auc:0.70966
[1692]	validation_0-auc:0.70966
[1693]	validation_0-auc:0.70965
[1694]	validation_0-auc:0.70966
[1695]	validation_0-auc:0.70966
[1696]	validation_0-auc:0.70966
[1697]	validation_0-auc:0.70966
[1698]	validation_0-auc:0.70967
[1699]	validation_0-auc:0.70967
[1700]	validation_0-auc:0.70967
[1701]	validation_0-auc:0.70966
[1702]	validation_0-auc:0.70966
[1703]	validation_0-auc:0.70966
[1704]	validation_0-auc:0.70966
[1705]	validation_0-auc:0.70966
[1706]	validation_0-auc:0.70966
[1707]	validation_0-auc:0.70966
[1708]	validation_0-auc:0.70966
[1709]	validation_0-auc:0.70966
[1710]	validation_0-auc:0.70966
[1711]	validation_0-auc:0.70966
[1712]	validation_0-auc:0.70966
[1713]	validation_0-auc:0.70966
[1714]	validation_0-auc:0.70966
[1715]	validation_0-auc:0.70966
[1716]	validation_0-auc:0.70966
[1717]	validation_0-auc:0.70966
[1718]	validation_0-auc:0.70966
[1719]	validation_0-auc:0.70966
[1720]	validation_0-auc:0.70965
[1721]	validation_0-auc:0.70966
[1722]	validation_0-auc:0.70965
[1723]	validation_0-auc:0.70965
[1724]	validation_0-auc:0.70965
[1725]	validation_0-auc:0.70965
[1726]	validation_0-auc:0.70965
[1727]	validation_0-auc:0.70965
[1728]	validation_0-auc:0.70965
[1729]	validation_0-auc:0.70965
[1730]	validation_0-auc:0.70965
[1731]	validation_0-auc:0.70966
[1732]	validation_0-auc:0.70966
[1733]	validation_0-auc:0.70966
[1734]	validation_0-auc:0.70966
[1735]	validation_0-auc:0.70966
[1736]	validation_0-auc:0.70966
[1737]	validation_0-auc:0.70966
[1738]	validation_0-auc:0.70966
[1739]	validation_0-auc:0.70966
[1740]	validation_0-auc:0.70966
[1741]	validation_0-auc:0.70966
[1742]	validation_0-auc:0.70966
[1743]	validation_0-auc:0.70966
[1744]	validation_0-auc:0.70962
[1745]	validation_0-auc:0.70960
[1746]	validation_0-auc:0.70960
[1747]	validation_0-auc:0.70960
[1748]	validation_0-auc:0.70960
[1749]	validation_0-auc:0.70960
[1750]	validation_0-auc:0.70960
[1751]	validation_0-auc:0.70960
[1752]	validation_0-auc:0.70960
[1753]	validation_0-auc:0.70960
[1754]	validation_0-auc:0.70960
[1755]	validation_0-auc:0.70960
[1756]	validation_0-auc:0.70959
[1757]	validation_0-auc:0.70959
[1758]	validation_0-auc:0.70959
[1759]	validation_0-auc:0.70959
[1760]	validation_0-auc:0.70959
[1761]	validation_0-auc:0.70960
[1762]	validation_0-auc:0.70961
[1763]	validation_0-auc:0.70961
[1764]	validation_0-auc:0.70961
[1765]	validation_0-auc:0.70961
[1766]	validation_0-auc:0.70961
[1767]	validation_0-auc:0.70961
[1768]	validation_0-auc:0.70961
[1769]	validation_0-auc:0.70960
[1770]	validation_0-auc:0.70961
[1771]	validation_0-auc:0.70961
[1772]	validation_0-auc:0.70961
[1773]	validation_0-auc:0.70961
[1774]	validation_0-auc:0.70961
[1775]	validation_0-auc:0.70961
[1776]	validation_0-auc:0.70961
[1777]	validation_0-auc:0.70961
[1778]	validation_0-auc:0.70961
[1779]	validation_0-auc:0.70961
[1780]	validation_0-auc:0.70961
[1781]	validation_0-auc:0.70958
[1782]	validation_0-auc:0.70958
[1783]	validation_0-auc:0.70958
[1784]	validation_0-auc:0.70958
[1785]	validation_0-auc:0.70958
[1786]	validation_0-auc:0.70958
[1787]	validation_0-auc:0.70958
[1788]	validation_0-auc:0.70958
[1789]	validation_0-auc:0.70958
[1790]	validation_0-auc:0.70959
[1791]	validation_0-auc:0.70959
[1792]	validation_0-auc:0.70959
[1793]	validation_0-auc:0.70958
[1794]	validation_0-auc:0.70958
[1795]	validation_0-auc:0.70958
[1796]	validation_0-auc:0.70958
[1797]	validation_0-auc:0.70958
[1798]	validation_0-auc:0.70958
[1799]	validation_0-auc:0.70958
[1800]	validation_0-auc:0.70958
[1801]	validation_0-auc:0.70958
[1802]	validation_0-auc:0.70958
[1803]	validation_0-auc:0.70958
[1804]	validation_0-auc:0.70958
[1805]	validation_0-auc:0.70958
[1806]	validation_0-auc:0.70958
[1807]	validation_0-auc:0.70958
[1808]	validation_0-auc:0.70958
[1809]	validation_0-auc:0.70958
[1810]	validation_0-auc:0.70958
[1811]	validation_0-auc:0.70958
[1812]	validation_0-auc:0.70958
[1813]	validation_0-auc:0.70958
[1814]	validation_0-auc:0.70958
[1815]	validation_0-auc:0.70958
[1816]	validation_0-auc:0.70958
[1817]	validation_0-auc:0.70958
[1818]	validation_0-auc:0.70958
[1819]	validation_0-auc:0.70958
[1820]	validation_0-auc:0.70958
[1821]	validation_0-auc:0.70958
[1822]	validation_0-auc:0.70958
[1823]	validation_0-auc:0.70958
[1824]	validation_0-auc:0.70958
[1825]	validation_0-auc:0.70958
[1826]	validation_0-auc:0.70958
[1827]	validation_0-auc:0.70958
[1828]	validation_0-auc:0.70957
[1829]	validation_0-auc:0.70957
[1830]	validation_0-auc:0.70957
[1831]	validation_0-auc:0.70957
[1832]	validation_0-auc:0.70958
[1833]	validation_0-auc:0.70958
[1834]	validation_0-auc:0.70958
[1835]	validation_0-auc:0.70958
[1836]	validation_0-auc:0.70958
[1837]	validation_0-auc:0.70958
[1838]	validation_0-auc:0.70958
[1839]	validation_0-auc:0.70958
[1840]	validation_0-auc:0.70957
[1841]	validation_0-auc:0.70957
[1842]	validation_0-auc:0.70957
[1843]	validation_0-auc:0.70957
[1844]	validation_0-auc:0.70957
[1845]	validation_0-auc:0.70957
[1846]	validation_0-auc:0.70957
[1847]	validation_0-auc:0.70957
[1848]	validation_0-auc:0.70957
[1849]	validation_0-auc:0.70957
[1850]	validation_0-auc:0.70957
[1851]	validation_0-auc:0.70957
[1852]	validation_0-auc:0.70957
[1853]	validation_0-auc:0.70957
[1854]	validation_0-auc:0.70957
[1855]	validation_0-auc:0.70957
[1856]	validation_0-auc:0.70957
[1857]	validation_0-auc:0.70957
[1858]	validation_0-auc:0.70957
[1859]	validation_0-auc:0.70957
[1860]	validation_0-auc:0.70957
[1861]	validation_0-auc:0.70957
[1862]	validation_0-auc:0.70957
[1863]	validation_0-auc:0.70957
[1864]	validation_0-auc:0.70957
[1865]	validation_0-auc:0.70957
[1866]	validation_0-auc:0.70957
[1867]	validation_0-auc:0.70957
[1868]	validation_0-auc:0.70957
[1869]	validation_0-auc:0.70957
[1870]	validation_0-auc:0.70957
[1871]	validation_0-auc:0.70957
[1872]	validation_0-auc:0.70957
[1873]	validation_0-auc:0.70957
[1874]	validation_0-auc:0.70957
[1875]	validation_0-auc:0.70957
[1876]	validation_0-auc:0.70957
[1877]	validation_0-auc:0.70957
[1878]	validation_0-auc:0.70957
[1879]	validation_0-auc:0.70957
[1880]	validation_0-auc:0.70957
[1881]	validation_0-auc:0.70957
[1882]	validation_0-auc:0.70957
[1883]	validation_0-auc:0.70957
[1884]	validation_0-auc:0.70957
[1885]	validation_0-auc:0.70957
[1886]	validation_0-auc:0.70957
[1887]	validation_0-auc:0.70957
[1888]	validation_0-auc:0.70957
[1889]	validation_0-auc:0.70957
[1890]	validation_0-auc:0.70957
[1891]	validation_0-auc:0.70957
[1892]	validation_0-auc:0.70957
[1893]	validation_0-auc:0.70957
[1894]	validation_0-auc:0.70958
[1895]	validation_0-auc:0.70958
[1896]	validation_0-auc:0.70958
[1897]	validation_0-auc:0.70958
[1898]	validation_0-auc:0.70958
[1899]	validation_0-auc:0.70958
[1900]	validation_0-auc:0.70958
[1901]	validation_0-auc:0.70958
[1902]	validation_0-auc:0.70958
[1903]	validation_0-auc:0.70958
[1904]	validation_0-auc:0.70958
[1905]	validation_0-auc:0.70958
[1906]	validation_0-auc:0.70958
[1907]	validation_0-auc:0.70958
[1908]	validation_0-auc:0.70958
[1909]	validation_0-auc:0.70958
[1910]	validation_0-auc:0.70958
[1911]	validation_0-auc:0.70958
[1912]	validation_0-auc:0.70958
[1913]	validation_0-auc:0.70957
[1914]	validation_0-auc:0.70957
[1915]	validation_0-auc:0.70957
[1916]	validation_0-auc:0.70957
[1917]	validation_0-auc:0.70957
[1918]	validation_0-auc:0.70957
[1919]	validation_0-auc:0.70957
[1920]	validation_0-auc:0.70957
[1921]	validation_0-auc:0.70957
[1922]	validation_0-auc:0.70957
[1923]	validation_0-auc:0.70957
[1924]	validation_0-auc:0.70955
[1925]	validation_0-auc:0.70955
[1926]	validation_0-auc:0.70955
[1927]	validation_0-auc:0.70955
[1928]	validation_0-auc:0.70955
[1929]	validation_0-auc:0.70955
[1930]	validation_0-auc:0.70955
[1931]	validation_0-auc:0.70954
[1932]	validation_0-auc:0.70954
[1933]	validation_0-auc:0.70954
[1934]	validation_0-auc:0.70956
[1935]	validation_0-auc:0.70956
[1936]	validation_0-auc:0.70956
[1937]	validation_0-auc:0.70957
[1938]	validation_0-auc:0.70946
[1939]	validation_0-auc:0.70946
[1940]	validation_0-auc:0.70946
[1941]	validation_0-auc:0.70946
[1942]	validation_0-auc:0.70943
[1943]	validation_0-auc:0.70943
[1944]	validation_0-auc:0.70942
[1945]	validation_0-auc:0.70942
[1946]	validation_0-auc:0.70943
[1947]	validation_0-auc:0.70943
[1948]	validation_0-auc:0.70943
[1949]	validation_0-auc:0.70943
[1950]	validation_0-auc:0.70943
[1951]	validation_0-auc:0.70943
[1952]	validation_0-auc:0.70943
[1953]	validation_0-auc:0.70943
[1954]	validation_0-auc:0.70943
[1955]	validation_0-auc:0.70943
[1956]	validation_0-auc:0.70943
[1957]	validation_0-auc:0.70943
[1958]	validation_0-auc:0.70943
[1959]	validation_0-auc:0.70943
[1960]	validation_0-auc:0.70943
[1961]	validation_0-auc:0.70943
[1962]	validation_0-auc:0.70943
[1963]	validation_0-auc:0.70943
[1964]	validation_0-auc:0.70943
[1965]	validation_0-auc:0.70943
[1966]	validation_0-auc:0.70943
[1967]	validation_0-auc:0.70943
[1968]	validation_0-auc:0.70943
[1969]	validation_0-auc:0.70940
[1970]	validation_0-auc:0.70940
[1971]	validation_0-auc:0.70941
[1972]	validation_0-auc:0.70941
[1973]	validation_0-auc:0.70942
[1974]	validation_0-auc:0.70942
[1975]	validation_0-auc:0.70942
[1976]	validation_0-auc:0.70942
[1977]	validation_0-auc:0.70942
[1978]	validation_0-auc:0.70942
[1979]	validation_0-auc:0.70942
[1980]	validation_0-auc:0.70941
[1981]	validation_0-auc:0.70941
[1982]	validation_0-auc:0.70941
[1983]	validation_0-auc:0.70941
[1984]	validation_0-auc:0.70941
[1985]	validation_0-auc:0.70941
[1986]	validation_0-auc:0.70941
[1987]	validation_0-auc:0.70941
[1988]	validation_0-auc:0.70941
[1989]	validation_0-auc:0.70941
[1990]	validation_0-auc:0.70941
[1991]	validation_0-auc:0.70941
[1992]	validation_0-auc:0.70941
[1993]	validation_0-auc:0.70941
[1994]	validation_0-auc:0.70941
[1995]	validation_0-auc:0.70941
[1996]	validation_0-auc:0.70941
[1997]	validation_0-auc:0.70941
[1998]	validation_0-auc:0.70941
[1999]	validation_0-auc:0.70941
[2000]	validation_0-auc:0.70941
[2001]	validation_0-auc:0.70941
[2002]	validation_0-auc:0.70941
[2003]	validation_0-auc:0.70941
[2004]	validation_0-auc:0.70941
[2005]	validation_0-auc:0.70941
[2006]	validation_0-auc:0.70941
[2007]	validation_0-auc:0.70941
[2008]	validation_0-auc:0.70941
[2009]	validation_0-auc:0.70941
[2010]	validation_0-auc:0.70938
[2011]	validation_0-auc:0.70938
[2012]	validation_0-auc:0.70937
[2013]	validation_0-auc:0.70937
[2014]	validation_0-auc:0.70937
[2015]	validation_0-auc:0.70937
[2016]	validation_0-auc:0.70937
[2017]	validation_0-auc:0.70937
[2018]	validation_0-auc:0.70937
[2019]	validation_0-auc:0.70937
[2020]	validation_0-auc:0.70937
[2021]	validation_0-auc:0.70937
[2022]	validation_0-auc:0.70937
[2023]	validation_0-auc:0.70937
[2024]	validation_0-auc:0.70937
[2025]	validation_0-auc:0.70938
[2026]	validation_0-auc:0.70938
[2027]	validation_0-auc:0.70938
[2028]	validation_0-auc:0.70938
[2029]	validation_0-auc:0.70938
[2030]	validation_0-auc:0.70938
[2031]	validation_0-auc:0.70935
[2032]	validation_0-auc:0.70935
[2033]	validation_0-auc:0.70935
[2034]	validation_0-auc:0.70936
[2035]	validation_0-auc:0.70936
[2036]	validation_0-auc:0.70936
[2037]	validation_0-auc:0.70936
[2038]	validation_0-auc:0.70936
[2039]	validation_0-auc:0.70936
[2040]	validation_0-auc:0.70936
[2041]	validation_0-auc:0.70936
[2042]	validation_0-auc:0.70936
[2043]	validation_0-auc:0.70933
[2044]	validation_0-auc:0.70936
[2045]	validation_0-auc:0.70936
[2046]	validation_0-auc:0.70936
[2047]	validation_0-auc:0.70937
[2048]	validation_0-auc:0.70937
[2049]	validation_0-auc:0.70937
[2050]	validation_0-auc:0.70937
[2051]	validation_0-auc:0.70937
[2052]	validation_0-auc:0.70936
[2053]	validation_0-auc:0.70936
[2054]	validation_0-auc:0.70936
[2055]	validation_0-auc:0.70936
[2056]	validation_0-auc:0.70934
[2057]	validation_0-auc:0.70936
[2058]	validation_0-auc:0.70934
[2059]	validation_0-auc:0.70934
[2060]	validation_0-auc:0.70934
[2061]	validation_0-auc:0.70933
[2062]	validation_0-auc:0.70933
[2063]	validation_0-auc:0.70933
[2064]	validation_0-auc:0.70933
[2065]	validation_0-auc:0.70933
[2066]	validation_0-auc:0.70933
[2067]	validation_0-auc:0.70933
[2068]	validation_0-auc:0.70933
[2069]	validation_0-auc:0.70932
[2070]	validation_0-auc:0.70932
[2071]	validation_0-auc:0.70932
[2072]	validation_0-auc:0.70932
[2073]	validation_0-auc:0.70932
[2074]	validation_0-auc:0.70932
[2075]	validation_0-auc:0.70933
[2076]	validation_0-auc:0.70933
[2077]	validation_0-auc:0.70933
[2078]	validation_0-auc:0.70933
[2079]	validation_0-auc:0.70933
[2080]	validation_0-auc:0.70933
[2081]	validation_0-auc:0.70933
[2082]	validation_0-auc:0.70933
[2083]	validation_0-auc:0.70933
[2084]	validation_0-auc:0.70933
[2085]	validation_0-auc:0.70932
[2086]	validation_0-auc:0.70932
[2087]	validation_0-auc:0.70932
[2088]	validation_0-auc:0.70931
[2089]	validation_0-auc:0.70931
[2090]	validation_0-auc:0.70931
[2091]	validation_0-auc:0.70931
[2092]	validation_0-auc:0.70931
[2093]	validation_0-auc:0.70931
[2094]	validation_0-auc:0.70931
[2095]	validation_0-auc:0.70931
[2096]	validation_0-auc:0.70931
[2097]	validation_0-auc:0.70930
[2098]	validation_0-auc:0.70930
[2099]	validation_0-auc:0.70930
[2100]	validation_0-auc:0.70930
[2101]	validation_0-auc:0.70930
[2102]	validation_0-auc:0.70930
[2103]	validation_0-auc:0.70930
[2104]	validation_0-auc:0.70930
[2105]	validation_0-auc:0.70930
[2106]	validation_0-auc:0.70930
[2107]	validation_0-auc:0.70930
[2108]	validation_0-auc:0.70930
[2109]	validation_0-auc:0.70930
[2110]	validation_0-auc:0.70930
[2111]	validation_0-auc:0.70930
[2112]	validation_0-auc:0.70931
[2113]	validation_0-auc:0.70931
[2114]	validation_0-auc:0.70930
[2115]	validation_0-auc:0.70931
[2116]	validation_0-auc:0.70931
[2117]	validation_0-auc:0.70931
[2118]	validation_0-auc:0.70931
[2119]	validation_0-auc:0.70931
[2120]	validation_0-auc:0.70931
[2121]	validation_0-auc:0.70931
[2122]	validation_0-auc:0.70931
[2123]	validation_0-auc:0.70931
[2124]	validation_0-auc:0.70931
[2125]	validation_0-auc:0.70931
[2126]	validation_0-auc:0.70931
[2127]	validation_0-auc:0.70931
[2128]	validation_0-auc:0.70931
[2129]	validation_0-auc:0.70931
[2130]	validation_0-auc:0.70931
[2131]	validation_0-auc:0.70931
[2132]	validation_0-auc:0.70931
[2133]	validation_0-auc:0.70931
[2134]	validation_0-auc:0.70931
[2135]	validation_0-auc:0.70931
[2136]	validation_0-auc:0.70931
[2137]	validation_0-auc:0.70932
[2138]	validation_0-auc:0.70931
[2139]	validation_0-auc:0.70931
[2140]	validation_0-auc:0.70931
[2141]	validation_0-auc:0.70931
[2142]	validation_0-auc:0.70931
[2143]	validation_0-auc:0.70932
[2144]	validation_0-auc:0.70932
[2145]	validation_0-auc:0.70932
[2146]	validation_0-auc:0.70932
[2147]	validation_0-auc:0.70933
[2148]	validation_0-auc:0.70933
[2149]	validation_0-auc:0.70933
[2150]	validation_0-auc:0.70933
[2151]	validation_0-auc:0.70933
[2152]	validation_0-auc:0.70933
[2153]	validation_0-auc:0.70933
[2154]	validation_0-auc:0.70933
[2155]	validation_0-auc:0.70933
[2156]	validation_0-auc:0.70933
[2157]	validation_0-auc:0.70932
[2158]	validation_0-auc:0.70932
[2159]	validation_0-auc:0.70932
[2160]	validation_0-auc:0.70932
[2161]	validation_0-auc:0.70932
[2162]	validation_0-auc:0.70932
[2163]	validation_0-auc:0.70932
[2164]	validation_0-auc:0.70932
[2165]	validation_0-auc:0.70932
[2166]	validation_0-auc:0.70932
[2167]	validation_0-auc:0.70931
[2168]	validation_0-auc:0.70931
[2169]	validation_0-auc:0.70931
[2170]	validation_0-auc:0.70931
[2171]	validation_0-auc:0.70929
[2172]	validation_0-auc:0.70929
[2173]	validation_0-auc:0.70929
[2174]	validation_0-auc:0.70929
[2175]	validation_0-auc:0.70929
[2176]	validation_0-auc:0.70929
[2177]	validation_0-auc:0.70929
[2178]	validation_0-auc:0.70929
[2179]	validation_0-auc:0.70929
[2180]	validation_0-auc:0.70929
[2181]	validation_0-auc:0.70929
[2182]	validation_0-auc:0.70929
[2183]	validation_0-auc:0.70930
[2184]	validation_0-auc:0.70930
[2185]	validation_0-auc:0.70930
[2186]	validation_0-auc:0.70930
[2187]	validation_0-auc:0.70930
[2188]	validation_0-auc:0.70930
[2189]	validation_0-auc:0.70930
[2190]	validation_0-auc:0.70930
[2191]	validation_0-auc:0.70930
[2192]	validation_0-auc:0.70930
[2193]	validation_0-auc:0.70927
[2194]	validation_0-auc:0.70927
[2195]	validation_0-auc:0.70927
[2196]	validation_0-auc:0.70927
[2197]	validation_0-auc:0.70927
[2198]	validation_0-auc:0.70927
[2199]	validation_0-auc:0.70927
[2200]	validation_0-auc:0.70927
[2201]	validation_0-auc:0.70927
[2202]	validation_0-auc:0.70928
[2203]	validation_0-auc:0.70928
[2204]	validation_0-auc:0.70928
[2205]	validation_0-auc:0.70928
[2206]	validation_0-auc:0.70928
[2207]	validation_0-auc:0.70925
[2208]	validation_0-auc:0.70925
[2209]	validation_0-auc:0.70925
[2210]	validation_0-auc:0.70925
[2211]	validation_0-auc:0.70925
[2212]	validation_0-auc:0.70925
[2213]	validation_0-auc:0.70925
[2214]	validation_0-auc:0.70925
[2215]	validation_0-auc:0.70924
[2216]	validation_0-auc:0.70924
[2217]	validation_0-auc:0.70924
[2218]	validation_0-auc:0.70924
[2219]	validation_0-auc:0.70924
[2220]	validation_0-auc:0.70924
[2221]	validation_0-auc:0.70924
[2222]	validation_0-auc:0.70924
[2223]	validation_0-auc:0.70921
[2224]	validation_0-auc:0.70921
[2225]	validation_0-auc:0.70921
[2226]	validation_0-auc:0.70921
[2227]	validation_0-auc:0.70921
[2228]	validation_0-auc:0.70921
[2229]	validation_0-auc:0.70921
[2230]	validation_0-auc:0.70921
[2231]	validation_0-auc:0.70921
[2232]	validation_0-auc:0.70921
[2233]	validation_0-auc:0.70921
[2234]	validation_0-auc:0.70921
[2235]	validation_0-auc:0.70921
[2236]	validation_0-auc:0.70921
[2237]	validation_0-auc:0.70921
[2238]	validation_0-auc:0.70922
[2239]	validation_0-auc:0.70922
[2240]	validation_0-auc:0.70922
[2241]	validation_0-auc:0.70922
[2242]	validation_0-auc:0.70922
[2243]	validation_0-auc:0.70922
[2244]	validation_0-auc:0.70919
[2245]	validation_0-auc:0.70919
[2246]	validation_0-auc:0.70919
[2247]	validation_0-auc:0.70919
[2248]	validation_0-auc:0.70919
[2249]	validation_0-auc:0.70919
[2250]	validation_0-auc:0.70919
[2251]	validation_0-auc:0.70919
[2252]	validation_0-auc:0.70919
[2253]	validation_0-auc:0.70919
[2254]	validation_0-auc:0.70916
[2255]	validation_0-auc:0.70916
[2256]	validation_0-auc:0.70916
[2257]	validation_0-auc:0.70916
[2258]	validation_0-auc:0.70916
[2259]	validation_0-auc:0.70916
[2260]	validation_0-auc:0.70916
[2261]	validation_0-auc:0.70916
[2262]	validation_0-auc:0.70916
[2263]	validation_0-auc:0.70916
[2264]	validation_0-auc:0.70916
[2265]	validation_0-auc:0.70916
[2266]	validation_0-auc:0.70916
[2267]	validation_0-auc:0.70916
[2268]	validation_0-auc:0.70916
[2269]	validation_0-auc:0.70916
[2270]	validation_0-auc:0.70916
[2271]	validation_0-auc:0.70916
[2272]	validation_0-auc:0.70914
[2273]	validation_0-auc:0.70914
[2274]	validation_0-auc:0.70914
[2275]	validation_0-auc:0.70914
[2276]	validation_0-auc:0.70914
[2277]	validation_0-auc:0.70914
[2278]	validation_0-auc:0.70914
[2279]	validation_0-auc:0.70914
[2280]	validation_0-auc:0.70914
[2281]	validation_0-auc:0.70913
[2282]	validation_0-auc:0.70913
[2283]	validation_0-auc:0.70913
[2284]	validation_0-auc:0.70914
[2285]	validation_0-auc:0.70914
[2286]	validation_0-auc:0.70914
[2287]	validation_0-auc:0.70914
[2288]	validation_0-auc:0.70914
[2289]	validation_0-auc:0.70914
[2290]	validation_0-auc:0.70914
[2291]	validation_0-auc:0.70915
[2292]	validation_0-auc:0.70915
[2293]	validation_0-auc:0.70915
[2294]	validation_0-auc:0.70915
[2295]	validation_0-auc:0.70915
[2296]	validation_0-auc:0.70915
[2297]	validation_0-auc:0.70915
[2298]	validation_0-auc:0.70915
[2299]	validation_0-auc:0.70915
[2300]	validation_0-auc:0.70915
[2301]	validation_0-auc:0.70914
[2302]	validation_0-auc:0.70914
[2303]	validation_0-auc:0.70914
[2304]	validation_0-auc:0.70914
[2305]	validation_0-auc:0.70914
[2306]	validation_0-auc:0.70914
[2307]	validation_0-auc:0.70914
[2308]	validation_0-auc:0.70915
[2309]	validation_0-auc:0.70915
[2310]	validation_0-auc:0.70915
[2311]	validation_0-auc:0.70915
[2312]	validation_0-auc:0.70915
[2313]	validation_0-auc:0.70915
[2314]	validation_0-auc:0.70915
[2315]	validation_0-auc:0.70915
[2316]	validation_0-auc:0.70915
[2317]	validation_0-auc:0.70915
[2318]	validation_0-auc:0.70915
[2319]	validation_0-auc:0.70915
[2320]	validation_0-auc:0.70915
[2321]	validation_0-auc:0.70915
[2322]	validation_0-auc:0.70915
[2323]	validation_0-auc:0.70915
[2324]	validation_0-auc:0.70915
[2325]	validation_0-auc:0.70915
[2326]	validation_0-auc:0.70914
[2327]	validation_0-auc:0.70914
[2328]	validation_0-auc:0.70914
[2329]	validation_0-auc:0.70914
[2330]	validation_0-auc:0.70914
[2331]	validation_0-auc:0.70914
[2332]	validation_0-auc:0.70915
[2333]	validation_0-auc:0.70915
[2334]	validation_0-auc:0.70915
[2335]	validation_0-auc:0.70915
[2336]	validation_0-auc:0.70915
[2337]	validation_0-auc:0.70915
[2338]	validation_0-auc:0.70914
[2339]	validation_0-auc:0.70912
[2340]	validation_0-auc:0.70912
[2341]	validation_0-auc:0.70912
[2342]	validation_0-auc:0.70912
[2343]	validation_0-auc:0.70912
[2344]	validation_0-auc:0.70912
[2345]	validation_0-auc:0.70912
[2346]	validation_0-auc:0.70912
[2347]	validation_0-auc:0.70913
[2348]	validation_0-auc:0.70913
[2349]	validation_0-auc:0.70912
[2350]	validation_0-auc:0.70913
[2351]	validation_0-auc:0.70913
[2352]	validation_0-auc:0.70914
[2353]	validation_0-auc:0.70914
[2354]	validation_0-auc:0.70914
[2355]	validation_0-auc:0.70913
[2356]	validation_0-auc:0.70913
[2357]	validation_0-auc:0.70912
[2358]	validation_0-auc:0.70913
[2359]	validation_0-auc:0.70913
[2360]	validation_0-auc:0.70913
[2361]	validation_0-auc:0.70913
[2362]	validation_0-auc:0.70913
[2363]	validation_0-auc:0.70913
[2364]	validation_0-auc:0.70913
[2365]	validation_0-auc:0.70913
[2366]	validation_0-auc:0.70913
[2367]	validation_0-auc:0.70913
[2368]	validation_0-auc:0.70913
[2369]	validation_0-auc:0.70913
[2370]	validation_0-auc:0.70913
[2371]	validation_0-auc:0.70914
[2372]	validation_0-auc:0.70914
[2373]	validation_0-auc:0.70914
[2374]	validation_0-auc:0.70913
[2375]	validation_0-auc:0.70910
[2376]	validation_0-auc:0.70910
[2377]	validation_0-auc:0.70911
[2378]	validation_0-auc:0.70911
[2379]	validation_0-auc:0.70911
[2380]	validation_0-auc:0.70911
[2381]	validation_0-auc:0.70911
[2382]	validation_0-auc:0.70911
[2383]	validation_0-auc:0.70911
[2384]	validation_0-auc:0.70911
[2385]	validation_0-auc:0.70911
[2386]	validation_0-auc:0.70912
[2387]	validation_0-auc:0.70912
[2388]	validation_0-auc:0.70912
[2389]	validation_0-auc:0.70912
[2390]	validation_0-auc:0.70912
[2391]	validation_0-auc:0.70912
[2392]	validation_0-auc:0.70912
[2393]	validation_0-auc:0.70912
[2394]	validation_0-auc:0.70912
[2395]	validation_0-auc:0.70912
[2396]	validation_0-auc:0.70912
[2397]	validation_0-auc:0.70912
[2398]	validation_0-auc:0.70912
[2399]	validation_0-auc:0.70912
[2400]	validation_0-auc:0.70912
[2401]	validation_0-auc:0.70912
[2402]	validation_0-auc:0.70912
[2403]	validation_0-auc:0.70911
[2404]	validation_0-auc:0.70911
[2405]	validation_0-auc:0.70911
[2406]	validation_0-auc:0.70911
[2407]	validation_0-auc:0.70911
[2408]	validation_0-auc:0.70911
[2409]	validation_0-auc:0.70911
[2410]	validation_0-auc:0.70911
[2411]	validation_0-auc:0.70911
[2412]	validation_0-auc:0.70911
[2413]	validation_0-auc:0.70912
[2414]	validation_0-auc:0.70912
[2415]	validation_0-auc:0.70912
[2416]	validation_0-auc:0.70911
[2417]	validation_0-auc:0.70911
[2418]	validation_0-auc:0.70911
[2419]	validation_0-auc:0.70911
[2420]	validation_0-auc:0.70911
[2421]	validation_0-auc:0.70911
[2422]	validation_0-auc:0.70911
[2423]	validation_0-auc:0.70910
[2424]	validation_0-auc:0.70910
[2425]	validation_0-auc:0.70907
[2426]	validation_0-auc:0.70907
[2427]	validation_0-auc:0.70907
[2428]	validation_0-auc:0.70907
[2429]	validation_0-auc:0.70907
[2430]	validation_0-auc:0.70907
[2431]	validation_0-auc:0.70907
[2432]	validation_0-auc:0.70907
[2433]	validation_0-auc:0.70907
[2434]	validation_0-auc:0.70907
[2435]	validation_0-auc:0.70905
[2436]	validation_0-auc:0.70905
[2437]	validation_0-auc:0.70905
[2438]	validation_0-auc:0.70905
[2439]	validation_0-auc:0.70905
[2440]	validation_0-auc:0.70905
[2441]	validation_0-auc:0.70905
[2442]	validation_0-auc:0.70905
[2443]	validation_0-auc:0.70905
[2444]	validation_0-auc:0.70905
[2445]	validation_0-auc:0.70905
[2446]	validation_0-auc:0.70905
[2447]	validation_0-auc:0.70905
[2448]	validation_0-auc:0.70905
[2449]	validation_0-auc:0.70906
[2450]	validation_0-auc:0.70906
[2451]	validation_0-auc:0.70906
[2452]	validation_0-auc:0.70906
[2453]	validation_0-auc:0.70906
[2454]	validation_0-auc:0.70906
[2455]	validation_0-auc:0.70905
[2456]	validation_0-auc:0.70906
[2457]	validation_0-auc:0.70906
[2458]	validation_0-auc:0.70906
[2459]	validation_0-auc:0.70906
[2460]	validation_0-auc:0.70906
[2461]	validation_0-auc:0.70906
[2462]	validation_0-auc:0.70906
[2463]	validation_0-auc:0.70906
[2464]	validation_0-auc:0.70906
[2465]	validation_0-auc:0.70906
[2466]	validation_0-auc:0.70906
[2467]	validation_0-auc:0.70906
[2468]	validation_0-auc:0.70906
[2469]	validation_0-auc:0.70906
[2470]	validation_0-auc:0.70906
[2471]	validation_0-auc:0.70906
[2472]	validation_0-auc:0.70906
[2473]	validation_0-auc:0.70906
[2474]	validation_0-auc:0.70906
[2475]	validation_0-auc:0.70906
[2476]	validation_0-auc:0.70906
[2477]	validation_0-auc:0.70906
[2478]	validation_0-auc:0.70906
[2479]	validation_0-auc:0.70906
[2480]	validation_0-auc:0.70906
[2481]	validation_0-auc:0.70906
[2482]	validation_0-auc:0.70906
[2483]	validation_0-auc:0.70906
[2484]	validation_0-auc:0.70906
[2485]	validation_0-auc:0.70906
[2486]	validation_0-auc:0.70906
[2487]	validation_0-auc:0.70906
[2488]	validation_0-auc:0.70907
[2489]	validation_0-auc:0.70907
[2490]	validation_0-auc:0.70907
[2491]	validation_0-auc:0.70907
[2492]	validation_0-auc:0.70907
[2493]	validation_0-auc:0.70907
[2494]	validation_0-auc:0.70907
[2495]	validation_0-auc:0.70909
[2496]	validation_0-auc:0.70909
[2497]	validation_0-auc:0.70909
[2498]	validation_0-auc:0.70909
[2499]	validation_0-auc:0.70909
