[0]	validation_0-auc:0.77036
[1]	validation_0-auc:0.77095
[2]	validation_0-auc:0.77099
[3]	validation_0-auc:0.77122
[4]	validation_0-auc:0.77084
[5]	validation_0-auc:0.77104
[6]	validation_0-auc:0.77107
[7]	validation_0-auc:0.77213
[8]	validation_0-auc:0.77276
[9]	validation_0-auc:0.77299
[10]	validation_0-auc:0.77295
[11]	validation_0-auc:0.77748
[12]	validation_0-auc:0.77816
[13]	validation_0-auc:0.77838
[14]	validation_0-auc:0.77847
[15]	validation_0-auc:0.77848
[16]	validation_0-auc:0.77839
[17]	validation_0-auc:0.77830
[18]	validation_0-auc:0.77838
[19]	validation_0-auc:0.77869
[20]	validation_0-auc:0.77865
[21]	validation_0-auc:0.78059
[22]	validation_0-auc:0.78061
[23]	validation_0-auc:0.78057
[24]	validation_0-auc:0.78063
[25]	validation_0-auc:0.78087
[26]	validation_0-auc:0.78098
[27]	validation_0-auc:0.78091
[28]	validation_0-auc:0.78089
[29]	validation_0-auc:0.78089
[30]	validation_0-auc:0.78091
[31]	validation_0-auc:0.78091
[32]	validation_0-auc:0.78096
[33]	validation_0-auc:0.78091
[34]	validation_0-auc:0.78091
[35]	validation_0-auc:0.78131
[36]	validation_0-auc:0.78138
[37]	validation_0-auc:0.78139
[38]	validation_0-auc:0.78133
[39]	validation_0-auc:0.78160
[40]	validation_0-auc:0.78309
[41]	validation_0-auc:0.78314
[42]	validation_0-auc:0.78387
[43]	validation_0-auc:0.78389
[44]	validation_0-auc:0.78389
[45]	validation_0-auc:0.78385
[46]	validation_0-auc:0.78386
[47]	validation_0-auc:0.78442
[48]	validation_0-auc:0.78385
[49]	validation_0-auc:0.78445
[50]	validation_0-auc:0.78505
[51]	validation_0-auc:0.78524
[52]	validation_0-auc:0.78542
[53]	validation_0-auc:0.78562
[54]	validation_0-auc:0.78569
[55]	validation_0-auc:0.78570
[56]	validation_0-auc:0.78572
[57]	validation_0-auc:0.78578
[58]	validation_0-auc:0.78587
[59]	validation_0-auc:0.78596
[60]	validation_0-auc:0.78651
[61]	validation_0-auc:0.78652
[62]	validation_0-auc:0.78656
[63]	validation_0-auc:0.78656
[64]	validation_0-auc:0.78656
[65]	validation_0-auc:0.78666
[66]	validation_0-auc:0.78671
[67]	validation_0-auc:0.78673
[68]	validation_0-auc:0.78677
[69]	validation_0-auc:0.78681
[70]	validation_0-auc:0.78696
[71]	validation_0-auc:0.78707
[72]	validation_0-auc:0.78701
[73]	validation_0-auc:0.78713
[74]	validation_0-auc:0.78715
[75]	validation_0-auc:0.78718
[76]	validation_0-auc:0.78723
[77]	validation_0-auc:0.78725
[78]	validation_0-auc:0.78734
[79]	validation_0-auc:0.78735
[80]	validation_0-auc:0.78745
[81]	validation_0-auc:0.78745
[82]	validation_0-auc:0.78755
[83]	validation_0-auc:0.78772
[84]	validation_0-auc:0.78770
[85]	validation_0-auc:0.78773
[86]	validation_0-auc:0.78776
[87]	validation_0-auc:0.78780
[88]	validation_0-auc:0.78783
[89]	validation_0-auc:0.78785
[90]	validation_0-auc:0.78780
[91]	validation_0-auc:0.78773
[92]	validation_0-auc:0.78774
[93]	validation_0-auc:0.78772
[94]	validation_0-auc:0.78778
[95]	validation_0-auc:0.78778
[96]	validation_0-auc:0.78786
[97]	validation_0-auc:0.78787
[98]	validation_0-auc:0.78793
[99]	validation_0-auc:0.78796
[100]	validation_0-auc:0.78798
[101]	validation_0-auc:0.78805
[102]	validation_0-auc:0.78783
[103]	validation_0-auc:0.78788
[104]	validation_0-auc:0.78791
[105]	validation_0-auc:0.78790
[106]	validation_0-auc:0.78789
[107]	validation_0-auc:0.78795
[108]	validation_0-auc:0.78796
[109]	validation_0-auc:0.78805
[110]	validation_0-auc:0.78808
[111]	validation_0-auc:0.78807
[112]	validation_0-auc:0.78806
[113]	validation_0-auc:0.78804
[114]	validation_0-auc:0.78804
[115]	validation_0-auc:0.78796
[116]	validation_0-auc:0.78800
[117]	validation_0-auc:0.78801
[118]	validation_0-auc:0.78803
[119]	validation_0-auc:0.78805
[120]	validation_0-auc:0.78808
[121]	validation_0-auc:0.78809
[122]	validation_0-auc:0.78813
[123]	validation_0-auc:0.78812
[124]	validation_0-auc:0.78812
[125]	validation_0-auc:0.78812
[126]	validation_0-auc:0.78813
[127]	validation_0-auc:0.78813
[128]	validation_0-auc:0.78816
[129]	validation_0-auc:0.78816
[130]	validation_0-auc:0.78817
[131]	validation_0-auc:0.78817
[132]	validation_0-auc:0.78818
[133]	validation_0-auc:0.78817
[134]	validation_0-auc:0.78817
[135]	validation_0-auc:0.78820
[136]	validation_0-auc:0.78819
[137]	validation_0-auc:0.78819
[138]	validation_0-auc:0.78821
[139]	validation_0-auc:0.78821
[140]	validation_0-auc:0.78820
[141]	validation_0-auc:0.78823
[142]	validation_0-auc:0.78824
[143]	validation_0-auc:0.78823
[144]	validation_0-auc:0.78823
[145]	validation_0-auc:0.78824
[146]	validation_0-auc:0.78824
[147]	validation_0-auc:0.78824
[148]	validation_0-auc:0.78824
[149]	validation_0-auc:0.78832
[150]	validation_0-auc:0.78831
[151]	validation_0-auc:0.78831
[152]	validation_0-auc:0.78831
[153]	validation_0-auc:0.78823
[154]	validation_0-auc:0.78824
[155]	validation_0-auc:0.78823
[156]	validation_0-auc:0.78828
[157]	validation_0-auc:0.78834
[158]	validation_0-auc:0.78832
[159]	validation_0-auc:0.78828
[160]	validation_0-auc:0.78829
[161]	validation_0-auc:0.78838
[162]	validation_0-auc:0.78838
[163]	validation_0-auc:0.78838
[164]	validation_0-auc:0.78838
[165]	validation_0-auc:0.78848
[166]	validation_0-auc:0.78846
[167]	validation_0-auc:0.78850
[168]	validation_0-auc:0.78848
[169]	validation_0-auc:0.78853
[170]	validation_0-auc:0.78854
[171]	validation_0-auc:0.78854
[172]	validation_0-auc:0.78855
[173]	validation_0-auc:0.78856
[174]	validation_0-auc:0.78856
[175]	validation_0-auc:0.78865
[176]	validation_0-auc:0.78865
[177]	validation_0-auc:0.78867
[178]	validation_0-auc:0.78867
[179]	validation_0-auc:0.78875
[180]	validation_0-auc:0.78876
[181]	validation_0-auc:0.78875
[182]	validation_0-auc:0.78876
[183]	validation_0-auc:0.78877
[184]	validation_0-auc:0.78876
[185]	validation_0-auc:0.78877
[186]	validation_0-auc:0.78879
[187]	validation_0-auc:0.78878
[188]	validation_0-auc:0.78885
[189]	validation_0-auc:0.78885
[190]	validation_0-auc:0.78884
[191]	validation_0-auc:0.78883
[192]	validation_0-auc:0.78885
[193]	validation_0-auc:0.78888
[194]	validation_0-auc:0.78888
[195]	validation_0-auc:0.78894
[196]	validation_0-auc:0.78895
[197]	validation_0-auc:0.78895
[198]	validation_0-auc:0.78900
[199]	validation_0-auc:0.78901
[200]	validation_0-auc:0.78901
[201]	validation_0-auc:0.78901
[202]	validation_0-auc:0.78901
[203]	validation_0-auc:0.78902
[204]	validation_0-auc:0.78907
[205]	validation_0-auc:0.78909
[206]	validation_0-auc:0.78910
[207]	validation_0-auc:0.78912
[208]	validation_0-auc:0.78913
[209]	validation_0-auc:0.78922
[210]	validation_0-auc:0.78913
[211]	validation_0-auc:0.78913
[212]	validation_0-auc:0.78914
[213]	validation_0-auc:0.78908
[214]	validation_0-auc:0.78912
[215]	validation_0-auc:0.78913
[216]	validation_0-auc:0.78922
[217]	validation_0-auc:0.78925
[218]	validation_0-auc:0.78915
[219]	validation_0-auc:0.78950
[220]	validation_0-auc:0.78954
[221]	validation_0-auc:0.78953
[222]	validation_0-auc:0.78954
[223]	validation_0-auc:0.78960
[224]	validation_0-auc:0.78961
[225]	validation_0-auc:0.78973
[226]	validation_0-auc:0.78968
[227]	validation_0-auc:0.78969
[228]	validation_0-auc:0.78975
[229]	validation_0-auc:0.78978
[230]	validation_0-auc:0.78982
[231]	validation_0-auc:0.78986
[232]	validation_0-auc:0.78984
[233]	validation_0-auc:0.78989
[234]	validation_0-auc:0.78992
[235]	validation_0-auc:0.78993
[236]	validation_0-auc:0.78998
[237]	validation_0-auc:0.79002
[238]	validation_0-auc:0.79002
[239]	validation_0-auc:0.79012
[240]	validation_0-auc:0.79015
[241]	validation_0-auc:0.79049
[242]	validation_0-auc:0.79049
[243]	validation_0-auc:0.79047
[244]	validation_0-auc:0.79047
[245]	validation_0-auc:0.79064
[246]	validation_0-auc:0.79061
[247]	validation_0-auc:0.79063
[248]	validation_0-auc:0.79068
[249]	validation_0-auc:0.79076
[250]	validation_0-auc:0.79081
[251]	validation_0-auc:0.79082
[252]	validation_0-auc:0.79084
[253]	validation_0-auc:0.79088
[254]	validation_0-auc:0.79090
[255]	validation_0-auc:0.79093
[256]	validation_0-auc:0.79094
[257]	validation_0-auc:0.79096
[258]	validation_0-auc:0.79099
[259]	validation_0-auc:0.79101
[260]	validation_0-auc:0.79104
[261]	validation_0-auc:0.79106
[262]	validation_0-auc:0.79107
[263]	validation_0-auc:0.79109
[264]	validation_0-auc:0.79110
[265]	validation_0-auc:0.79114
[266]	validation_0-auc:0.79116
[267]	validation_0-auc:0.79120
[268]	validation_0-auc:0.79121
[269]	validation_0-auc:0.79130
[270]	validation_0-auc:0.79137
[271]	validation_0-auc:0.79138
[272]	validation_0-auc:0.79138
[273]	validation_0-auc:0.79138
[274]	validation_0-auc:0.79138
[275]	validation_0-auc:0.79143
[276]	validation_0-auc:0.79141
[277]	validation_0-auc:0.79147
[278]	validation_0-auc:0.79150
[279]	validation_0-auc:0.79150
[280]	validation_0-auc:0.79151
[281]	validation_0-auc:0.79155
[282]	validation_0-auc:0.79155
[283]	validation_0-auc:0.79157
[284]	validation_0-auc:0.79156
[285]	validation_0-auc:0.79164
[286]	validation_0-auc:0.79168
[287]	validation_0-auc:0.79169
[288]	validation_0-auc:0.79171
[289]	validation_0-auc:0.79170
[290]	validation_0-auc:0.79174
[291]	validation_0-auc:0.79179
[292]	validation_0-auc:0.79181
[293]	validation_0-auc:0.79183
[294]	validation_0-auc:0.79182
[295]	validation_0-auc:0.79182
[296]	validation_0-auc:0.79183
[297]	validation_0-auc:0.79183
[298]	validation_0-auc:0.79185
[299]	validation_0-auc:0.79186
[300]	validation_0-auc:0.79187
[301]	validation_0-auc:0.79189
[302]	validation_0-auc:0.79191
[303]	validation_0-auc:0.79191
[304]	validation_0-auc:0.79192
[305]	validation_0-auc:0.79195
[306]	validation_0-auc:0.79200
[307]	validation_0-auc:0.79203
[308]	validation_0-auc:0.79202
[309]	validation_0-auc:0.79203
[310]	validation_0-auc:0.79204
[311]	validation_0-auc:0.79207
[312]	validation_0-auc:0.79207
[313]	validation_0-auc:0.79209
[314]	validation_0-auc:0.79208
[315]	validation_0-auc:0.79210
[316]	validation_0-auc:0.79213
[317]	validation_0-auc:0.79213
[318]	validation_0-auc:0.79215
[319]	validation_0-auc:0.79216
[320]	validation_0-auc:0.79219
[321]	validation_0-auc:0.79218
[322]	validation_0-auc:0.79219
[323]	validation_0-auc:0.79219
[324]	validation_0-auc:0.79221
[325]	validation_0-auc:0.79221
[326]	validation_0-auc:0.79222
[327]	validation_0-auc:0.79224
[328]	validation_0-auc:0.79227
[329]	validation_0-auc:0.79227
[330]	validation_0-auc:0.79229
[331]	validation_0-auc:0.79229
[332]	validation_0-auc:0.79233
[333]	validation_0-auc:0.79235
[334]	validation_0-auc:0.79237
[335]	validation_0-auc:0.79239
[336]	validation_0-auc:0.79241
[337]	validation_0-auc:0.79243
[338]	validation_0-auc:0.79249
[339]	validation_0-auc:0.79249
[340]	validation_0-auc:0.79252
[341]	validation_0-auc:0.79255
[342]	validation_0-auc:0.79257
[343]	validation_0-auc:0.79259
[344]	validation_0-auc:0.79260
[345]	validation_0-auc:0.79262
[346]	validation_0-auc:0.79265
[347]	validation_0-auc:0.79267
[348]	validation_0-auc:0.79267
[349]	validation_0-auc:0.79270
[350]	validation_0-auc:0.79272
[351]	validation_0-auc:0.79273
[352]	validation_0-auc:0.79273
[353]	validation_0-auc:0.79270
[354]	validation_0-auc:0.79272
[355]	validation_0-auc:0.79275
[356]	validation_0-auc:0.79276
[357]	validation_0-auc:0.79277
[358]	validation_0-auc:0.79278
[359]	validation_0-auc:0.79277
[360]	validation_0-auc:0.79279
[361]	validation_0-auc:0.79283
[362]	validation_0-auc:0.79282
[363]	validation_0-auc:0.79285
[364]	validation_0-auc:0.79287
[365]	validation_0-auc:0.79287
[366]	validation_0-auc:0.79288
[367]	validation_0-auc:0.79290
[368]	validation_0-auc:0.79291
[369]	validation_0-auc:0.79291
[370]	validation_0-auc:0.79292
[371]	validation_0-auc:0.79293
[372]	validation_0-auc:0.79296
[373]	validation_0-auc:0.79297
[374]	validation_0-auc:0.79297
[375]	validation_0-auc:0.79297
[376]	validation_0-auc:0.79300
[377]	validation_0-auc:0.79301
[378]	validation_0-auc:0.79304
[379]	validation_0-auc:0.79305
[380]	validation_0-auc:0.79305
[381]	validation_0-auc:0.79308
[382]	validation_0-auc:0.79308
[383]	validation_0-auc:0.79307
[384]	validation_0-auc:0.79308
[385]	validation_0-auc:0.79310
[386]	validation_0-auc:0.79312
[387]	validation_0-auc:0.79312
[388]	validation_0-auc:0.79315
[389]	validation_0-auc:0.79316
[390]	validation_0-auc:0.79318
[391]	validation_0-auc:0.79319
[392]	validation_0-auc:0.79324
[393]	validation_0-auc:0.79324
[394]	validation_0-auc:0.79325
[395]	validation_0-auc:0.79327
[396]	validation_0-auc:0.79328
[397]	validation_0-auc:0.79328
[398]	validation_0-auc:0.79329
[399]	validation_0-auc:0.79330
[400]	validation_0-auc:0.79331
[401]	validation_0-auc:0.79333
[402]	validation_0-auc:0.79336
[403]	validation_0-auc:0.79335
[404]	validation_0-auc:0.79336
[405]	validation_0-auc:0.79340
[406]	validation_0-auc:0.79341
[407]	validation_0-auc:0.79341
[408]	validation_0-auc:0.79341
[409]	validation_0-auc:0.79343
[410]	validation_0-auc:0.79343
[411]	validation_0-auc:0.79345
[412]	validation_0-auc:0.79346
[413]	validation_0-auc:0.79347
[414]	validation_0-auc:0.79347
[415]	validation_0-auc:0.79350
[416]	validation_0-auc:0.79350
[417]	validation_0-auc:0.79351
[418]	validation_0-auc:0.79351
[419]	validation_0-auc:0.79351
[420]	validation_0-auc:0.79353
[421]	validation_0-auc:0.79356
[422]	validation_0-auc:0.79356
[423]	validation_0-auc:0.79358
[424]	validation_0-auc:0.79359
[425]	validation_0-auc:0.79360
[426]	validation_0-auc:0.79361
[427]	validation_0-auc:0.79363
[428]	validation_0-auc:0.79365
[429]	validation_0-auc:0.79366
[430]	validation_0-auc:0.79367
[431]	validation_0-auc:0.79368
[432]	validation_0-auc:0.79370
[433]	validation_0-auc:0.79372
[434]	validation_0-auc:0.79374
[435]	validation_0-auc:0.79374
[436]	validation_0-auc:0.79377
[437]	validation_0-auc:0.79378
[438]	validation_0-auc:0.79378
[439]	validation_0-auc:0.79380
[440]	validation_0-auc:0.79381
[441]	validation_0-auc:0.79381
[442]	validation_0-auc:0.79382
[443]	validation_0-auc:0.79385
[444]	validation_0-auc:0.79384
[445]	validation_0-auc:0.79385
[446]	validation_0-auc:0.79389
[447]	validation_0-auc:0.79391
[448]	validation_0-auc:0.79392
[449]	validation_0-auc:0.79394
[450]	validation_0-auc:0.79395
[451]	validation_0-auc:0.79396
[452]	validation_0-auc:0.79397
[453]	validation_0-auc:0.79398
[454]	validation_0-auc:0.79399
[455]	validation_0-auc:0.79399
[456]	validation_0-auc:0.79400
[457]	validation_0-auc:0.79402
[458]	validation_0-auc:0.79404
[459]	validation_0-auc:0.79405
[460]	validation_0-auc:0.79407
[461]	validation_0-auc:0.79407
[462]	validation_0-auc:0.79409
[463]	validation_0-auc:0.79412
[464]	validation_0-auc:0.79412
[465]	validation_0-auc:0.79413
[466]	validation_0-auc:0.79414
[467]	validation_0-auc:0.79415
[468]	validation_0-auc:0.79415
[469]	validation_0-auc:0.79417
[470]	validation_0-auc:0.79419
[471]	validation_0-auc:0.79420
[472]	validation_0-auc:0.79421
[473]	validation_0-auc:0.79423
[474]	validation_0-auc:0.79423
[475]	validation_0-auc:0.79425
[476]	validation_0-auc:0.79426
[477]	validation_0-auc:0.79427
[478]	validation_0-auc:0.79429
[479]	validation_0-auc:0.79431
[480]	validation_0-auc:0.79432
[481]	validation_0-auc:0.79433
[482]	validation_0-auc:0.79434
[483]	validation_0-auc:0.79435
[484]	validation_0-auc:0.79437
[485]	validation_0-auc:0.79438
[486]	validation_0-auc:0.79439
[487]	validation_0-auc:0.79440
[488]	validation_0-auc:0.79439
[489]	validation_0-auc:0.79441
[490]	validation_0-auc:0.79440
[491]	validation_0-auc:0.79440
[492]	validation_0-auc:0.79441
[493]	validation_0-auc:0.79440
[494]	validation_0-auc:0.79441
[495]	validation_0-auc:0.79441
[496]	validation_0-auc:0.79444
[497]	validation_0-auc:0.79444
[498]	validation_0-auc:0.79444
[499]	validation_0-auc:0.79446
[500]	validation_0-auc:0.79447
[501]	validation_0-auc:0.79448
[502]	validation_0-auc:0.79450
[503]	validation_0-auc:0.79452
[504]	validation_0-auc:0.79452
[505]	validation_0-auc:0.79454
[506]	validation_0-auc:0.79454
[507]	validation_0-auc:0.79454
[508]	validation_0-auc:0.79454
[509]	validation_0-auc:0.79455
[510]	validation_0-auc:0.79456
[511]	validation_0-auc:0.79459
[512]	validation_0-auc:0.79460
[513]	validation_0-auc:0.79461
[514]	validation_0-auc:0.79462
[515]	validation_0-auc:0.79463
[516]	validation_0-auc:0.79464
[517]	validation_0-auc:0.79464
[518]	validation_0-auc:0.79465
[519]	validation_0-auc:0.79465
[520]	validation_0-auc:0.79465
[521]	validation_0-auc:0.79470
[522]	validation_0-auc:0.79470
[523]	validation_0-auc:0.79470
[524]	validation_0-auc:0.79471
[525]	validation_0-auc:0.79471
[526]	validation_0-auc:0.79475
[527]	validation_0-auc:0.79475
[528]	validation_0-auc:0.79476
[529]	validation_0-auc:0.79477
[530]	validation_0-auc:0.79478
[531]	validation_0-auc:0.79479
[532]	validation_0-auc:0.79480
[533]	validation_0-auc:0.79481
[534]	validation_0-auc:0.79482
[535]	validation_0-auc:0.79483
[536]	validation_0-auc:0.79484
[537]	validation_0-auc:0.79484
[538]	validation_0-auc:0.79484
[539]	validation_0-auc:0.79485
[540]	validation_0-auc:0.79486
[541]	validation_0-auc:0.79486
[542]	validation_0-auc:0.79487
[543]	validation_0-auc:0.79489
[544]	validation_0-auc:0.79490
[545]	validation_0-auc:0.79491
[546]	validation_0-auc:0.79492
[547]	validation_0-auc:0.79493
[548]	validation_0-auc:0.79494
[549]	validation_0-auc:0.79494
[550]	validation_0-auc:0.79495
[551]	validation_0-auc:0.79497
[552]	validation_0-auc:0.79497
[553]	validation_0-auc:0.79498
[554]	validation_0-auc:0.79500
[555]	validation_0-auc:0.79500
[556]	validation_0-auc:0.79501
[557]	validation_0-auc:0.79501
[558]	validation_0-auc:0.79502
[559]	validation_0-auc:0.79503
[560]	validation_0-auc:0.79503
[561]	validation_0-auc:0.79504
[562]	validation_0-auc:0.79505
[563]	validation_0-auc:0.79506
[564]	validation_0-auc:0.79506
[565]	validation_0-auc:0.79506
[566]	validation_0-auc:0.79507
[567]	validation_0-auc:0.79508
[568]	validation_0-auc:0.79508
[569]	validation_0-auc:0.79509
[570]	validation_0-auc:0.79510
[571]	validation_0-auc:0.79511
[572]	validation_0-auc:0.79511
[573]	validation_0-auc:0.79511
[574]	validation_0-auc:0.79512
[575]	validation_0-auc:0.79513
[576]	validation_0-auc:0.79514
[577]	validation_0-auc:0.79516
[578]	validation_0-auc:0.79515
[579]	validation_0-auc:0.79517
[580]	validation_0-auc:0.79517
[581]	validation_0-auc:0.79519
[582]	validation_0-auc:0.79520
[583]	validation_0-auc:0.79521
[584]	validation_0-auc:0.79522
[585]	validation_0-auc:0.79521
[586]	validation_0-auc:0.79523
[587]	validation_0-auc:0.79522
[588]	validation_0-auc:0.79522
[589]	validation_0-auc:0.79523
[590]	validation_0-auc:0.79524
[591]	validation_0-auc:0.79525
[592]	validation_0-auc:0.79526
[593]	validation_0-auc:0.79527
[594]	validation_0-auc:0.79527
[595]	validation_0-auc:0.79529
[596]	validation_0-auc:0.79530
[597]	validation_0-auc:0.79530
[598]	validation_0-auc:0.79531
[599]	validation_0-auc:0.79531
[600]	validation_0-auc:0.79533
[601]	validation_0-auc:0.79534
[602]	validation_0-auc:0.79535
[603]	validation_0-auc:0.79536
[604]	validation_0-auc:0.79537
[605]	validation_0-auc:0.79538
[606]	validation_0-auc:0.79539
[607]	validation_0-auc:0.79539
[608]	validation_0-auc:0.79540
[609]	validation_0-auc:0.79541
[610]	validation_0-auc:0.79542
[611]	validation_0-auc:0.79542
[612]	validation_0-auc:0.79544
[613]	validation_0-auc:0.79544
[614]	validation_0-auc:0.79545
[615]	validation_0-auc:0.79546
[616]	validation_0-auc:0.79546
[617]	validation_0-auc:0.79547
[618]	validation_0-auc:0.79547
[619]	validation_0-auc:0.79548
[620]	validation_0-auc:0.79550
[621]	validation_0-auc:0.79550
[622]	validation_0-auc:0.79550
[623]	validation_0-auc:0.79550
[624]	validation_0-auc:0.79551
[625]	validation_0-auc:0.79552
[626]	validation_0-auc:0.79554
[627]	validation_0-auc:0.79555
[628]	validation_0-auc:0.79555
[629]	validation_0-auc:0.79556
[630]	validation_0-auc:0.79556
[631]	validation_0-auc:0.79557
[632]	validation_0-auc:0.79558
[633]	validation_0-auc:0.79559
[634]	validation_0-auc:0.79560
[635]	validation_0-auc:0.79560
[636]	validation_0-auc:0.79561
[637]	validation_0-auc:0.79562
[638]	validation_0-auc:0.79562
[639]	validation_0-auc:0.79563
[640]	validation_0-auc:0.79563
[641]	validation_0-auc:0.79567
[642]	validation_0-auc:0.79567
[643]	validation_0-auc:0.79568
[644]	validation_0-auc:0.79571
[645]	validation_0-auc:0.79571
[646]	validation_0-auc:0.79572
[647]	validation_0-auc:0.79575
[648]	validation_0-auc:0.79576
[649]	validation_0-auc:0.79576
[650]	validation_0-auc:0.79577
[651]	validation_0-auc:0.79578
[652]	validation_0-auc:0.79578
[653]	validation_0-auc:0.79579
[654]	validation_0-auc:0.79579
[655]	validation_0-auc:0.79582
[656]	validation_0-auc:0.79583
[657]	validation_0-auc:0.79583
[658]	validation_0-auc:0.79584
[659]	validation_0-auc:0.79585
[660]	validation_0-auc:0.79585
[661]	validation_0-auc:0.79588
[662]	validation_0-auc:0.79589
[663]	validation_0-auc:0.79590
[664]	validation_0-auc:0.79590
[665]	validation_0-auc:0.79590
[666]	validation_0-auc:0.79591
[667]	validation_0-auc:0.79592
[668]	validation_0-auc:0.79593
[669]	validation_0-auc:0.79593
[670]	validation_0-auc:0.79596
[671]	validation_0-auc:0.79597
[672]	validation_0-auc:0.79597
[673]	validation_0-auc:0.79598
[674]	validation_0-auc:0.79599
[675]	validation_0-auc:0.79600
[676]	validation_0-auc:0.79600
[677]	validation_0-auc:0.79600
[678]	validation_0-auc:0.79601
[679]	validation_0-auc:0.79600
[680]	validation_0-auc:0.79601
[681]	validation_0-auc:0.79601
[682]	validation_0-auc:0.79601
[683]	validation_0-auc:0.79601
[684]	validation_0-auc:0.79601
[685]	validation_0-auc:0.79603
[686]	validation_0-auc:0.79602
[687]	validation_0-auc:0.79603
[688]	validation_0-auc:0.79605
[689]	validation_0-auc:0.79604
[690]	validation_0-auc:0.79604
[691]	validation_0-auc:0.79604
[692]	validation_0-auc:0.79604
[693]	validation_0-auc:0.79605
[694]	validation_0-auc:0.79605
[695]	validation_0-auc:0.79605
[696]	validation_0-auc:0.79605
[697]	validation_0-auc:0.79605
[698]	validation_0-auc:0.79606
[699]	validation_0-auc:0.79607
[700]	validation_0-auc:0.79608
[701]	validation_0-auc:0.79608
[702]	validation_0-auc:0.79609
[703]	validation_0-auc:0.79609
[704]	validation_0-auc:0.79610
[705]	validation_0-auc:0.79612
[706]	validation_0-auc:0.79612
[707]	validation_0-auc:0.79613
[708]	validation_0-auc:0.79613
[709]	validation_0-auc:0.79613
[710]	validation_0-auc:0.79614
[711]	validation_0-auc:0.79616
[712]	validation_0-auc:0.79617
[713]	validation_0-auc:0.79617
[714]	validation_0-auc:0.79618
[715]	validation_0-auc:0.79618
[716]	validation_0-auc:0.79618
[717]	validation_0-auc:0.79619
[718]	validation_0-auc:0.79619
[719]	validation_0-auc:0.79620
[720]	validation_0-auc:0.79620
[721]	validation_0-auc:0.79620
[722]	validation_0-auc:0.79621
[723]	validation_0-auc:0.79622
[724]	validation_0-auc:0.79622
[725]	validation_0-auc:0.79622
[726]	validation_0-auc:0.79623
[727]	validation_0-auc:0.79623
[728]	validation_0-auc:0.79623
[729]	validation_0-auc:0.79623
[730]	validation_0-auc:0.79624
[731]	validation_0-auc:0.79625
[732]	validation_0-auc:0.79625
[733]	validation_0-auc:0.79625
[734]	validation_0-auc:0.79625
[735]	validation_0-auc:0.79626
[736]	validation_0-auc:0.79626
[737]	validation_0-auc:0.79626
[738]	validation_0-auc:0.79627
[739]	validation_0-auc:0.79627
[740]	validation_0-auc:0.79628
[741]	validation_0-auc:0.79628
[742]	validation_0-auc:0.79629
[743]	validation_0-auc:0.79629
[744]	validation_0-auc:0.79629
[745]	validation_0-auc:0.79629
[746]	validation_0-auc:0.79630
[747]	validation_0-auc:0.79631
[748]	validation_0-auc:0.79631
[749]	validation_0-auc:0.79632
[750]	validation_0-auc:0.79632
[751]	validation_0-auc:0.79633
[752]	validation_0-auc:0.79633
[753]	validation_0-auc:0.79634
[754]	validation_0-auc:0.79634
[755]	validation_0-auc:0.79636
[756]	validation_0-auc:0.79636
[757]	validation_0-auc:0.79636
[758]	validation_0-auc:0.79636
[759]	validation_0-auc:0.79637
[760]	validation_0-auc:0.79639
[761]	validation_0-auc:0.79640
[762]	validation_0-auc:0.79640
[763]	validation_0-auc:0.79641
[764]	validation_0-auc:0.79641
[765]	validation_0-auc:0.79643
[766]	validation_0-auc:0.79644
[767]	validation_0-auc:0.79645
[768]	validation_0-auc:0.79645
[769]	validation_0-auc:0.79645
[770]	validation_0-auc:0.79646
[771]	validation_0-auc:0.79647
[772]	validation_0-auc:0.79647
[773]	validation_0-auc:0.79648
[774]	validation_0-auc:0.79648
[775]	validation_0-auc:0.79648
[776]	validation_0-auc:0.79648
[777]	validation_0-auc:0.79649
[778]	validation_0-auc:0.79650
[779]	validation_0-auc:0.79652
[780]	validation_0-auc:0.79653
[781]	validation_0-auc:0.79652
[782]	validation_0-auc:0.79652
[783]	validation_0-auc:0.79653
[784]	validation_0-auc:0.79653
[785]	validation_0-auc:0.79654
[786]	validation_0-auc:0.79654
[787]	validation_0-auc:0.79654
[788]	validation_0-auc:0.79655
[789]	validation_0-auc:0.79656
[790]	validation_0-auc:0.79656
[791]	validation_0-auc:0.79657
[792]	validation_0-auc:0.79658
[793]	validation_0-auc:0.79658
[794]	validation_0-auc:0.79658
[795]	validation_0-auc:0.79658
[796]	validation_0-auc:0.79658
[797]	validation_0-auc:0.79658
[798]	validation_0-auc:0.79659
[799]	validation_0-auc:0.79660
[800]	validation_0-auc:0.79660
[801]	validation_0-auc:0.79660
[802]	validation_0-auc:0.79661
[803]	validation_0-auc:0.79661
[804]	validation_0-auc:0.79661
[805]	validation_0-auc:0.79661
[806]	validation_0-auc:0.79661
[807]	validation_0-auc:0.79664
[808]	validation_0-auc:0.79664
[809]	validation_0-auc:0.79664
[810]	validation_0-auc:0.79664
[811]	validation_0-auc:0.79666
[812]	validation_0-auc:0.79666
[813]	validation_0-auc:0.79666
[814]	validation_0-auc:0.79669
[815]	validation_0-auc:0.79670
[816]	validation_0-auc:0.79670
[817]	validation_0-auc:0.79670
[818]	validation_0-auc:0.79673
[819]	validation_0-auc:0.79673
[820]	validation_0-auc:0.79673
[821]	validation_0-auc:0.79673
[822]	validation_0-auc:0.79674
[823]	validation_0-auc:0.79677
[824]	validation_0-auc:0.79677
[825]	validation_0-auc:0.79677
[826]	validation_0-auc:0.79677
[827]	validation_0-auc:0.79679
[828]	validation_0-auc:0.79679
[829]	validation_0-auc:0.79680
[830]	validation_0-auc:0.79680
[831]	validation_0-auc:0.79680
[832]	validation_0-auc:0.79682
[833]	validation_0-auc:0.79682
[834]	validation_0-auc:0.79683
[835]	validation_0-auc:0.79685
[836]	validation_0-auc:0.79685
[837]	validation_0-auc:0.79686
[838]	validation_0-auc:0.79686
[839]	validation_0-auc:0.79686
[840]	validation_0-auc:0.79688
[841]	validation_0-auc:0.79689
[842]	validation_0-auc:0.79689
[843]	validation_0-auc:0.79689
[844]	validation_0-auc:0.79690
[845]	validation_0-auc:0.79690
[846]	validation_0-auc:0.79690
[847]	validation_0-auc:0.79691
[848]	validation_0-auc:0.79690
[849]	validation_0-auc:0.79692
[850]	validation_0-auc:0.79693
[851]	validation_0-auc:0.79693
[852]	validation_0-auc:0.79693
[853]	validation_0-auc:0.79693
[854]	validation_0-auc:0.79695
[855]	validation_0-auc:0.79695
[856]	validation_0-auc:0.79695
[857]	validation_0-auc:0.79696
[858]	validation_0-auc:0.79696
[859]	validation_0-auc:0.79697
[860]	validation_0-auc:0.79697
[861]	validation_0-auc:0.79697
[862]	validation_0-auc:0.79698
[863]	validation_0-auc:0.79698
[864]	validation_0-auc:0.79698
[865]	validation_0-auc:0.79699
[866]	validation_0-auc:0.79700
[867]	validation_0-auc:0.79700
[868]	validation_0-auc:0.79702
[869]	validation_0-auc:0.79702
[870]	validation_0-auc:0.79702
[871]	validation_0-auc:0.79702
[872]	validation_0-auc:0.79703
[873]	validation_0-auc:0.79702
[874]	validation_0-auc:0.79704
[875]	validation_0-auc:0.79704
[876]	validation_0-auc:0.79705
[877]	validation_0-auc:0.79705
[878]	validation_0-auc:0.79706
[879]	validation_0-auc:0.79706
[880]	validation_0-auc:0.79706
[881]	validation_0-auc:0.79708
[882]	validation_0-auc:0.79708
[883]	validation_0-auc:0.79709
[884]	validation_0-auc:0.79710
[885]	validation_0-auc:0.79710
[886]	validation_0-auc:0.79712
[887]	validation_0-auc:0.79712
[888]	validation_0-auc:0.79712
[889]	validation_0-auc:0.79713
[890]	validation_0-auc:0.79713
[891]	validation_0-auc:0.79713
[892]	validation_0-auc:0.79713
[893]	validation_0-auc:0.79713
[894]	validation_0-auc:0.79713
[895]	validation_0-auc:0.79713
[896]	validation_0-auc:0.79715
[897]	validation_0-auc:0.79715
[898]	validation_0-auc:0.79716
[899]	validation_0-auc:0.79716
[900]	validation_0-auc:0.79716
[901]	validation_0-auc:0.79718
[902]	validation_0-auc:0.79718
[903]	validation_0-auc:0.79719
[904]	validation_0-auc:0.79720
[905]	validation_0-auc:0.79720
[906]	validation_0-auc:0.79720
[907]	validation_0-auc:0.79720
[908]	validation_0-auc:0.79722
[909]	validation_0-auc:0.79722
[910]	validation_0-auc:0.79722
[911]	validation_0-auc:0.79722
[912]	validation_0-auc:0.79723
[913]	validation_0-auc:0.79723
[914]	validation_0-auc:0.79723
[915]	validation_0-auc:0.79725
[916]	validation_0-auc:0.79724
[917]	validation_0-auc:0.79725
[918]	validation_0-auc:0.79725
[919]	validation_0-auc:0.79726
[920]	validation_0-auc:0.79727
[921]	validation_0-auc:0.79727
[922]	validation_0-auc:0.79727
[923]	validation_0-auc:0.79727
[924]	validation_0-auc:0.79728
[925]	validation_0-auc:0.79728
[926]	validation_0-auc:0.79728
[927]	validation_0-auc:0.79728
[928]	validation_0-auc:0.79730
[929]	validation_0-auc:0.79730
[930]	validation_0-auc:0.79730
[931]	validation_0-auc:0.79730
[932]	validation_0-auc:0.79732
[933]	validation_0-auc:0.79733
[934]	validation_0-auc:0.79733
[935]	validation_0-auc:0.79733
[936]	validation_0-auc:0.79733
[937]	validation_0-auc:0.79735
[938]	validation_0-auc:0.79735
[939]	validation_0-auc:0.79735
[940]	validation_0-auc:0.79735
[941]	validation_0-auc:0.79735
[942]	validation_0-auc:0.79737
[943]	validation_0-auc:0.79737
[944]	validation_0-auc:0.79738
[945]	validation_0-auc:0.79738
[946]	validation_0-auc:0.79738
[947]	validation_0-auc:0.79739
[948]	validation_0-auc:0.79739
[949]	validation_0-auc:0.79740
[950]	validation_0-auc:0.79740
[951]	validation_0-auc:0.79740
[952]	validation_0-auc:0.79740
[953]	validation_0-auc:0.79740
[954]	validation_0-auc:0.79742
[955]	validation_0-auc:0.79742
[956]	validation_0-auc:0.79743
[957]	validation_0-auc:0.79743
[958]	validation_0-auc:0.79743
[959]	validation_0-auc:0.79744
[960]	validation_0-auc:0.79744
[961]	validation_0-auc:0.79744
[962]	validation_0-auc:0.79744
[963]	validation_0-auc:0.79744
[964]	validation_0-auc:0.79746
[965]	validation_0-auc:0.79745
[966]	validation_0-auc:0.79745
[967]	validation_0-auc:0.79746
[968]	validation_0-auc:0.79746
[969]	validation_0-auc:0.79746
[970]	validation_0-auc:0.79746
[971]	validation_0-auc:0.79746
[972]	validation_0-auc:0.79748
[973]	validation_0-auc:0.79750
[974]	validation_0-auc:0.79750
[975]	validation_0-auc:0.79750
[976]	validation_0-auc:0.79750
[977]	validation_0-auc:0.79750
[978]	validation_0-auc:0.79751
[979]	validation_0-auc:0.79751
[980]	validation_0-auc:0.79751
[981]	validation_0-auc:0.79751
[982]	validation_0-auc:0.79752
[983]	validation_0-auc:0.79752
[984]	validation_0-auc:0.79752
[985]	validation_0-auc:0.79752
[986]	validation_0-auc:0.79753
[987]	validation_0-auc:0.79753
[988]	validation_0-auc:0.79754
[989]	validation_0-auc:0.79754
[990]	validation_0-auc:0.79754
[991]	validation_0-auc:0.79754
[992]	validation_0-auc:0.79755
[993]	validation_0-auc:0.79756
[994]	validation_0-auc:0.79756
[995]	validation_0-auc:0.79756
[996]	validation_0-auc:0.79756
[997]	validation_0-auc:0.79756
[998]	validation_0-auc:0.79756
[999]	validation_0-auc:0.79757
[1000]	validation_0-auc:0.79757
[1001]	validation_0-auc:0.79756
[1002]	validation_0-auc:0.79756
[1003]	validation_0-auc:0.79756
[1004]	validation_0-auc:0.79756
[1005]	validation_0-auc:0.79756
[1006]	validation_0-auc:0.79757
[1007]	validation_0-auc:0.79756
[1008]	validation_0-auc:0.79757
[1009]	validation_0-auc:0.79757
[1010]	validation_0-auc:0.79758
[1011]	validation_0-auc:0.79759
[1012]	validation_0-auc:0.79759
[1013]	validation_0-auc:0.79759
[1014]	validation_0-auc:0.79759
[1015]	validation_0-auc:0.79758
[1016]	validation_0-auc:0.79760
[1017]	validation_0-auc:0.79761
[1018]	validation_0-auc:0.79760
[1019]	validation_0-auc:0.79761
[1020]	validation_0-auc:0.79761
[1021]	validation_0-auc:0.79761
[1022]	validation_0-auc:0.79763
[1023]	validation_0-auc:0.79763
[1024]	validation_0-auc:0.79763
[1025]	validation_0-auc:0.79762
[1026]	validation_0-auc:0.79762
[1027]	validation_0-auc:0.79764
[1028]	validation_0-auc:0.79764
[1029]	validation_0-auc:0.79764
[1030]	validation_0-auc:0.79764
[1031]	validation_0-auc:0.79764
[1032]	validation_0-auc:0.79764
[1033]	validation_0-auc:0.79763
[1034]	validation_0-auc:0.79764
[1035]	validation_0-auc:0.79764
[1036]	validation_0-auc:0.79765
[1037]	validation_0-auc:0.79765
[1038]	validation_0-auc:0.79765
[1039]	validation_0-auc:0.79765
[1040]	validation_0-auc:0.79766
[1041]	validation_0-auc:0.79766
[1042]	validation_0-auc:0.79766
[1043]	validation_0-auc:0.79768
[1044]	validation_0-auc:0.79768
[1045]	validation_0-auc:0.79767
[1046]	validation_0-auc:0.79767
[1047]	validation_0-auc:0.79768
[1048]	validation_0-auc:0.79768
[1049]	validation_0-auc:0.79769
[1050]	validation_0-auc:0.79770
[1051]	validation_0-auc:0.79770
[1052]	validation_0-auc:0.79770
[1053]	validation_0-auc:0.79770
[1054]	validation_0-auc:0.79770
[1055]	validation_0-auc:0.79770
[1056]	validation_0-auc:0.79770
[1057]	validation_0-auc:0.79770
[1058]	validation_0-auc:0.79770
[1059]	validation_0-auc:0.79770
[1060]	validation_0-auc:0.79770
[1061]	validation_0-auc:0.79770
[1062]	validation_0-auc:0.79770
[1063]	validation_0-auc:0.79770
[1064]	validation_0-auc:0.79771
[1065]	validation_0-auc:0.79772
[1066]	validation_0-auc:0.79772
[1067]	validation_0-auc:0.79772
[1068]	validation_0-auc:0.79772
[1069]	validation_0-auc:0.79772
[1070]	validation_0-auc:0.79772
[1071]	validation_0-auc:0.79773
[1072]	validation_0-auc:0.79773
[1073]	validation_0-auc:0.79773
[1074]	validation_0-auc:0.79773
[1075]	validation_0-auc:0.79774
[1076]	validation_0-auc:0.79774
[1077]	validation_0-auc:0.79774
[1078]	validation_0-auc:0.79774
[1079]	validation_0-auc:0.79774
[1080]	validation_0-auc:0.79774
[1081]	validation_0-auc:0.79774
[1082]	validation_0-auc:0.79774
[1083]	validation_0-auc:0.79774
[1084]	validation_0-auc:0.79774
[1085]	validation_0-auc:0.79774
[1086]	validation_0-auc:0.79774
[1087]	validation_0-auc:0.79774
[1088]	validation_0-auc:0.79774
[1089]	validation_0-auc:0.79775
[1090]	validation_0-auc:0.79775
[1091]	validation_0-auc:0.79775
[1092]	validation_0-auc:0.79775
[1093]	validation_0-auc:0.79775
[1094]	validation_0-auc:0.79775
[1095]	validation_0-auc:0.79775
[1096]	validation_0-auc:0.79775
[1097]	validation_0-auc:0.79774
[1098]	validation_0-auc:0.79775
[1099]	validation_0-auc:0.79775
[1100]	validation_0-auc:0.79775
[1101]	validation_0-auc:0.79775
[1102]	validation_0-auc:0.79775
[1103]	validation_0-auc:0.79775
[1104]	validation_0-auc:0.79775
[1105]	validation_0-auc:0.79775
[1106]	validation_0-auc:0.79775
[1107]	validation_0-auc:0.79775
[1108]	validation_0-auc:0.79776
[1109]	validation_0-auc:0.79776
[1110]	validation_0-auc:0.79776
[1111]	validation_0-auc:0.79776
[1112]	validation_0-auc:0.79777
[1113]	validation_0-auc:0.79777
[1114]	validation_0-auc:0.79777
[1115]	validation_0-auc:0.79777
[1116]	validation_0-auc:0.79778
[1117]	validation_0-auc:0.79778
[1118]	validation_0-auc:0.79778
[1119]	validation_0-auc:0.79780
[1120]	validation_0-auc:0.79781
[1121]	validation_0-auc:0.79781
[1122]	validation_0-auc:0.79780
[1123]	validation_0-auc:0.79781
[1124]	validation_0-auc:0.79781
[1125]	validation_0-auc:0.79781
[1126]	validation_0-auc:0.79781
[1127]	validation_0-auc:0.79782
[1128]	validation_0-auc:0.79782
[1129]	validation_0-auc:0.79782
[1130]	validation_0-auc:0.79781
[1131]	validation_0-auc:0.79781
[1132]	validation_0-auc:0.79782
[1133]	validation_0-auc:0.79782
[1134]	validation_0-auc:0.79782
[1135]	validation_0-auc:0.79782
[1136]	validation_0-auc:0.79782
[1137]	validation_0-auc:0.79783
[1138]	validation_0-auc:0.79784
[1139]	validation_0-auc:0.79784
[1140]	validation_0-auc:0.79784
[1141]	validation_0-auc:0.79785
[1142]	validation_0-auc:0.79785
[1143]	validation_0-auc:0.79785
[1144]	validation_0-auc:0.79785
[1145]	validation_0-auc:0.79785
[1146]	validation_0-auc:0.79785
[1147]	validation_0-auc:0.79786
[1148]	validation_0-auc:0.79786
[1149]	validation_0-auc:0.79785
[1150]	validation_0-auc:0.79785
[1151]	validation_0-auc:0.79785
[1152]	validation_0-auc:0.79787
[1153]	validation_0-auc:0.79788
[1154]	validation_0-auc:0.79789
[1155]	validation_0-auc:0.79789
[1156]	validation_0-auc:0.79790
[1157]	validation_0-auc:0.79789
[1158]	validation_0-auc:0.79789
[1159]	validation_0-auc:0.79789
[1160]	validation_0-auc:0.79788
[1161]	validation_0-auc:0.79789
[1162]	validation_0-auc:0.79789
[1163]	validation_0-auc:0.79789
[1164]	validation_0-auc:0.79789
[1165]	validation_0-auc:0.79790
[1166]	validation_0-auc:0.79790
[1167]	validation_0-auc:0.79791
[1168]	validation_0-auc:0.79790
[1169]	validation_0-auc:0.79791
[1170]	validation_0-auc:0.79790
[1171]	validation_0-auc:0.79790
[1172]	validation_0-auc:0.79791
[1173]	validation_0-auc:0.79792
[1174]	validation_0-auc:0.79792
[1175]	validation_0-auc:0.79792
[1176]	validation_0-auc:0.79791
[1177]	validation_0-auc:0.79792
[1178]	validation_0-auc:0.79792
[1179]	validation_0-auc:0.79793
[1180]	validation_0-auc:0.79793
[1181]	validation_0-auc:0.79794
[1182]	validation_0-auc:0.79794
[1183]	validation_0-auc:0.79794
[1184]	validation_0-auc:0.79794
[1185]	validation_0-auc:0.79795
[1186]	validation_0-auc:0.79795
[1187]	validation_0-auc:0.79795
[1188]	validation_0-auc:0.79795
[1189]	validation_0-auc:0.79795
[1190]	validation_0-auc:0.79795
[1191]	validation_0-auc:0.79795
[1192]	validation_0-auc:0.79794
[1193]	validation_0-auc:0.79795
[1194]	validation_0-auc:0.79795
[1195]	validation_0-auc:0.79796
[1196]	validation_0-auc:0.79796
[1197]	validation_0-auc:0.79797
[1198]	validation_0-auc:0.79797
[1199]	validation_0-auc:0.79797
[1200]	validation_0-auc:0.79798
[1201]	validation_0-auc:0.79798
[1202]	validation_0-auc:0.79797
[1203]	validation_0-auc:0.79798
[1204]	validation_0-auc:0.79798
[1205]	validation_0-auc:0.79798
[1206]	validation_0-auc:0.79799
[1207]	validation_0-auc:0.79799
[1208]	validation_0-auc:0.79800
[1209]	validation_0-auc:0.79800
[1210]	validation_0-auc:0.79800
[1211]	validation_0-auc:0.79800
[1212]	validation_0-auc:0.79800
[1213]	validation_0-auc:0.79800
[1214]	validation_0-auc:0.79800
[1215]	validation_0-auc:0.79800
[1216]	validation_0-auc:0.79800
[1217]	validation_0-auc:0.79800
[1218]	validation_0-auc:0.79800
[1219]	validation_0-auc:0.79800
[1220]	validation_0-auc:0.79800
[1221]	validation_0-auc:0.79800
[1222]	validation_0-auc:0.79800
[1223]	validation_0-auc:0.79800
[1224]	validation_0-auc:0.79800
[1225]	validation_0-auc:0.79800
[1226]	validation_0-auc:0.79800
[1227]	validation_0-auc:0.79800
[1228]	validation_0-auc:0.79800
[1229]	validation_0-auc:0.79800
[1230]	validation_0-auc:0.79801
[1231]	validation_0-auc:0.79800
[1232]	validation_0-auc:0.79800
[1233]	validation_0-auc:0.79800
[1234]	validation_0-auc:0.79801
[1235]	validation_0-auc:0.79801
[1236]	validation_0-auc:0.79801
[1237]	validation_0-auc:0.79801
[1238]	validation_0-auc:0.79801
[1239]	validation_0-auc:0.79801
[1240]	validation_0-auc:0.79802
[1241]	validation_0-auc:0.79802
[1242]	validation_0-auc:0.79802
[1243]	validation_0-auc:0.79803
[1244]	validation_0-auc:0.79803
[1245]	validation_0-auc:0.79803
[1246]	validation_0-auc:0.79803
[1247]	validation_0-auc:0.79804
[1248]	validation_0-auc:0.79804
[1249]	validation_0-auc:0.79804
[1250]	validation_0-auc:0.79804
[1251]	validation_0-auc:0.79804
[1252]	validation_0-auc:0.79804
[1253]	validation_0-auc:0.79804
[1254]	validation_0-auc:0.79804
[1255]	validation_0-auc:0.79805
[1256]	validation_0-auc:0.79805
[1257]	validation_0-auc:0.79805
[1258]	validation_0-auc:0.79806
[1259]	validation_0-auc:0.79806
[1260]	validation_0-auc:0.79806
[1261]	validation_0-auc:0.79806
[1262]	validation_0-auc:0.79807
[1263]	validation_0-auc:0.79808
[1264]	validation_0-auc:0.79808
[1265]	validation_0-auc:0.79807
[1266]	validation_0-auc:0.79807
[1267]	validation_0-auc:0.79808
[1268]	validation_0-auc:0.79807
[1269]	validation_0-auc:0.79807
[1270]	validation_0-auc:0.79807
[1271]	validation_0-auc:0.79807
[1272]	validation_0-auc:0.79807
[1273]	validation_0-auc:0.79807
[1274]	validation_0-auc:0.79807
[1275]	validation_0-auc:0.79808
[1276]	validation_0-auc:0.79808
[1277]	validation_0-auc:0.79808
[1278]	validation_0-auc:0.79808
[1279]	validation_0-auc:0.79808
[1280]	validation_0-auc:0.79808
[1281]	validation_0-auc:0.79808
[1282]	validation_0-auc:0.79809
[1283]	validation_0-auc:0.79808
[1284]	validation_0-auc:0.79808
[1285]	validation_0-auc:0.79808
[1286]	validation_0-auc:0.79809
[1287]	validation_0-auc:0.79809
[1288]	validation_0-auc:0.79809
[1289]	validation_0-auc:0.79809
[1290]	validation_0-auc:0.79809
[1291]	validation_0-auc:0.79810
[1292]	validation_0-auc:0.79810
[1293]	validation_0-auc:0.79810
[1294]	validation_0-auc:0.79810
[1295]	validation_0-auc:0.79810
[1296]	validation_0-auc:0.79811
[1297]	validation_0-auc:0.79811
[1298]	validation_0-auc:0.79811
[1299]	validation_0-auc:0.79811
[1300]	validation_0-auc:0.79812
[1301]	validation_0-auc:0.79812
[1302]	validation_0-auc:0.79812
[1303]	validation_0-auc:0.79812
[1304]	validation_0-auc:0.79812
[1305]	validation_0-auc:0.79813
[1306]	validation_0-auc:0.79814
[1307]	validation_0-auc:0.79814
[1308]	validation_0-auc:0.79814
[1309]	validation_0-auc:0.79815
[1310]	validation_0-auc:0.79815
[1311]	validation_0-auc:0.79815
[1312]	validation_0-auc:0.79816
[1313]	validation_0-auc:0.79815
[1314]	validation_0-auc:0.79815
[1315]	validation_0-auc:0.79815
[1316]	validation_0-auc:0.79816
[1317]	validation_0-auc:0.79816
[1318]	validation_0-auc:0.79816
[1319]	validation_0-auc:0.79816
[1320]	validation_0-auc:0.79816
[1321]	validation_0-auc:0.79817
[1322]	validation_0-auc:0.79816
[1323]	validation_0-auc:0.79817
[1324]	validation_0-auc:0.79817
[1325]	validation_0-auc:0.79818
[1326]	validation_0-auc:0.79818
[1327]	validation_0-auc:0.79818
[1328]	validation_0-auc:0.79818
[1329]	validation_0-auc:0.79818
[1330]	validation_0-auc:0.79818
[1331]	validation_0-auc:0.79818
[1332]	validation_0-auc:0.79819
[1333]	validation_0-auc:0.79819
[1334]	validation_0-auc:0.79820
[1335]	validation_0-auc:0.79820
[1336]	validation_0-auc:0.79820
[1337]	validation_0-auc:0.79821
[1338]	validation_0-auc:0.79821
[1339]	validation_0-auc:0.79820
[1340]	validation_0-auc:0.79821
[1341]	validation_0-auc:0.79821
[1342]	validation_0-auc:0.79821
[1343]	validation_0-auc:0.79821
[1344]	validation_0-auc:0.79821
[1345]	validation_0-auc:0.79822
[1346]	validation_0-auc:0.79822
[1347]	validation_0-auc:0.79822
[1348]	validation_0-auc:0.79823
[1349]	validation_0-auc:0.79823
[1350]	validation_0-auc:0.79823
[1351]	validation_0-auc:0.79824
[1352]	validation_0-auc:0.79823
[1353]	validation_0-auc:0.79823
[1354]	validation_0-auc:0.79823
[1355]	validation_0-auc:0.79824
[1356]	validation_0-auc:0.79824
[1357]	validation_0-auc:0.79825
[1358]	validation_0-auc:0.79824
[1359]	validation_0-auc:0.79825
[1360]	validation_0-auc:0.79825
[1361]	validation_0-auc:0.79825
[1362]	validation_0-auc:0.79825
[1363]	validation_0-auc:0.79825
[1364]	validation_0-auc:0.79825
[1365]	validation_0-auc:0.79825
[1366]	validation_0-auc:0.79825
[1367]	validation_0-auc:0.79825
[1368]	validation_0-auc:0.79825
[1369]	validation_0-auc:0.79825
[1370]	validation_0-auc:0.79825
[1371]	validation_0-auc:0.79824
[1372]	validation_0-auc:0.79824
[1373]	validation_0-auc:0.79824
[1374]	validation_0-auc:0.79825
[1375]	validation_0-auc:0.79825
[1376]	validation_0-auc:0.79825
[1377]	validation_0-auc:0.79826
[1378]	validation_0-auc:0.79826
[1379]	validation_0-auc:0.79826
[1380]	validation_0-auc:0.79826
[1381]	validation_0-auc:0.79826
[1382]	validation_0-auc:0.79826
[1383]	validation_0-auc:0.79826
[1384]	validation_0-auc:0.79826
[1385]	validation_0-auc:0.79826
[1386]	validation_0-auc:0.79826
[1387]	validation_0-auc:0.79826
[1388]	validation_0-auc:0.79827
[1389]	validation_0-auc:0.79827
[1390]	validation_0-auc:0.79827
[1391]	validation_0-auc:0.79826
[1392]	validation_0-auc:0.79827
[1393]	validation_0-auc:0.79827
[1394]	validation_0-auc:0.79827
[1395]	validation_0-auc:0.79827
[1396]	validation_0-auc:0.79827
[1397]	validation_0-auc:0.79828
[1398]	validation_0-auc:0.79828
[1399]	validation_0-auc:0.79828
[1400]	validation_0-auc:0.79828
[1401]	validation_0-auc:0.79828
[1402]	validation_0-auc:0.79829
[1403]	validation_0-auc:0.79829
[1404]	validation_0-auc:0.79829
[1405]	validation_0-auc:0.79829
[1406]	validation_0-auc:0.79829
[1407]	validation_0-auc:0.79829
[1408]	validation_0-auc:0.79830
[1409]	validation_0-auc:0.79830
[1410]	validation_0-auc:0.79830
[1411]	validation_0-auc:0.79831
[1412]	validation_0-auc:0.79830
[1413]	validation_0-auc:0.79830
[1414]	validation_0-auc:0.79830
[1415]	validation_0-auc:0.79830
[1416]	validation_0-auc:0.79830
[1417]	validation_0-auc:0.79831
[1418]	validation_0-auc:0.79831
[1419]	validation_0-auc:0.79831
[1420]	validation_0-auc:0.79831
[1421]	validation_0-auc:0.79830
[1422]	validation_0-auc:0.79831
[1423]	validation_0-auc:0.79831
[1424]	validation_0-auc:0.79830
[1425]	validation_0-auc:0.79831
[1426]	validation_0-auc:0.79831
[1427]	validation_0-auc:0.79832
[1428]	validation_0-auc:0.79832
[1429]	validation_0-auc:0.79832
[1430]	validation_0-auc:0.79832
[1431]	validation_0-auc:0.79832
[1432]	validation_0-auc:0.79833
[1433]	validation_0-auc:0.79833
[1434]	validation_0-auc:0.79833
[1435]	validation_0-auc:0.79833
[1436]	validation_0-auc:0.79832
[1437]	validation_0-auc:0.79832
[1438]	validation_0-auc:0.79832
[1439]	validation_0-auc:0.79833
[1440]	validation_0-auc:0.79833
[1441]	validation_0-auc:0.79833
[1442]	validation_0-auc:0.79833
[1443]	validation_0-auc:0.79834
[1444]	validation_0-auc:0.79834
[1445]	validation_0-auc:0.79835
[1446]	validation_0-auc:0.79834
[1447]	validation_0-auc:0.79834
[1448]	validation_0-auc:0.79834
[1449]	validation_0-auc:0.79835
[1450]	validation_0-auc:0.79834
[1451]	validation_0-auc:0.79835
[1452]	validation_0-auc:0.79835
[1453]	validation_0-auc:0.79835
[1454]	validation_0-auc:0.79835
[1455]	validation_0-auc:0.79835
[1456]	validation_0-auc:0.79836
[1457]	validation_0-auc:0.79835
[1458]	validation_0-auc:0.79835
[1459]	validation_0-auc:0.79835
[1460]	validation_0-auc:0.79835
[1461]	validation_0-auc:0.79835
[1462]	validation_0-auc:0.79836
[1463]	validation_0-auc:0.79836
[1464]	validation_0-auc:0.79836
[1465]	validation_0-auc:0.79836
[1466]	validation_0-auc:0.79836
[1467]	validation_0-auc:0.79836
[1468]	validation_0-auc:0.79836
[1469]	validation_0-auc:0.79837
[1470]	validation_0-auc:0.79837
[1471]	validation_0-auc:0.79837
[1472]	validation_0-auc:0.79837
[1473]	validation_0-auc:0.79837
[1474]	validation_0-auc:0.79837
[1475]	validation_0-auc:0.79837
[1476]	validation_0-auc:0.79837
[1477]	validation_0-auc:0.79838
[1478]	validation_0-auc:0.79838
[1479]	validation_0-auc:0.79838
[1480]	validation_0-auc:0.79838
[1481]	validation_0-auc:0.79838
[1482]	validation_0-auc:0.79838
[1483]	validation_0-auc:0.79837
[1484]	validation_0-auc:0.79837
[1485]	validation_0-auc:0.79838
[1486]	validation_0-auc:0.79838
[1487]	validation_0-auc:0.79838
[1488]	validation_0-auc:0.79838
[1489]	validation_0-auc:0.79838
[1490]	validation_0-auc:0.79838
[1491]	validation_0-auc:0.79838
[1492]	validation_0-auc:0.79838
[1493]	validation_0-auc:0.79838
[1494]	validation_0-auc:0.79838
[1495]	validation_0-auc:0.79838
[1496]	validation_0-auc:0.79838
[1497]	validation_0-auc:0.79839
[1498]	validation_0-auc:0.79839
[1499]	validation_0-auc:0.79838
[1500]	validation_0-auc:0.79838
[1501]	validation_0-auc:0.79838
[1502]	validation_0-auc:0.79838
[1503]	validation_0-auc:0.79838
[1504]	validation_0-auc:0.79839
[1505]	validation_0-auc:0.79839
[1506]	validation_0-auc:0.79839
[1507]	validation_0-auc:0.79839
[1508]	validation_0-auc:0.79839
[1509]	validation_0-auc:0.79839
[1510]	validation_0-auc:0.79839
[1511]	validation_0-auc:0.79839
[1512]	validation_0-auc:0.79838
[1513]	validation_0-auc:0.79839
[1514]	validation_0-auc:0.79839
[1515]	validation_0-auc:0.79838
[1516]	validation_0-auc:0.79838
[1517]	validation_0-auc:0.79838
[1518]	validation_0-auc:0.79839
[1519]	validation_0-auc:0.79839
[1520]	validation_0-auc:0.79839
[1521]	validation_0-auc:0.79839
[1522]	validation_0-auc:0.79839
[1523]	validation_0-auc:0.79839
[1524]	validation_0-auc:0.79839
[1525]	validation_0-auc:0.79840
[1526]	validation_0-auc:0.79840
[1527]	validation_0-auc:0.79840
[1528]	validation_0-auc:0.79840
[1529]	validation_0-auc:0.79840
[1530]	validation_0-auc:0.79840
[1531]	validation_0-auc:0.79840
[1532]	validation_0-auc:0.79840
[1533]	validation_0-auc:0.79840
[1534]	validation_0-auc:0.79840
[1535]	validation_0-auc:0.79841
[1536]	validation_0-auc:0.79841
[1537]	validation_0-auc:0.79840
[1538]	validation_0-auc:0.79841
[1539]	validation_0-auc:0.79841
[1540]	validation_0-auc:0.79841
[1541]	validation_0-auc:0.79841
[1542]	validation_0-auc:0.79841
[1543]	validation_0-auc:0.79841
[1544]	validation_0-auc:0.79841
[1545]	validation_0-auc:0.79841
[1546]	validation_0-auc:0.79840
[1547]	validation_0-auc:0.79841
[1548]	validation_0-auc:0.79841
[1549]	validation_0-auc:0.79841
[1550]	validation_0-auc:0.79840
[1551]	validation_0-auc:0.79840
[1552]	validation_0-auc:0.79840
[1553]	validation_0-auc:0.79840
[1554]	validation_0-auc:0.79841
[1555]	validation_0-auc:0.79841
[1556]	validation_0-auc:0.79841
[1557]	validation_0-auc:0.79841
[1558]	validation_0-auc:0.79841
[1559]	validation_0-auc:0.79841
[1560]	validation_0-auc:0.79841
[1561]	validation_0-auc:0.79841
[1562]	validation_0-auc:0.79841
[1563]	validation_0-auc:0.79841
[1564]	validation_0-auc:0.79841
[1565]	validation_0-auc:0.79841
[1566]	validation_0-auc:0.79841
[1567]	validation_0-auc:0.79842
[1568]	validation_0-auc:0.79842
[1569]	validation_0-auc:0.79842
[1570]	validation_0-auc:0.79842
[1571]	validation_0-auc:0.79842
[1572]	validation_0-auc:0.79843
[1573]	validation_0-auc:0.79842
[1574]	validation_0-auc:0.79842
[1575]	validation_0-auc:0.79842
[1576]	validation_0-auc:0.79842
[1577]	validation_0-auc:0.79842
[1578]	validation_0-auc:0.79842
[1579]	validation_0-auc:0.79842
[1580]	validation_0-auc:0.79842
[1581]	validation_0-auc:0.79842
[1582]	validation_0-auc:0.79843
[1583]	validation_0-auc:0.79843
[1584]	validation_0-auc:0.79843
[1585]	validation_0-auc:0.79842
[1586]	validation_0-auc:0.79843
[1587]	validation_0-auc:0.79843
[1588]	validation_0-auc:0.79843
[1589]	validation_0-auc:0.79843
[1590]	validation_0-auc:0.79842
[1591]	validation_0-auc:0.79842
[1592]	validation_0-auc:0.79843
[1593]	validation_0-auc:0.79843
[1594]	validation_0-auc:0.79843
[1595]	validation_0-auc:0.79843
[1596]	validation_0-auc:0.79843
[1597]	validation_0-auc:0.79842
[1598]	validation_0-auc:0.79843
[1599]	validation_0-auc:0.79842
[1600]	validation_0-auc:0.79842
[1601]	validation_0-auc:0.79842
[1602]	validation_0-auc:0.79842
[1603]	validation_0-auc:0.79843
[1604]	validation_0-auc:0.79843
[1605]	validation_0-auc:0.79843
[1606]	validation_0-auc:0.79844
[1607]	validation_0-auc:0.79844
[1608]	validation_0-auc:0.79844
[1609]	validation_0-auc:0.79844
[1610]	validation_0-auc:0.79844
[1611]	validation_0-auc:0.79844
[1612]	validation_0-auc:0.79844
[1613]	validation_0-auc:0.79844
[1614]	validation_0-auc:0.79844
[1615]	validation_0-auc:0.79844
[1616]	validation_0-auc:0.79844
[1617]	validation_0-auc:0.79844
[1618]	validation_0-auc:0.79844
[1619]	validation_0-auc:0.79844
[1620]	validation_0-auc:0.79844
[1621]	validation_0-auc:0.79844
[1622]	validation_0-auc:0.79844
[1623]	validation_0-auc:0.79844
[1624]	validation_0-auc:0.79844
[1625]	validation_0-auc:0.79844
[1626]	validation_0-auc:0.79845
[1627]	validation_0-auc:0.79845
[1628]	validation_0-auc:0.79845
[1629]	validation_0-auc:0.79845
[1630]	validation_0-auc:0.79845
[1631]	validation_0-auc:0.79845
[1632]	validation_0-auc:0.79845
[1633]	validation_0-auc:0.79845
[1634]	validation_0-auc:0.79845
[1635]	validation_0-auc:0.79846
[1636]	validation_0-auc:0.79846
[1637]	validation_0-auc:0.79846
[1638]	validation_0-auc:0.79846
[1639]	validation_0-auc:0.79846
[1640]	validation_0-auc:0.79846
[1641]	validation_0-auc:0.79846
[1642]	validation_0-auc:0.79846
[1643]	validation_0-auc:0.79846
[1644]	validation_0-auc:0.79846
[1645]	validation_0-auc:0.79846
[1646]	validation_0-auc:0.79846
[1647]	validation_0-auc:0.79847
[1648]	validation_0-auc:0.79847
[1649]	validation_0-auc:0.79847
[1650]	validation_0-auc:0.79847
[1651]	validation_0-auc:0.79847
[1652]	validation_0-auc:0.79847
[1653]	validation_0-auc:0.79847
[1654]	validation_0-auc:0.79847
[1655]	validation_0-auc:0.79847
[1656]	validation_0-auc:0.79847
[1657]	validation_0-auc:0.79847
[1658]	validation_0-auc:0.79848
[1659]	validation_0-auc:0.79848
[1660]	validation_0-auc:0.79848
[1661]	validation_0-auc:0.79848
[1662]	validation_0-auc:0.79848
[1663]	validation_0-auc:0.79848
[1664]	validation_0-auc:0.79848
[1665]	validation_0-auc:0.79848
[1666]	validation_0-auc:0.79848
[1667]	validation_0-auc:0.79848
[1668]	validation_0-auc:0.79848
[1669]	validation_0-auc:0.79848
[1670]	validation_0-auc:0.79848
[1671]	validation_0-auc:0.79848
[1672]	validation_0-auc:0.79848
[1673]	validation_0-auc:0.79848
[1674]	validation_0-auc:0.79848
[1675]	validation_0-auc:0.79848
[1676]	validation_0-auc:0.79848
[1677]	validation_0-auc:0.79848
[1678]	validation_0-auc:0.79848
[1679]	validation_0-auc:0.79848
[1680]	validation_0-auc:0.79848
[1681]	validation_0-auc:0.79848
[1682]	validation_0-auc:0.79848
[1683]	validation_0-auc:0.79848
[1684]	validation_0-auc:0.79848
[1685]	validation_0-auc:0.79848
[1686]	validation_0-auc:0.79848
[1687]	validation_0-auc:0.79848
[1688]	validation_0-auc:0.79848
[1689]	validation_0-auc:0.79848
[1690]	validation_0-auc:0.79848
[1691]	validation_0-auc:0.79848
[1692]	validation_0-auc:0.79848
[1693]	validation_0-auc:0.79848
[1694]	validation_0-auc:0.79848
[1695]	validation_0-auc:0.79849
[1696]	validation_0-auc:0.79849
[1697]	validation_0-auc:0.79849
[1698]	validation_0-auc:0.79849
[1699]	validation_0-auc:0.79849
[1700]	validation_0-auc:0.79849
[1701]	validation_0-auc:0.79849
[1702]	validation_0-auc:0.79849
[1703]	validation_0-auc:0.79850
[1704]	validation_0-auc:0.79850
[1705]	validation_0-auc:0.79850
[1706]	validation_0-auc:0.79850
[1707]	validation_0-auc:0.79850
[1708]	validation_0-auc:0.79850
[1709]	validation_0-auc:0.79850
[1710]	validation_0-auc:0.79850
[1711]	validation_0-auc:0.79851
[1712]	validation_0-auc:0.79851
[1713]	validation_0-auc:0.79851
[1714]	validation_0-auc:0.79851
[1715]	validation_0-auc:0.79851
[1716]	validation_0-auc:0.79851
[1717]	validation_0-auc:0.79851
[1718]	validation_0-auc:0.79851
[1719]	validation_0-auc:0.79851
[1720]	validation_0-auc:0.79851
[1721]	validation_0-auc:0.79851
[1722]	validation_0-auc:0.79851
[1723]	validation_0-auc:0.79852
[1724]	validation_0-auc:0.79852
[1725]	validation_0-auc:0.79852
[1726]	validation_0-auc:0.79852
[1727]	validation_0-auc:0.79852
[1728]	validation_0-auc:0.79852
[1729]	validation_0-auc:0.79852
[1730]	validation_0-auc:0.79852
[1731]	validation_0-auc:0.79852
[1732]	validation_0-auc:0.79852
[1733]	validation_0-auc:0.79853
[1734]	validation_0-auc:0.79852
[1735]	validation_0-auc:0.79852
[1736]	validation_0-auc:0.79852
[1737]	validation_0-auc:0.79852
[1738]	validation_0-auc:0.79852
[1739]	validation_0-auc:0.79852
[1740]	validation_0-auc:0.79853
[1741]	validation_0-auc:0.79853
[1742]	validation_0-auc:0.79853
[1743]	validation_0-auc:0.79853
[1744]	validation_0-auc:0.79853
[1745]	validation_0-auc:0.79853
[1746]	validation_0-auc:0.79853
[1747]	validation_0-auc:0.79853
[1748]	validation_0-auc:0.79853
[1749]	validation_0-auc:0.79853
[1750]	validation_0-auc:0.79854
[1751]	validation_0-auc:0.79853
[1752]	validation_0-auc:0.79853
[1753]	validation_0-auc:0.79853
[1754]	validation_0-auc:0.79853
[1755]	validation_0-auc:0.79853
[1756]	validation_0-auc:0.79853
[1757]	validation_0-auc:0.79854
[1758]	validation_0-auc:0.79854
[1759]	validation_0-auc:0.79854
[1760]	validation_0-auc:0.79854
[1761]	validation_0-auc:0.79854
[1762]	validation_0-auc:0.79854
[1763]	validation_0-auc:0.79854
[1764]	validation_0-auc:0.79854
[1765]	validation_0-auc:0.79854
[1766]	validation_0-auc:0.79854
[1767]	validation_0-auc:0.79854
[1768]	validation_0-auc:0.79855
[1769]	validation_0-auc:0.79855
[1770]	validation_0-auc:0.79855
[1771]	validation_0-auc:0.79855
[1772]	validation_0-auc:0.79855
[1773]	validation_0-auc:0.79855
[1774]	validation_0-auc:0.79856
[1775]	validation_0-auc:0.79856
[1776]	validation_0-auc:0.79856
[1777]	validation_0-auc:0.79856
[1778]	validation_0-auc:0.79857
[1779]	validation_0-auc:0.79857
[1780]	validation_0-auc:0.79857
[1781]	validation_0-auc:0.79857
[1782]	validation_0-auc:0.79857
[1783]	validation_0-auc:0.79857
[1784]	validation_0-auc:0.79857
[1785]	validation_0-auc:0.79857
[1786]	validation_0-auc:0.79857
[1787]	validation_0-auc:0.79857
[1788]	validation_0-auc:0.79857
[1789]	validation_0-auc:0.79857
[1790]	validation_0-auc:0.79857
[1791]	validation_0-auc:0.79857
[1792]	validation_0-auc:0.79857
[1793]	validation_0-auc:0.79856
[1794]	validation_0-auc:0.79857
[1795]	validation_0-auc:0.79856
[1796]	validation_0-auc:0.79857
[1797]	validation_0-auc:0.79857
[1798]	validation_0-auc:0.79857
[1799]	validation_0-auc:0.79856
[1800]	validation_0-auc:0.79857
[1801]	validation_0-auc:0.79857
[1802]	validation_0-auc:0.79857
[1803]	validation_0-auc:0.79857
[1804]	validation_0-auc:0.79857
[1805]	validation_0-auc:0.79857
[1806]	validation_0-auc:0.79857
[1807]	validation_0-auc:0.79857
[1808]	validation_0-auc:0.79857
[1809]	validation_0-auc:0.79857
[1810]	validation_0-auc:0.79858
[1811]	validation_0-auc:0.79858
[1812]	validation_0-auc:0.79858
[1813]	validation_0-auc:0.79858
[1814]	validation_0-auc:0.79859
[1815]	validation_0-auc:0.79859
[1816]	validation_0-auc:0.79859
[1817]	validation_0-auc:0.79859
[1818]	validation_0-auc:0.79859
[1819]	validation_0-auc:0.79859
[1820]	validation_0-auc:0.79859
[1821]	validation_0-auc:0.79860
[1822]	validation_0-auc:0.79859
[1823]	validation_0-auc:0.79859
[1824]	validation_0-auc:0.79860
[1825]	validation_0-auc:0.79860
[1826]	validation_0-auc:0.79860
[1827]	validation_0-auc:0.79860
[1828]	validation_0-auc:0.79860
[1829]	validation_0-auc:0.79860
[1830]	validation_0-auc:0.79861
[1831]	validation_0-auc:0.79861
[1832]	validation_0-auc:0.79861
[1833]	validation_0-auc:0.79861
[1834]	validation_0-auc:0.79861
[1835]	validation_0-auc:0.79861
[1836]	validation_0-auc:0.79862
[1837]	validation_0-auc:0.79862
[1838]	validation_0-auc:0.79862
[1839]	validation_0-auc:0.79862
[1840]	validation_0-auc:0.79862
[1841]	validation_0-auc:0.79862
[1842]	validation_0-auc:0.79862
[1843]	validation_0-auc:0.79862
[1844]	validation_0-auc:0.79862
[1845]	validation_0-auc:0.79862
[1846]	validation_0-auc:0.79862
[1847]	validation_0-auc:0.79862
[1848]	validation_0-auc:0.79863
[1849]	validation_0-auc:0.79863
[1850]	validation_0-auc:0.79863
[1851]	validation_0-auc:0.79863
[1852]	validation_0-auc:0.79863
[1853]	validation_0-auc:0.79863
[1854]	validation_0-auc:0.79863
[1855]	validation_0-auc:0.79863
[1856]	validation_0-auc:0.79863
[1857]	validation_0-auc:0.79864
[1858]	validation_0-auc:0.79864
[1859]	validation_0-auc:0.79863
[1860]	validation_0-auc:0.79864
[1861]	validation_0-auc:0.79864
[1862]	validation_0-auc:0.79864
[1863]	validation_0-auc:0.79864
[1864]	validation_0-auc:0.79864
[1865]	validation_0-auc:0.79864
[1866]	validation_0-auc:0.79864
[1867]	validation_0-auc:0.79864
[1868]	validation_0-auc:0.79864
[1869]	validation_0-auc:0.79864
[1870]	validation_0-auc:0.79863
[1871]	validation_0-auc:0.79864
[1872]	validation_0-auc:0.79864
[1873]	validation_0-auc:0.79864
[1874]	validation_0-auc:0.79864
[1875]	validation_0-auc:0.79865
[1876]	validation_0-auc:0.79865
[1877]	validation_0-auc:0.79865
[1878]	validation_0-auc:0.79865
[1879]	validation_0-auc:0.79865
[1880]	validation_0-auc:0.79865
[1881]	validation_0-auc:0.79865
[1882]	validation_0-auc:0.79865
[1883]	validation_0-auc:0.79865
[1884]	validation_0-auc:0.79866
[1885]	validation_0-auc:0.79866
[1886]	validation_0-auc:0.79866
[1887]	validation_0-auc:0.79866
[1888]	validation_0-auc:0.79866
[1889]	validation_0-auc:0.79866
[1890]	validation_0-auc:0.79866
[1891]	validation_0-auc:0.79866
[1892]	validation_0-auc:0.79865
[1893]	validation_0-auc:0.79866
[1894]	validation_0-auc:0.79866
[1895]	validation_0-auc:0.79867
[1896]	validation_0-auc:0.79867
[1897]	validation_0-auc:0.79867
[1898]	validation_0-auc:0.79866
[1899]	validation_0-auc:0.79867
[1900]	validation_0-auc:0.79867
[1901]	validation_0-auc:0.79867
[1902]	validation_0-auc:0.79866
[1903]	validation_0-auc:0.79867
[1904]	validation_0-auc:0.79867
[1905]	validation_0-auc:0.79867
[1906]	validation_0-auc:0.79867
[1907]	validation_0-auc:0.79867
[1908]	validation_0-auc:0.79867
[1909]	validation_0-auc:0.79867
[1910]	validation_0-auc:0.79867
[1911]	validation_0-auc:0.79867
[1912]	validation_0-auc:0.79867
[1913]	validation_0-auc:0.79867
[1914]	validation_0-auc:0.79867
[1915]	validation_0-auc:0.79867
[1916]	validation_0-auc:0.79867
[1917]	validation_0-auc:0.79867
[1918]	validation_0-auc:0.79867
[1919]	validation_0-auc:0.79868
[1920]	validation_0-auc:0.79868
[1921]	validation_0-auc:0.79868
[1922]	validation_0-auc:0.79868
[1923]	validation_0-auc:0.79868
[1924]	validation_0-auc:0.79868
[1925]	validation_0-auc:0.79868
[1926]	validation_0-auc:0.79868
[1927]	validation_0-auc:0.79868
[1928]	validation_0-auc:0.79868
[1929]	validation_0-auc:0.79868
[1930]	validation_0-auc:0.79867
[1931]	validation_0-auc:0.79867
[1932]	validation_0-auc:0.79867
[1933]	validation_0-auc:0.79867
[1934]	validation_0-auc:0.79868
[1935]	validation_0-auc:0.79868
[1936]	validation_0-auc:0.79868
[1937]	validation_0-auc:0.79868
[1938]	validation_0-auc:0.79868
[1939]	validation_0-auc:0.79869
[1940]	validation_0-auc:0.79868
[1941]	validation_0-auc:0.79868
[1942]	validation_0-auc:0.79868
[1943]	validation_0-auc:0.79868
[1944]	validation_0-auc:0.79868
[1945]	validation_0-auc:0.79868
[1946]	validation_0-auc:0.79868
[1947]	validation_0-auc:0.79868
[1948]	validation_0-auc:0.79868
[1949]	validation_0-auc:0.79868
[1950]	validation_0-auc:0.79868
[1951]	validation_0-auc:0.79868
[1952]	validation_0-auc:0.79868
[1953]	validation_0-auc:0.79868
[1954]	validation_0-auc:0.79868
[1955]	validation_0-auc:0.79869
[1956]	validation_0-auc:0.79869
[1957]	validation_0-auc:0.79869
[1958]	validation_0-auc:0.79869
[1959]	validation_0-auc:0.79869
[1960]	validation_0-auc:0.79869
[1961]	validation_0-auc:0.79869
[1962]	validation_0-auc:0.79869
[1963]	validation_0-auc:0.79869
[1964]	validation_0-auc:0.79869
[1965]	validation_0-auc:0.79869
[1966]	validation_0-auc:0.79869
[1967]	validation_0-auc:0.79869
[1968]	validation_0-auc:0.79869
[1969]	validation_0-auc:0.79869
[1970]	validation_0-auc:0.79869
[1971]	validation_0-auc:0.79869
[1972]	validation_0-auc:0.79870
[1973]	validation_0-auc:0.79870
[1974]	validation_0-auc:0.79870
[1975]	validation_0-auc:0.79870
[1976]	validation_0-auc:0.79870
[1977]	validation_0-auc:0.79870
[1978]	validation_0-auc:0.79870
[1979]	validation_0-auc:0.79870
[1980]	validation_0-auc:0.79870
[1981]	validation_0-auc:0.79870
[1982]	validation_0-auc:0.79870
[1983]	validation_0-auc:0.79870
[1984]	validation_0-auc:0.79870
[1985]	validation_0-auc:0.79870
[1986]	validation_0-auc:0.79869
[1987]	validation_0-auc:0.79869
[1988]	validation_0-auc:0.79869
[1989]	validation_0-auc:0.79869
[1990]	validation_0-auc:0.79869
[1991]	validation_0-auc:0.79869
[1992]	validation_0-auc:0.79870
[1993]	validation_0-auc:0.79869
[1994]	validation_0-auc:0.79869
[1995]	validation_0-auc:0.79869
[1996]	validation_0-auc:0.79869
[1997]	validation_0-auc:0.79870
[1998]	validation_0-auc:0.79870
[1999]	validation_0-auc:0.79869
[2000]	validation_0-auc:0.79869
[2001]	validation_0-auc:0.79869
[2002]	validation_0-auc:0.79869
[2003]	validation_0-auc:0.79870
[2004]	validation_0-auc:0.79870
[2005]	validation_0-auc:0.79870
[2006]	validation_0-auc:0.79870
[2007]	validation_0-auc:0.79870
[2008]	validation_0-auc:0.79870
[2009]	validation_0-auc:0.79870
[2010]	validation_0-auc:0.79870
[2011]	validation_0-auc:0.79870
[2012]	validation_0-auc:0.79870
[2013]	validation_0-auc:0.79870
[2014]	validation_0-auc:0.79870
[2015]	validation_0-auc:0.79870
[2016]	validation_0-auc:0.79870
[2017]	validation_0-auc:0.79870
[2018]	validation_0-auc:0.79870
[2019]	validation_0-auc:0.79871
[2020]	validation_0-auc:0.79871
[2021]	validation_0-auc:0.79871
[2022]	validation_0-auc:0.79871
[2023]	validation_0-auc:0.79870
[2024]	validation_0-auc:0.79871
[2025]	validation_0-auc:0.79871
[2026]	validation_0-auc:0.79871
[2027]	validation_0-auc:0.79871
[2028]	validation_0-auc:0.79871
[2029]	validation_0-auc:0.79871
[2030]	validation_0-auc:0.79871
[2031]	validation_0-auc:0.79870
[2032]	validation_0-auc:0.79870
[2033]	validation_0-auc:0.79871
[2034]	validation_0-auc:0.79870
[2035]	validation_0-auc:0.79870
[2036]	validation_0-auc:0.79870
[2037]	validation_0-auc:0.79870
[2038]	validation_0-auc:0.79870
[2039]	validation_0-auc:0.79871
[2040]	validation_0-auc:0.79871
[2041]	validation_0-auc:0.79871
[2042]	validation_0-auc:0.79871
[2043]	validation_0-auc:0.79871
[2044]	validation_0-auc:0.79871
[2045]	validation_0-auc:0.79871
[2046]	validation_0-auc:0.79871
[2047]	validation_0-auc:0.79872
[2048]	validation_0-auc:0.79872
[2049]	validation_0-auc:0.79872
[2050]	validation_0-auc:0.79872
[2051]	validation_0-auc:0.79872
[2052]	validation_0-auc:0.79872
[2053]	validation_0-auc:0.79871
[2054]	validation_0-auc:0.79871
[2055]	validation_0-auc:0.79871
[2056]	validation_0-auc:0.79871
[2057]	validation_0-auc:0.79871
[2058]	validation_0-auc:0.79871
[2059]	validation_0-auc:0.79871
[2060]	validation_0-auc:0.79871
[2061]	validation_0-auc:0.79871
[2062]	validation_0-auc:0.79871
[2063]	validation_0-auc:0.79871
[2064]	validation_0-auc:0.79872
[2065]	validation_0-auc:0.79872
[2066]	validation_0-auc:0.79872
[2067]	validation_0-auc:0.79872
[2068]	validation_0-auc:0.79872
[2069]	validation_0-auc:0.79872
[2070]	validation_0-auc:0.79873
[2071]	validation_0-auc:0.79874
[2072]	validation_0-auc:0.79874
[2073]	validation_0-auc:0.79874
[2074]	validation_0-auc:0.79874
[2075]	validation_0-auc:0.79874
[2076]	validation_0-auc:0.79874
[2077]	validation_0-auc:0.79874
[2078]	validation_0-auc:0.79874
[2079]	validation_0-auc:0.79875
[2080]	validation_0-auc:0.79875
[2081]	validation_0-auc:0.79875
[2082]	validation_0-auc:0.79875
[2083]	validation_0-auc:0.79875
[2084]	validation_0-auc:0.79875
[2085]	validation_0-auc:0.79875
[2086]	validation_0-auc:0.79875
[2087]	validation_0-auc:0.79875
[2088]	validation_0-auc:0.79875
[2089]	validation_0-auc:0.79876
[2090]	validation_0-auc:0.79876
[2091]	validation_0-auc:0.79876
[2092]	validation_0-auc:0.79875
[2093]	validation_0-auc:0.79876
[2094]	validation_0-auc:0.79876
[2095]	validation_0-auc:0.79876
[2096]	validation_0-auc:0.79875
[2097]	validation_0-auc:0.79875
[2098]	validation_0-auc:0.79875
[2099]	validation_0-auc:0.79875
[2100]	validation_0-auc:0.79875
[2101]	validation_0-auc:0.79875
[2102]	validation_0-auc:0.79875
[2103]	validation_0-auc:0.79875
[2104]	validation_0-auc:0.79875
[2105]	validation_0-auc:0.79875
[2106]	validation_0-auc:0.79875
[2107]	validation_0-auc:0.79875
[2108]	validation_0-auc:0.79875
[2109]	validation_0-auc:0.79875
[2110]	validation_0-auc:0.79875
[2111]	validation_0-auc:0.79875
[2112]	validation_0-auc:0.79875
[2113]	validation_0-auc:0.79875
[2114]	validation_0-auc:0.79874
[2115]	validation_0-auc:0.79874
[2116]	validation_0-auc:0.79874
[2117]	validation_0-auc:0.79875
[2118]	validation_0-auc:0.79876
[2119]	validation_0-auc:0.79876
[2120]	validation_0-auc:0.79876
[2121]	validation_0-auc:0.79876
[2122]	validation_0-auc:0.79877
[2123]	validation_0-auc:0.79877
[2124]	validation_0-auc:0.79877
[2125]	validation_0-auc:0.79877
[2126]	validation_0-auc:0.79877
[2127]	validation_0-auc:0.79877
[2128]	validation_0-auc:0.79877
[2129]	validation_0-auc:0.79877
[2130]	validation_0-auc:0.79877
[2131]	validation_0-auc:0.79877
[2132]	validation_0-auc:0.79877
[2133]	validation_0-auc:0.79877
[2134]	validation_0-auc:0.79877
[2135]	validation_0-auc:0.79877
[2136]	validation_0-auc:0.79877
[2137]	validation_0-auc:0.79877
[2138]	validation_0-auc:0.79877
[2139]	validation_0-auc:0.79877
[2140]	validation_0-auc:0.79877
[2141]	validation_0-auc:0.79877
[2142]	validation_0-auc:0.79877
[2143]	validation_0-auc:0.79877
[2144]	validation_0-auc:0.79877
[2145]	validation_0-auc:0.79877
[2146]	validation_0-auc:0.79877
[2147]	validation_0-auc:0.79877
[2148]	validation_0-auc:0.79878
[2149]	validation_0-auc:0.79878
[2150]	validation_0-auc:0.79878
[2151]	validation_0-auc:0.79878
[2152]	validation_0-auc:0.79879
[2153]	validation_0-auc:0.79879
[2154]	validation_0-auc:0.79879
[2155]	validation_0-auc:0.79879
[2156]	validation_0-auc:0.79879
[2157]	validation_0-auc:0.79879
[2158]	validation_0-auc:0.79879
[2159]	validation_0-auc:0.79879
[2160]	validation_0-auc:0.79879
[2161]	validation_0-auc:0.79879
[2162]	validation_0-auc:0.79879
[2163]	validation_0-auc:0.79878
[2164]	validation_0-auc:0.79878
[2165]	validation_0-auc:0.79878
[2166]	validation_0-auc:0.79878
[2167]	validation_0-auc:0.79878
[2168]	validation_0-auc:0.79878
[2169]	validation_0-auc:0.79878
[2170]	validation_0-auc:0.79878
[2171]	validation_0-auc:0.79878
[2172]	validation_0-auc:0.79879
[2173]	validation_0-auc:0.79879
[2174]	validation_0-auc:0.79879
[2175]	validation_0-auc:0.79879
[2176]	validation_0-auc:0.79879
[2177]	validation_0-auc:0.79879
[2178]	validation_0-auc:0.79878
[2179]	validation_0-auc:0.79878
[2180]	validation_0-auc:0.79878
[2181]	validation_0-auc:0.79878
[2182]	validation_0-auc:0.79878
[2183]	validation_0-auc:0.79878
[2184]	validation_0-auc:0.79878
[2185]	validation_0-auc:0.79878
[2186]	validation_0-auc:0.79878
[2187]	validation_0-auc:0.79878
[2188]	validation_0-auc:0.79879
[2189]	validation_0-auc:0.79879
[2190]	validation_0-auc:0.79879
[2191]	validation_0-auc:0.79879
[2192]	validation_0-auc:0.79880
[2193]	validation_0-auc:0.79879
[2194]	validation_0-auc:0.79879
[2195]	validation_0-auc:0.79880
[2196]	validation_0-auc:0.79880
[2197]	validation_0-auc:0.79880
[2198]	validation_0-auc:0.79880
[2199]	validation_0-auc:0.79880
[2200]	validation_0-auc:0.79879
[2201]	validation_0-auc:0.79879
[2202]	validation_0-auc:0.79879
[2203]	validation_0-auc:0.79880
[2204]	validation_0-auc:0.79879
[2205]	validation_0-auc:0.79879
[2206]	validation_0-auc:0.79879
[2207]	validation_0-auc:0.79879
[2208]	validation_0-auc:0.79879
[2209]	validation_0-auc:0.79879
[2210]	validation_0-auc:0.79879
[2211]	validation_0-auc:0.79879
[2212]	validation_0-auc:0.79879
[2213]	validation_0-auc:0.79879
[2214]	validation_0-auc:0.79879
[2215]	validation_0-auc:0.79878
[2216]	validation_0-auc:0.79878
[2217]	validation_0-auc:0.79879
[2218]	validation_0-auc:0.79879
[2219]	validation_0-auc:0.79878
[2220]	validation_0-auc:0.79879
[2221]	validation_0-auc:0.79878
[2222]	validation_0-auc:0.79878
[2223]	validation_0-auc:0.79879
[2224]	validation_0-auc:0.79879
[2225]	validation_0-auc:0.79879
[2226]	validation_0-auc:0.79879
[2227]	validation_0-auc:0.79879
[2228]	validation_0-auc:0.79879
[2229]	validation_0-auc:0.79879
[2230]	validation_0-auc:0.79880
[2231]	validation_0-auc:0.79880
[2232]	validation_0-auc:0.79880
[2233]	validation_0-auc:0.79880
[2234]	validation_0-auc:0.79880
[2235]	validation_0-auc:0.79880
[2236]	validation_0-auc:0.79880
[2237]	validation_0-auc:0.79879
[2238]	validation_0-auc:0.79879
[2239]	validation_0-auc:0.79879
[2240]	validation_0-auc:0.79879
[2241]	validation_0-auc:0.79879
[2242]	validation_0-auc:0.79879
[2243]	validation_0-auc:0.79879
[2244]	validation_0-auc:0.79879
[2245]	validation_0-auc:0.79879
[2246]	validation_0-auc:0.79879
[2247]	validation_0-auc:0.79879
[2248]	validation_0-auc:0.79879
[2249]	validation_0-auc:0.79879
[2250]	validation_0-auc:0.79879
[2251]	validation_0-auc:0.79879
[2252]	validation_0-auc:0.79879
[2253]	validation_0-auc:0.79879
[2254]	validation_0-auc:0.79879
[2255]	validation_0-auc:0.79879
[2256]	validation_0-auc:0.79879
[2257]	validation_0-auc:0.79879
[2258]	validation_0-auc:0.79878
[2259]	validation_0-auc:0.79878
[2260]	validation_0-auc:0.79878
[2261]	validation_0-auc:0.79878
[2262]	validation_0-auc:0.79878
[2263]	validation_0-auc:0.79878
[2264]	validation_0-auc:0.79878
[2265]	validation_0-auc:0.79878
[2266]	validation_0-auc:0.79878
[2267]	validation_0-auc:0.79878
[2268]	validation_0-auc:0.79878
[2269]	validation_0-auc:0.79878
[2270]	validation_0-auc:0.79878
[2271]	validation_0-auc:0.79877
[2272]	validation_0-auc:0.79878
[2273]	validation_0-auc:0.79878
[2274]	validation_0-auc:0.79878
[2275]	validation_0-auc:0.79878
[2276]	validation_0-auc:0.79878
[2277]	validation_0-auc:0.79878
[2278]	validation_0-auc:0.79878
[2279]	validation_0-auc:0.79878
[2280]	validation_0-auc:0.79878
[2281]	validation_0-auc:0.79879
[2282]	validation_0-auc:0.79878
[2283]	validation_0-auc:0.79878
[2284]	validation_0-auc:0.79878
[2285]	validation_0-auc:0.79878
[2286]	validation_0-auc:0.79878
[2287]	validation_0-auc:0.79878
[2288]	validation_0-auc:0.79878
[2289]	validation_0-auc:0.79878
[2290]	validation_0-auc:0.79878
[2291]	validation_0-auc:0.79878
[2292]	validation_0-auc:0.79878
[2293]	validation_0-auc:0.79878
[2294]	validation_0-auc:0.79878
[2295]	validation_0-auc:0.79878
[2296]	validation_0-auc:0.79878
[2297]	validation_0-auc:0.79878
[2298]	validation_0-auc:0.79878
[2299]	validation_0-auc:0.79878
[2300]	validation_0-auc:0.79878
[2301]	validation_0-auc:0.79878
[2302]	validation_0-auc:0.79878
[2303]	validation_0-auc:0.79878
[2304]	validation_0-auc:0.79879
[2305]	validation_0-auc:0.79879
[2306]	validation_0-auc:0.79879
[2307]	validation_0-auc:0.79879
[2308]	validation_0-auc:0.79879
[2309]	validation_0-auc:0.79879
[2310]	validation_0-auc:0.79879
[2311]	validation_0-auc:0.79878
[2312]	validation_0-auc:0.79879
[2313]	validation_0-auc:0.79878
[2314]	validation_0-auc:0.79878
[2315]	validation_0-auc:0.79878
[2316]	validation_0-auc:0.79879
[2317]	validation_0-auc:0.79879
[2318]	validation_0-auc:0.79879
[2319]	validation_0-auc:0.79879
[2320]	validation_0-auc:0.79879
[2321]	validation_0-auc:0.79879
[2322]	validation_0-auc:0.79879
[2323]	validation_0-auc:0.79879
[2324]	validation_0-auc:0.79879
[2325]	validation_0-auc:0.79879
[2326]	validation_0-auc:0.79879
[2327]	validation_0-auc:0.79880
[2328]	validation_0-auc:0.79880
[2329]	validation_0-auc:0.79880
[2330]	validation_0-auc:0.79880
[2331]	validation_0-auc:0.79880
[2332]	validation_0-auc:0.79880
[2333]	validation_0-auc:0.79880
[2334]	validation_0-auc:0.79880
[2335]	validation_0-auc:0.79880
[2336]	validation_0-auc:0.79880
[2337]	validation_0-auc:0.79881
[2338]	validation_0-auc:0.79881
[2339]	validation_0-auc:0.79881
[2340]	validation_0-auc:0.79881
[2341]	validation_0-auc:0.79881
[2342]	validation_0-auc:0.79881
[2343]	validation_0-auc:0.79881
[2344]	validation_0-auc:0.79881
[2345]	validation_0-auc:0.79881
[2346]	validation_0-auc:0.79881
[2347]	validation_0-auc:0.79881
[2348]	validation_0-auc:0.79881
[2349]	validation_0-auc:0.79881
[2350]	validation_0-auc:0.79881
[2351]	validation_0-auc:0.79881
[2352]	validation_0-auc:0.79881
[2353]	validation_0-auc:0.79881
[2354]	validation_0-auc:0.79881
[2355]	validation_0-auc:0.79882
[2356]	validation_0-auc:0.79882
[2357]	validation_0-auc:0.79882
[2358]	validation_0-auc:0.79882
[2359]	validation_0-auc:0.79882
[2360]	validation_0-auc:0.79882
[2361]	validation_0-auc:0.79882
[2362]	validation_0-auc:0.79882
[2363]	validation_0-auc:0.79882
[2364]	validation_0-auc:0.79882
[2365]	validation_0-auc:0.79882
[2366]	validation_0-auc:0.79882
[2367]	validation_0-auc:0.79882
[2368]	validation_0-auc:0.79882
[2369]	validation_0-auc:0.79881
[2370]	validation_0-auc:0.79882
[2371]	validation_0-auc:0.79882
[2372]	validation_0-auc:0.79882
[2373]	validation_0-auc:0.79882
[2374]	validation_0-auc:0.79882
[2375]	validation_0-auc:0.79882
[2376]	validation_0-auc:0.79882
[2377]	validation_0-auc:0.79882
[2378]	validation_0-auc:0.79882
[2379]	validation_0-auc:0.79883
[2380]	validation_0-auc:0.79883
[2381]	validation_0-auc:0.79883
[2382]	validation_0-auc:0.79883
[2383]	validation_0-auc:0.79883
[2384]	validation_0-auc:0.79883
[2385]	validation_0-auc:0.79883
[2386]	validation_0-auc:0.79883
[2387]	validation_0-auc:0.79883
[2388]	validation_0-auc:0.79883
[2389]	validation_0-auc:0.79883
[2390]	validation_0-auc:0.79883
[2391]	validation_0-auc:0.79883
[2392]	validation_0-auc:0.79883
[2393]	validation_0-auc:0.79883
[2394]	validation_0-auc:0.79883
[2395]	validation_0-auc:0.79883
[2396]	validation_0-auc:0.79883
[2397]	validation_0-auc:0.79883
[2398]	validation_0-auc:0.79883
[2399]	validation_0-auc:0.79883
[2400]	validation_0-auc:0.79883
[2401]	validation_0-auc:0.79883
[2402]	validation_0-auc:0.79883
[2403]	validation_0-auc:0.79883
[2404]	validation_0-auc:0.79883
[2405]	validation_0-auc:0.79883
[2406]	validation_0-auc:0.79883
[2407]	validation_0-auc:0.79883
[2408]	validation_0-auc:0.79883
[2409]	validation_0-auc:0.79883
[2410]	validation_0-auc:0.79883
[2411]	validation_0-auc:0.79883
[2412]	validation_0-auc:0.79883
[2413]	validation_0-auc:0.79883
[2414]	validation_0-auc:0.79883
[2415]	validation_0-auc:0.79883
[2416]	validation_0-auc:0.79883
[2417]	validation_0-auc:0.79882
[2418]	validation_0-auc:0.79882
[2419]	validation_0-auc:0.79883
[2420]	validation_0-auc:0.79883
[2421]	validation_0-auc:0.79883
[2422]	validation_0-auc:0.79883
[2423]	validation_0-auc:0.79883
[2424]	validation_0-auc:0.79884
[2425]	validation_0-auc:0.79884
[2426]	validation_0-auc:0.79884
[2427]	validation_0-auc:0.79884
[2428]	validation_0-auc:0.79884
[2429]	validation_0-auc:0.79884
[2430]	validation_0-auc:0.79884
[2431]	validation_0-auc:0.79884
[2432]	validation_0-auc:0.79884
[2433]	validation_0-auc:0.79883
[2434]	validation_0-auc:0.79884
[2435]	validation_0-auc:0.79884
[2436]	validation_0-auc:0.79884
[2437]	validation_0-auc:0.79884
[2438]	validation_0-auc:0.79884
[2439]	validation_0-auc:0.79884
[2440]	validation_0-auc:0.79884
[2441]	validation_0-auc:0.79884
[2442]	validation_0-auc:0.79884
[2443]	validation_0-auc:0.79883
[2444]	validation_0-auc:0.79883
[2445]	validation_0-auc:0.79883
[2446]	validation_0-auc:0.79883
[2447]	validation_0-auc:0.79884
[2448]	validation_0-auc:0.79884
[2449]	validation_0-auc:0.79884
[2450]	validation_0-auc:0.79884
[2451]	validation_0-auc:0.79884
[2452]	validation_0-auc:0.79884
[2453]	validation_0-auc:0.79884
[2454]	validation_0-auc:0.79883
[2455]	validation_0-auc:0.79883
[2456]	validation_0-auc:0.79883
[2457]	validation_0-auc:0.79883
[2458]	validation_0-auc:0.79883
[2459]	validation_0-auc:0.79883
[2460]	validation_0-auc:0.79883
[2461]	validation_0-auc:0.79883
[2462]	validation_0-auc:0.79883
[2463]	validation_0-auc:0.79883
[2464]	validation_0-auc:0.79883
[2465]	validation_0-auc:0.79883
[2466]	validation_0-auc:0.79883
[2467]	validation_0-auc:0.79883
[2468]	validation_0-auc:0.79883
[2469]	validation_0-auc:0.79883
[2470]	validation_0-auc:0.79883
[2471]	validation_0-auc:0.79883
[2472]	validation_0-auc:0.79883
[2473]	validation_0-auc:0.79883
[2474]	validation_0-auc:0.79883
[2475]	validation_0-auc:0.79883
[2476]	validation_0-auc:0.79883
[2477]	validation_0-auc:0.79883
[2478]	validation_0-auc:0.79883
[2479]	validation_0-auc:0.79883
[2480]	validation_0-auc:0.79882
[2481]	validation_0-auc:0.79882
[2482]	validation_0-auc:0.79883
[2483]	validation_0-auc:0.79882
[2484]	validation_0-auc:0.79882
[2485]	validation_0-auc:0.79882
[2486]	validation_0-auc:0.79882
[2487]	validation_0-auc:0.79882
[2488]	validation_0-auc:0.79882
[2489]	validation_0-auc:0.79882
[2490]	validation_0-auc:0.79882
[2491]	validation_0-auc:0.79882
[2492]	validation_0-auc:0.79882
[2493]	validation_0-auc:0.79882
[2494]	validation_0-auc:0.79882
[2495]	validation_0-auc:0.79882
[2496]	validation_0-auc:0.79882
[2497]	validation_0-auc:0.79882
[2498]	validation_0-auc:0.79882
[2499]	validation_0-auc:0.79882
