[0]	validation_0-auc:0.76369
[1]	validation_0-auc:0.76424
[2]	validation_0-auc:0.76474
[3]	validation_0-auc:0.76499
[4]	validation_0-auc:0.76783
[5]	validation_0-auc:0.76917
[6]	validation_0-auc:0.76922
[7]	validation_0-auc:0.76934
[8]	validation_0-auc:0.76924
[9]	validation_0-auc:0.76958
[10]	validation_0-auc:0.76964
[11]	validation_0-auc:0.76955
[12]	validation_0-auc:0.76962
[13]	validation_0-auc:0.76964
[14]	validation_0-auc:0.76968
[15]	validation_0-auc:0.76979
[16]	validation_0-auc:0.76972
[17]	validation_0-auc:0.76962
[18]	validation_0-auc:0.76960
[19]	validation_0-auc:0.76897
[20]	validation_0-auc:0.76896
[21]	validation_0-auc:0.76895
[22]	validation_0-auc:0.76888
[23]	validation_0-auc:0.76889
[24]	validation_0-auc:0.76885
[25]	validation_0-auc:0.76875
[26]	validation_0-auc:0.76874
[27]	validation_0-auc:0.76881
[28]	validation_0-auc:0.76857
[29]	validation_0-auc:0.76857
[30]	validation_0-auc:0.76858
[31]	validation_0-auc:0.76875
[32]	validation_0-auc:0.76859
[33]	validation_0-auc:0.76867
[34]	validation_0-auc:0.76872
[35]	validation_0-auc:0.76861
[36]	validation_0-auc:0.76865
[37]	validation_0-auc:0.76867
[38]	validation_0-auc:0.76867
[39]	validation_0-auc:0.76870
[40]	validation_0-auc:0.76884
[41]	validation_0-auc:0.76888
[42]	validation_0-auc:0.76892
[43]	validation_0-auc:0.76896
[44]	validation_0-auc:0.76906
[45]	validation_0-auc:0.76913
[46]	validation_0-auc:0.76912
[47]	validation_0-auc:0.76917
[48]	validation_0-auc:0.76917
[49]	validation_0-auc:0.76926
[50]	validation_0-auc:0.76929
[51]	validation_0-auc:0.76930
[52]	validation_0-auc:0.76935
[53]	validation_0-auc:0.76938
[54]	validation_0-auc:0.76981
[55]	validation_0-auc:0.76987
[56]	validation_0-auc:0.76989
[57]	validation_0-auc:0.76987
[58]	validation_0-auc:0.76991
[59]	validation_0-auc:0.76997
[60]	validation_0-auc:0.77210
[61]	validation_0-auc:0.77225
[62]	validation_0-auc:0.77231
[63]	validation_0-auc:0.77241
[64]	validation_0-auc:0.77246
[65]	validation_0-auc:0.77249
[66]	validation_0-auc:0.77265
[67]	validation_0-auc:0.77280
[68]	validation_0-auc:0.77282
[69]	validation_0-auc:0.77308
[70]	validation_0-auc:0.77330
[71]	validation_0-auc:0.77343
[72]	validation_0-auc:0.77354
[73]	validation_0-auc:0.77367
[74]	validation_0-auc:0.77382
[75]	validation_0-auc:0.77386
[76]	validation_0-auc:0.77400
[77]	validation_0-auc:0.77412
[78]	validation_0-auc:0.77415
[79]	validation_0-auc:0.77417
[80]	validation_0-auc:0.77427
[81]	validation_0-auc:0.77439
[82]	validation_0-auc:0.77441
[83]	validation_0-auc:0.77447
[84]	validation_0-auc:0.77450
[85]	validation_0-auc:0.77459
[86]	validation_0-auc:0.77472
[87]	validation_0-auc:0.77473
[88]	validation_0-auc:0.77476
[89]	validation_0-auc:0.77479
[90]	validation_0-auc:0.77482
[91]	validation_0-auc:0.77481
[92]	validation_0-auc:0.77490
[93]	validation_0-auc:0.77490
[94]	validation_0-auc:0.77501
[95]	validation_0-auc:0.77507
[96]	validation_0-auc:0.77508
[97]	validation_0-auc:0.77515
[98]	validation_0-auc:0.77517
[99]	validation_0-auc:0.77518
[100]	validation_0-auc:0.77522
[101]	validation_0-auc:0.77521
[102]	validation_0-auc:0.77527
[103]	validation_0-auc:0.77665
[104]	validation_0-auc:0.77671
[105]	validation_0-auc:0.77674
[106]	validation_0-auc:0.77679
[107]	validation_0-auc:0.77691
[108]	validation_0-auc:0.77701
[109]	validation_0-auc:0.77705
[110]	validation_0-auc:0.77712
[111]	validation_0-auc:0.77715
[112]	validation_0-auc:0.77717
[113]	validation_0-auc:0.77722
[114]	validation_0-auc:0.77724
[115]	validation_0-auc:0.77729
[116]	validation_0-auc:0.77746
[117]	validation_0-auc:0.77756
[118]	validation_0-auc:0.77726
[119]	validation_0-auc:0.77779
[120]	validation_0-auc:0.77750
[121]	validation_0-auc:0.77761
[122]	validation_0-auc:0.77764
[123]	validation_0-auc:0.77770
[124]	validation_0-auc:0.77775
[125]	validation_0-auc:0.77787
[126]	validation_0-auc:0.77789
[127]	validation_0-auc:0.77789
[128]	validation_0-auc:0.77793
[129]	validation_0-auc:0.77795
[130]	validation_0-auc:0.77800
[131]	validation_0-auc:0.77813
[132]	validation_0-auc:0.77818
[133]	validation_0-auc:0.77821
[134]	validation_0-auc:0.77826
[135]	validation_0-auc:0.77830
[136]	validation_0-auc:0.77829
[137]	validation_0-auc:0.77835
[138]	validation_0-auc:0.77836
[139]	validation_0-auc:0.77915
[140]	validation_0-auc:0.77919
[141]	validation_0-auc:0.77922
[142]	validation_0-auc:0.77946
[143]	validation_0-auc:0.77951
[144]	validation_0-auc:0.77953
[145]	validation_0-auc:0.78008
[146]	validation_0-auc:0.78010
[147]	validation_0-auc:0.78035
[148]	validation_0-auc:0.78054
[149]	validation_0-auc:0.78057
[150]	validation_0-auc:0.78060
[151]	validation_0-auc:0.78064
[152]	validation_0-auc:0.78062
[153]	validation_0-auc:0.78091
[154]	validation_0-auc:0.78094
[155]	validation_0-auc:0.78099
[156]	validation_0-auc:0.78100
[157]	validation_0-auc:0.78105
[158]	validation_0-auc:0.78108
[159]	validation_0-auc:0.78114
[160]	validation_0-auc:0.78115
[161]	validation_0-auc:0.78143
[162]	validation_0-auc:0.78143
[163]	validation_0-auc:0.78155
[164]	validation_0-auc:0.78145
[165]	validation_0-auc:0.78151
[166]	validation_0-auc:0.78149
[167]	validation_0-auc:0.78151
[168]	validation_0-auc:0.78149
[169]	validation_0-auc:0.78153
[170]	validation_0-auc:0.78154
[171]	validation_0-auc:0.78160
[172]	validation_0-auc:0.78167
[173]	validation_0-auc:0.78169
[174]	validation_0-auc:0.78172
[175]	validation_0-auc:0.78173
[176]	validation_0-auc:0.78177
[177]	validation_0-auc:0.78181
[178]	validation_0-auc:0.78183
[179]	validation_0-auc:0.78184
[180]	validation_0-auc:0.78186
[181]	validation_0-auc:0.78191
[182]	validation_0-auc:0.78189
[183]	validation_0-auc:0.78195
[184]	validation_0-auc:0.78196
[185]	validation_0-auc:0.78196
[186]	validation_0-auc:0.78200
[187]	validation_0-auc:0.78201
[188]	validation_0-auc:0.78203
[189]	validation_0-auc:0.78204
[190]	validation_0-auc:0.78205
[191]	validation_0-auc:0.78207
[192]	validation_0-auc:0.78209
[193]	validation_0-auc:0.78210
[194]	validation_0-auc:0.78213
[195]	validation_0-auc:0.78214
[196]	validation_0-auc:0.78215
[197]	validation_0-auc:0.78218
[198]	validation_0-auc:0.78224
[199]	validation_0-auc:0.78225
[200]	validation_0-auc:0.78227
[201]	validation_0-auc:0.78226
[202]	validation_0-auc:0.78224
[203]	validation_0-auc:0.78226
[204]	validation_0-auc:0.78226
[205]	validation_0-auc:0.78228
[206]	validation_0-auc:0.78229
[207]	validation_0-auc:0.78221
[208]	validation_0-auc:0.78225
[209]	validation_0-auc:0.78226
[210]	validation_0-auc:0.78222
[211]	validation_0-auc:0.78223
[212]	validation_0-auc:0.78224
[213]	validation_0-auc:0.78226
[214]	validation_0-auc:0.78231
[215]	validation_0-auc:0.78232
[216]	validation_0-auc:0.78232
[217]	validation_0-auc:0.78232
[218]	validation_0-auc:0.78235
[219]	validation_0-auc:0.78238
[220]	validation_0-auc:0.78238
[221]	validation_0-auc:0.78246
[222]	validation_0-auc:0.78240
[223]	validation_0-auc:0.78248
[224]	validation_0-auc:0.78248
[225]	validation_0-auc:0.78251
[226]	validation_0-auc:0.78251
[227]	validation_0-auc:0.78254
[228]	validation_0-auc:0.78256
[229]	validation_0-auc:0.78260
[230]	validation_0-auc:0.78262
[231]	validation_0-auc:0.78265
[232]	validation_0-auc:0.78265
[233]	validation_0-auc:0.78266
[234]	validation_0-auc:0.78267
[235]	validation_0-auc:0.78267
[236]	validation_0-auc:0.78274
[237]	validation_0-auc:0.78268
[238]	validation_0-auc:0.78279
[239]	validation_0-auc:0.78294
[240]	validation_0-auc:0.78293
[241]	validation_0-auc:0.78295
[242]	validation_0-auc:0.78298
[243]	validation_0-auc:0.78297
[244]	validation_0-auc:0.78299
[245]	validation_0-auc:0.78302
[246]	validation_0-auc:0.78306
[247]	validation_0-auc:0.78307
[248]	validation_0-auc:0.78308
[249]	validation_0-auc:0.78312
[250]	validation_0-auc:0.78312
[251]	validation_0-auc:0.78319
[252]	validation_0-auc:0.78319
[253]	validation_0-auc:0.78321
[254]	validation_0-auc:0.78322
[255]	validation_0-auc:0.78328
[256]	validation_0-auc:0.78330
[257]	validation_0-auc:0.78336
[258]	validation_0-auc:0.78341
[259]	validation_0-auc:0.78346
[260]	validation_0-auc:0.78348
[261]	validation_0-auc:0.78352
[262]	validation_0-auc:0.78357
[263]	validation_0-auc:0.78362
[264]	validation_0-auc:0.78365
[265]	validation_0-auc:0.78370
[266]	validation_0-auc:0.78390
[267]	validation_0-auc:0.78391
[268]	validation_0-auc:0.78395
[269]	validation_0-auc:0.78396
[270]	validation_0-auc:0.78408
[271]	validation_0-auc:0.78411
[272]	validation_0-auc:0.78419
[273]	validation_0-auc:0.78423
[274]	validation_0-auc:0.78430
[275]	validation_0-auc:0.78429
[276]	validation_0-auc:0.78427
[277]	validation_0-auc:0.78430
[278]	validation_0-auc:0.78430
[279]	validation_0-auc:0.78434
[280]	validation_0-auc:0.78438
[281]	validation_0-auc:0.78437
[282]	validation_0-auc:0.78437
[283]	validation_0-auc:0.78443
[284]	validation_0-auc:0.78451
[285]	validation_0-auc:0.78454
[286]	validation_0-auc:0.78470
[287]	validation_0-auc:0.78472
[288]	validation_0-auc:0.78477
[289]	validation_0-auc:0.78478
[290]	validation_0-auc:0.78477
[291]	validation_0-auc:0.78483
[292]	validation_0-auc:0.78481
[293]	validation_0-auc:0.78481
[294]	validation_0-auc:0.78485
[295]	validation_0-auc:0.78484
[296]	validation_0-auc:0.78483
[297]	validation_0-auc:0.78487
[298]	validation_0-auc:0.78482
[299]	validation_0-auc:0.78486
[300]	validation_0-auc:0.78487
[301]	validation_0-auc:0.78491
[302]	validation_0-auc:0.78495
[303]	validation_0-auc:0.78496
[304]	validation_0-auc:0.78491
[305]	validation_0-auc:0.78492
[306]	validation_0-auc:0.78496
[307]	validation_0-auc:0.78502
[308]	validation_0-auc:0.78504
[309]	validation_0-auc:0.78505
[310]	validation_0-auc:0.78502
[311]	validation_0-auc:0.78504
[312]	validation_0-auc:0.78502
[313]	validation_0-auc:0.78500
[314]	validation_0-auc:0.78507
[315]	validation_0-auc:0.78510
[316]	validation_0-auc:0.78513
[317]	validation_0-auc:0.78503
[318]	validation_0-auc:0.78503
[319]	validation_0-auc:0.78512
[320]	validation_0-auc:0.78512
[321]	validation_0-auc:0.78525
[322]	validation_0-auc:0.78516
[323]	validation_0-auc:0.78539
[324]	validation_0-auc:0.78529
[325]	validation_0-auc:0.78530
[326]	validation_0-auc:0.78539
[327]	validation_0-auc:0.78561
[328]	validation_0-auc:0.78560
[329]	validation_0-auc:0.78560
[330]	validation_0-auc:0.78565
[331]	validation_0-auc:0.78569
[332]	validation_0-auc:0.78573
[333]	validation_0-auc:0.78579
[334]	validation_0-auc:0.78578
[335]	validation_0-auc:0.78580
[336]	validation_0-auc:0.78580
[337]	validation_0-auc:0.78596
[338]	validation_0-auc:0.78599
[339]	validation_0-auc:0.78601
[340]	validation_0-auc:0.78600
[341]	validation_0-auc:0.78600
[342]	validation_0-auc:0.78601
[343]	validation_0-auc:0.78603
[344]	validation_0-auc:0.78603
[345]	validation_0-auc:0.78605
[346]	validation_0-auc:0.78606
[347]	validation_0-auc:0.78611
[348]	validation_0-auc:0.78612
[349]	validation_0-auc:0.78618
[350]	validation_0-auc:0.78617
[351]	validation_0-auc:0.78618
[352]	validation_0-auc:0.78622
[353]	validation_0-auc:0.78622
[354]	validation_0-auc:0.78625
[355]	validation_0-auc:0.78626
[356]	validation_0-auc:0.78630
[357]	validation_0-auc:0.78631
[358]	validation_0-auc:0.78633
[359]	validation_0-auc:0.78636
[360]	validation_0-auc:0.78642
[361]	validation_0-auc:0.78644
[362]	validation_0-auc:0.78648
[363]	validation_0-auc:0.78652
[364]	validation_0-auc:0.78652
[365]	validation_0-auc:0.78655
[366]	validation_0-auc:0.78656
[367]	validation_0-auc:0.78658
[368]	validation_0-auc:0.78661
[369]	validation_0-auc:0.78665
[370]	validation_0-auc:0.78667
[371]	validation_0-auc:0.78670
[372]	validation_0-auc:0.78672
[373]	validation_0-auc:0.78673
[374]	validation_0-auc:0.78677
[375]	validation_0-auc:0.78679
[376]	validation_0-auc:0.78684
[377]	validation_0-auc:0.78684
[378]	validation_0-auc:0.78684
[379]	validation_0-auc:0.78686
[380]	validation_0-auc:0.78687
[381]	validation_0-auc:0.78688
[382]	validation_0-auc:0.78693
[383]	validation_0-auc:0.78693
[384]	validation_0-auc:0.78695
[385]	validation_0-auc:0.78698
[386]	validation_0-auc:0.78699
[387]	validation_0-auc:0.78701
[388]	validation_0-auc:0.78704
[389]	validation_0-auc:0.78705
[390]	validation_0-auc:0.78708
[391]	validation_0-auc:0.78710
[392]	validation_0-auc:0.78710
[393]	validation_0-auc:0.78712
[394]	validation_0-auc:0.78714
[395]	validation_0-auc:0.78712
[396]	validation_0-auc:0.78714
[397]	validation_0-auc:0.78716
[398]	validation_0-auc:0.78716
[399]	validation_0-auc:0.78716
[400]	validation_0-auc:0.78718
[401]	validation_0-auc:0.78717
[402]	validation_0-auc:0.78717
[403]	validation_0-auc:0.78715
[404]	validation_0-auc:0.78718
[405]	validation_0-auc:0.78720
[406]	validation_0-auc:0.78720
[407]	validation_0-auc:0.78721
[408]	validation_0-auc:0.78722
[409]	validation_0-auc:0.78721
[410]	validation_0-auc:0.78726
[411]	validation_0-auc:0.78728
[412]	validation_0-auc:0.78729
[413]	validation_0-auc:0.78731
[414]	validation_0-auc:0.78730
[415]	validation_0-auc:0.78730
[416]	validation_0-auc:0.78732
[417]	validation_0-auc:0.78731
[418]	validation_0-auc:0.78732
[419]	validation_0-auc:0.78734
[420]	validation_0-auc:0.78742
[421]	validation_0-auc:0.78743
[422]	validation_0-auc:0.78743
[423]	validation_0-auc:0.78743
[424]	validation_0-auc:0.78745
[425]	validation_0-auc:0.78746
[426]	validation_0-auc:0.78750
[427]	validation_0-auc:0.78750
[428]	validation_0-auc:0.78750
[429]	validation_0-auc:0.78751
[430]	validation_0-auc:0.78752
[431]	validation_0-auc:0.78757
[432]	validation_0-auc:0.78759
[433]	validation_0-auc:0.78758
[434]	validation_0-auc:0.78759
[435]	validation_0-auc:0.78759
[436]	validation_0-auc:0.78759
[437]	validation_0-auc:0.78760
[438]	validation_0-auc:0.78761
[439]	validation_0-auc:0.78763
[440]	validation_0-auc:0.78763
[441]	validation_0-auc:0.78764
[442]	validation_0-auc:0.78767
[443]	validation_0-auc:0.78769
[444]	validation_0-auc:0.78769
[445]	validation_0-auc:0.78769
[446]	validation_0-auc:0.78768
[447]	validation_0-auc:0.78771
[448]	validation_0-auc:0.78772
[449]	validation_0-auc:0.78771
[450]	validation_0-auc:0.78770
[451]	validation_0-auc:0.78772
[452]	validation_0-auc:0.78774
[453]	validation_0-auc:0.78773
[454]	validation_0-auc:0.78773
[455]	validation_0-auc:0.78775
[456]	validation_0-auc:0.78776
[457]	validation_0-auc:0.78777
[458]	validation_0-auc:0.78779
[459]	validation_0-auc:0.78780
[460]	validation_0-auc:0.78780
[461]	validation_0-auc:0.78780
[462]	validation_0-auc:0.78781
[463]	validation_0-auc:0.78781
[464]	validation_0-auc:0.78781
[465]	validation_0-auc:0.78784
[466]	validation_0-auc:0.78785
[467]	validation_0-auc:0.78786
[468]	validation_0-auc:0.78788
[469]	validation_0-auc:0.78789
[470]	validation_0-auc:0.78800
[471]	validation_0-auc:0.78803
[472]	validation_0-auc:0.78803
[473]	validation_0-auc:0.78805
[474]	validation_0-auc:0.78805
[475]	validation_0-auc:0.78806
[476]	validation_0-auc:0.78808
[477]	validation_0-auc:0.78810
[478]	validation_0-auc:0.78812
[479]	validation_0-auc:0.78814
[480]	validation_0-auc:0.78816
[481]	validation_0-auc:0.78817
[482]	validation_0-auc:0.78817
[483]	validation_0-auc:0.78819
[484]	validation_0-auc:0.78821
[485]	validation_0-auc:0.78822
[486]	validation_0-auc:0.78825
[487]	validation_0-auc:0.78827
[488]	validation_0-auc:0.78828
[489]	validation_0-auc:0.78830
[490]	validation_0-auc:0.78832
[491]	validation_0-auc:0.78834
[492]	validation_0-auc:0.78834
[493]	validation_0-auc:0.78837
[494]	validation_0-auc:0.78838
[495]	validation_0-auc:0.78839
[496]	validation_0-auc:0.78841
[497]	validation_0-auc:0.78841
[498]	validation_0-auc:0.78844
[499]	validation_0-auc:0.78845
[500]	validation_0-auc:0.78848
[501]	validation_0-auc:0.78849
[502]	validation_0-auc:0.78849
[503]	validation_0-auc:0.78851
[504]	validation_0-auc:0.78853
[505]	validation_0-auc:0.78856
[506]	validation_0-auc:0.78856
[507]	validation_0-auc:0.78859
[508]	validation_0-auc:0.78861
[509]	validation_0-auc:0.78863
[510]	validation_0-auc:0.78863
[511]	validation_0-auc:0.78865
[512]	validation_0-auc:0.78866
[513]	validation_0-auc:0.78867
[514]	validation_0-auc:0.78868
[515]	validation_0-auc:0.78872
[516]	validation_0-auc:0.78873
[517]	validation_0-auc:0.78873
[518]	validation_0-auc:0.78876
[519]	validation_0-auc:0.78876
[520]	validation_0-auc:0.78879
[521]	validation_0-auc:0.78880
[522]	validation_0-auc:0.78882
[523]	validation_0-auc:0.78884
[524]	validation_0-auc:0.78886
[525]	validation_0-auc:0.78883
[526]	validation_0-auc:0.78884
[527]	validation_0-auc:0.78885
[528]	validation_0-auc:0.78885
[529]	validation_0-auc:0.78886
[530]	validation_0-auc:0.78887
[531]	validation_0-auc:0.78886
[532]	validation_0-auc:0.78889
[533]	validation_0-auc:0.78889
[534]	validation_0-auc:0.78891
[535]	validation_0-auc:0.78893
[536]	validation_0-auc:0.78895
[537]	validation_0-auc:0.78897
[538]	validation_0-auc:0.78897
[539]	validation_0-auc:0.78899
[540]	validation_0-auc:0.78899
[541]	validation_0-auc:0.78901
[542]	validation_0-auc:0.78902
[543]	validation_0-auc:0.78906
[544]	validation_0-auc:0.78907
[545]	validation_0-auc:0.78910
[546]	validation_0-auc:0.78911
[547]	validation_0-auc:0.78912
[548]	validation_0-auc:0.78914
[549]	validation_0-auc:0.78917
[550]	validation_0-auc:0.78918
[551]	validation_0-auc:0.78919
[552]	validation_0-auc:0.78921
[553]	validation_0-auc:0.78922
[554]	validation_0-auc:0.78924
[555]	validation_0-auc:0.78927
[556]	validation_0-auc:0.78928
[557]	validation_0-auc:0.78930
[558]	validation_0-auc:0.78932
[559]	validation_0-auc:0.78932
[560]	validation_0-auc:0.78933
[561]	validation_0-auc:0.78934
[562]	validation_0-auc:0.78938
[563]	validation_0-auc:0.78940
[564]	validation_0-auc:0.78940
[565]	validation_0-auc:0.78941
[566]	validation_0-auc:0.78943
[567]	validation_0-auc:0.78944
[568]	validation_0-auc:0.78945
[569]	validation_0-auc:0.78945
[570]	validation_0-auc:0.78947
[571]	validation_0-auc:0.78948
[572]	validation_0-auc:0.78948
[573]	validation_0-auc:0.78950
[574]	validation_0-auc:0.78949
[575]	validation_0-auc:0.78950
[576]	validation_0-auc:0.78951
[577]	validation_0-auc:0.78952
[578]	validation_0-auc:0.78953
[579]	validation_0-auc:0.78954
[580]	validation_0-auc:0.78953
[581]	validation_0-auc:0.78954
[582]	validation_0-auc:0.78955
[583]	validation_0-auc:0.78955
[584]	validation_0-auc:0.78956
[585]	validation_0-auc:0.78956
[586]	validation_0-auc:0.78957
[587]	validation_0-auc:0.78960
[588]	validation_0-auc:0.78960
[589]	validation_0-auc:0.78962
[590]	validation_0-auc:0.78962
[591]	validation_0-auc:0.78963
[592]	validation_0-auc:0.78963
[593]	validation_0-auc:0.78963
[594]	validation_0-auc:0.78965
[595]	validation_0-auc:0.78966
[596]	validation_0-auc:0.78966
[597]	validation_0-auc:0.78966
[598]	validation_0-auc:0.78967
[599]	validation_0-auc:0.78968
[600]	validation_0-auc:0.78968
[601]	validation_0-auc:0.78970
[602]	validation_0-auc:0.78970
[603]	validation_0-auc:0.78971
[604]	validation_0-auc:0.78974
[605]	validation_0-auc:0.78975
[606]	validation_0-auc:0.78976
[607]	validation_0-auc:0.78977
[608]	validation_0-auc:0.78977
[609]	validation_0-auc:0.78979
[610]	validation_0-auc:0.78980
[611]	validation_0-auc:0.78981
[612]	validation_0-auc:0.78981
[613]	validation_0-auc:0.78983
[614]	validation_0-auc:0.78984
[615]	validation_0-auc:0.78985
[616]	validation_0-auc:0.78985
[617]	validation_0-auc:0.78986
[618]	validation_0-auc:0.78987
[619]	validation_0-auc:0.78988
[620]	validation_0-auc:0.78989
[621]	validation_0-auc:0.78989
[622]	validation_0-auc:0.78990
[623]	validation_0-auc:0.78991
[624]	validation_0-auc:0.78992
[625]	validation_0-auc:0.78993
[626]	validation_0-auc:0.78994
[627]	validation_0-auc:0.78996
[628]	validation_0-auc:0.78996
[629]	validation_0-auc:0.78998
[630]	validation_0-auc:0.78998
[631]	validation_0-auc:0.78999
[632]	validation_0-auc:0.78999
[633]	validation_0-auc:0.79000
[634]	validation_0-auc:0.79001
[635]	validation_0-auc:0.79002
[636]	validation_0-auc:0.79003
[637]	validation_0-auc:0.79004
[638]	validation_0-auc:0.79004
[639]	validation_0-auc:0.79005
[640]	validation_0-auc:0.79005
[641]	validation_0-auc:0.79006
[642]	validation_0-auc:0.79007
[643]	validation_0-auc:0.79008
[644]	validation_0-auc:0.79009
[645]	validation_0-auc:0.79009
[646]	validation_0-auc:0.79011
[647]	validation_0-auc:0.79012
[648]	validation_0-auc:0.79013
[649]	validation_0-auc:0.79014
[650]	validation_0-auc:0.79014
[651]	validation_0-auc:0.79015
[652]	validation_0-auc:0.79015
[653]	validation_0-auc:0.79016
[654]	validation_0-auc:0.79016
[655]	validation_0-auc:0.79017
[656]	validation_0-auc:0.79017
[657]	validation_0-auc:0.79018
[658]	validation_0-auc:0.79019
[659]	validation_0-auc:0.79020
[660]	validation_0-auc:0.79021
[661]	validation_0-auc:0.79022
[662]	validation_0-auc:0.79022
[663]	validation_0-auc:0.79023
[664]	validation_0-auc:0.79023
[665]	validation_0-auc:0.79025
[666]	validation_0-auc:0.79026
[667]	validation_0-auc:0.79026
[668]	validation_0-auc:0.79026
[669]	validation_0-auc:0.79026
[670]	validation_0-auc:0.79028
[671]	validation_0-auc:0.79028
[672]	validation_0-auc:0.79028
[673]	validation_0-auc:0.79029
[674]	validation_0-auc:0.79029
[675]	validation_0-auc:0.79030
[676]	validation_0-auc:0.79030
[677]	validation_0-auc:0.79031
[678]	validation_0-auc:0.79031
[679]	validation_0-auc:0.79033
[680]	validation_0-auc:0.79034
[681]	validation_0-auc:0.79034
[682]	validation_0-auc:0.79036
[683]	validation_0-auc:0.79036
[684]	validation_0-auc:0.79037
[685]	validation_0-auc:0.79038
[686]	validation_0-auc:0.79039
[687]	validation_0-auc:0.79039
[688]	validation_0-auc:0.79041
[689]	validation_0-auc:0.79041
[690]	validation_0-auc:0.79042
[691]	validation_0-auc:0.79042
[692]	validation_0-auc:0.79043
[693]	validation_0-auc:0.79045
[694]	validation_0-auc:0.79045
[695]	validation_0-auc:0.79045
[696]	validation_0-auc:0.79045
[697]	validation_0-auc:0.79046
[698]	validation_0-auc:0.79047
[699]	validation_0-auc:0.79048
[700]	validation_0-auc:0.79049
[701]	validation_0-auc:0.79050
[702]	validation_0-auc:0.79049
[703]	validation_0-auc:0.79050
[704]	validation_0-auc:0.79051
[705]	validation_0-auc:0.79051
[706]	validation_0-auc:0.79053
[707]	validation_0-auc:0.79053
[708]	validation_0-auc:0.79053
[709]	validation_0-auc:0.79054
[710]	validation_0-auc:0.79057
[711]	validation_0-auc:0.79059
[712]	validation_0-auc:0.79059
[713]	validation_0-auc:0.79060
[714]	validation_0-auc:0.79061
[715]	validation_0-auc:0.79062
[716]	validation_0-auc:0.79062
[717]	validation_0-auc:0.79063
[718]	validation_0-auc:0.79064
[719]	validation_0-auc:0.79065
[720]	validation_0-auc:0.79066
[721]	validation_0-auc:0.79066
[722]	validation_0-auc:0.79067
[723]	validation_0-auc:0.79068
[724]	validation_0-auc:0.79069
[725]	validation_0-auc:0.79069
[726]	validation_0-auc:0.79070
[727]	validation_0-auc:0.79070
[728]	validation_0-auc:0.79071
[729]	validation_0-auc:0.79072
[730]	validation_0-auc:0.79072
[731]	validation_0-auc:0.79072
[732]	validation_0-auc:0.79072
[733]	validation_0-auc:0.79072
[734]	validation_0-auc:0.79075
[735]	validation_0-auc:0.79075
[736]	validation_0-auc:0.79076
[737]	validation_0-auc:0.79079
[738]	validation_0-auc:0.79078
[739]	validation_0-auc:0.79078
[740]	validation_0-auc:0.79078
[741]	validation_0-auc:0.79079
[742]	validation_0-auc:0.79080
[743]	validation_0-auc:0.79082
[744]	validation_0-auc:0.79085
[745]	validation_0-auc:0.79085
[746]	validation_0-auc:0.79085
[747]	validation_0-auc:0.79086
[748]	validation_0-auc:0.79086
[749]	validation_0-auc:0.79086
[750]	validation_0-auc:0.79087
[751]	validation_0-auc:0.79090
[752]	validation_0-auc:0.79091
[753]	validation_0-auc:0.79091
[754]	validation_0-auc:0.79093
[755]	validation_0-auc:0.79093
[756]	validation_0-auc:0.79092
[757]	validation_0-auc:0.79093
[758]	validation_0-auc:0.79095
[759]	validation_0-auc:0.79097
[760]	validation_0-auc:0.79098
[761]	validation_0-auc:0.79099
[762]	validation_0-auc:0.79100
[763]	validation_0-auc:0.79100
[764]	validation_0-auc:0.79100
[765]	validation_0-auc:0.79101
[766]	validation_0-auc:0.79102
[767]	validation_0-auc:0.79103
[768]	validation_0-auc:0.79106
[769]	validation_0-auc:0.79105
[770]	validation_0-auc:0.79106
[771]	validation_0-auc:0.79107
[772]	validation_0-auc:0.79109
[773]	validation_0-auc:0.79109
[774]	validation_0-auc:0.79109
[775]	validation_0-auc:0.79109
[776]	validation_0-auc:0.79112
[777]	validation_0-auc:0.79112
[778]	validation_0-auc:0.79113
[779]	validation_0-auc:0.79113
[780]	validation_0-auc:0.79115
[781]	validation_0-auc:0.79115
[782]	validation_0-auc:0.79115
[783]	validation_0-auc:0.79117
[784]	validation_0-auc:0.79117
[785]	validation_0-auc:0.79118
[786]	validation_0-auc:0.79118
[787]	validation_0-auc:0.79119
[788]	validation_0-auc:0.79121
[789]	validation_0-auc:0.79121
[790]	validation_0-auc:0.79122
[791]	validation_0-auc:0.79124
[792]	validation_0-auc:0.79123
[793]	validation_0-auc:0.79124
[794]	validation_0-auc:0.79124
[795]	validation_0-auc:0.79127
[796]	validation_0-auc:0.79129
[797]	validation_0-auc:0.79129
[798]	validation_0-auc:0.79129
[799]	validation_0-auc:0.79129
[800]	validation_0-auc:0.79130
[801]	validation_0-auc:0.79130
[802]	validation_0-auc:0.79131
[803]	validation_0-auc:0.79132
[804]	validation_0-auc:0.79134
[805]	validation_0-auc:0.79134
[806]	validation_0-auc:0.79135
[807]	validation_0-auc:0.79135
[808]	validation_0-auc:0.79135
[809]	validation_0-auc:0.79135
[810]	validation_0-auc:0.79138
[811]	validation_0-auc:0.79137
[812]	validation_0-auc:0.79139
[813]	validation_0-auc:0.79140
[814]	validation_0-auc:0.79140
[815]	validation_0-auc:0.79140
[816]	validation_0-auc:0.79140
[817]	validation_0-auc:0.79141
[818]	validation_0-auc:0.79142
[819]	validation_0-auc:0.79142
[820]	validation_0-auc:0.79142
[821]	validation_0-auc:0.79143
[822]	validation_0-auc:0.79145
[823]	validation_0-auc:0.79146
[824]	validation_0-auc:0.79147
[825]	validation_0-auc:0.79147
[826]	validation_0-auc:0.79148
[827]	validation_0-auc:0.79148
[828]	validation_0-auc:0.79149
[829]	validation_0-auc:0.79149
[830]	validation_0-auc:0.79150
[831]	validation_0-auc:0.79150
[832]	validation_0-auc:0.79151
[833]	validation_0-auc:0.79151
[834]	validation_0-auc:0.79154
[835]	validation_0-auc:0.79154
[836]	validation_0-auc:0.79154
[837]	validation_0-auc:0.79154
[838]	validation_0-auc:0.79154
[839]	validation_0-auc:0.79156
[840]	validation_0-auc:0.79156
[841]	validation_0-auc:0.79158
[842]	validation_0-auc:0.79159
[843]	validation_0-auc:0.79158
[844]	validation_0-auc:0.79160
[845]	validation_0-auc:0.79160
[846]	validation_0-auc:0.79160
[847]	validation_0-auc:0.79160
[848]	validation_0-auc:0.79161
[849]	validation_0-auc:0.79163
[850]	validation_0-auc:0.79163
[851]	validation_0-auc:0.79163
[852]	validation_0-auc:0.79163
[853]	validation_0-auc:0.79166
[854]	validation_0-auc:0.79166
[855]	validation_0-auc:0.79167
[856]	validation_0-auc:0.79167
[857]	validation_0-auc:0.79167
[858]	validation_0-auc:0.79169
[859]	validation_0-auc:0.79169
[860]	validation_0-auc:0.79169
[861]	validation_0-auc:0.79169
[862]	validation_0-auc:0.79170
[863]	validation_0-auc:0.79172
[864]	validation_0-auc:0.79172
[865]	validation_0-auc:0.79173
[866]	validation_0-auc:0.79173
[867]	validation_0-auc:0.79173
[868]	validation_0-auc:0.79172
[869]	validation_0-auc:0.79172
[870]	validation_0-auc:0.79173
[871]	validation_0-auc:0.79173
[872]	validation_0-auc:0.79175
[873]	validation_0-auc:0.79176
[874]	validation_0-auc:0.79176
[875]	validation_0-auc:0.79177
[876]	validation_0-auc:0.79179
[877]	validation_0-auc:0.79180
[878]	validation_0-auc:0.79180
[879]	validation_0-auc:0.79180
[880]	validation_0-auc:0.79181
[881]	validation_0-auc:0.79183
[882]	validation_0-auc:0.79183
[883]	validation_0-auc:0.79183
[884]	validation_0-auc:0.79183
[885]	validation_0-auc:0.79183
[886]	validation_0-auc:0.79184
[887]	validation_0-auc:0.79185
[888]	validation_0-auc:0.79185
[889]	validation_0-auc:0.79186
[890]	validation_0-auc:0.79187
[891]	validation_0-auc:0.79188
[892]	validation_0-auc:0.79188
[893]	validation_0-auc:0.79189
[894]	validation_0-auc:0.79189
[895]	validation_0-auc:0.79191
[896]	validation_0-auc:0.79191
[897]	validation_0-auc:0.79192
[898]	validation_0-auc:0.79192
[899]	validation_0-auc:0.79192
[900]	validation_0-auc:0.79192
[901]	validation_0-auc:0.79194
[902]	validation_0-auc:0.79195
[903]	validation_0-auc:0.79196
[904]	validation_0-auc:0.79196
[905]	validation_0-auc:0.79197
[906]	validation_0-auc:0.79197
[907]	validation_0-auc:0.79197
[908]	validation_0-auc:0.79197
[909]	validation_0-auc:0.79197
[910]	validation_0-auc:0.79198
[911]	validation_0-auc:0.79198
[912]	validation_0-auc:0.79198
[913]	validation_0-auc:0.79199
[914]	validation_0-auc:0.79199
[915]	validation_0-auc:0.79199
[916]	validation_0-auc:0.79199
[917]	validation_0-auc:0.79200
[918]	validation_0-auc:0.79200
[919]	validation_0-auc:0.79201
[920]	validation_0-auc:0.79202
[921]	validation_0-auc:0.79204
[922]	validation_0-auc:0.79204
[923]	validation_0-auc:0.79204
[924]	validation_0-auc:0.79205
[925]	validation_0-auc:0.79205
[926]	validation_0-auc:0.79206
[927]	validation_0-auc:0.79206
[928]	validation_0-auc:0.79206
[929]	validation_0-auc:0.79206
[930]	validation_0-auc:0.79207
[931]	validation_0-auc:0.79207
[932]	validation_0-auc:0.79207
[933]	validation_0-auc:0.79207
[934]	validation_0-auc:0.79209
[935]	validation_0-auc:0.79209
[936]	validation_0-auc:0.79210
[937]	validation_0-auc:0.79210
[938]	validation_0-auc:0.79211
[939]	validation_0-auc:0.79212
[940]	validation_0-auc:0.79212
[941]	validation_0-auc:0.79212
[942]	validation_0-auc:0.79212
[943]	validation_0-auc:0.79212
[944]	validation_0-auc:0.79212
[945]	validation_0-auc:0.79213
[946]	validation_0-auc:0.79213
[947]	validation_0-auc:0.79214
[948]	validation_0-auc:0.79215
[949]	validation_0-auc:0.79215
[950]	validation_0-auc:0.79216
[951]	validation_0-auc:0.79216
[952]	validation_0-auc:0.79216
[953]	validation_0-auc:0.79216
[954]	validation_0-auc:0.79216
[955]	validation_0-auc:0.79216
[956]	validation_0-auc:0.79217
[957]	validation_0-auc:0.79218
[958]	validation_0-auc:0.79219
[959]	validation_0-auc:0.79220
[960]	validation_0-auc:0.79220
[961]	validation_0-auc:0.79220
[962]	validation_0-auc:0.79221
[963]	validation_0-auc:0.79221
[964]	validation_0-auc:0.79221
[965]	validation_0-auc:0.79222
[966]	validation_0-auc:0.79223
[967]	validation_0-auc:0.79224
[968]	validation_0-auc:0.79224
[969]	validation_0-auc:0.79224
[970]	validation_0-auc:0.79224
[971]	validation_0-auc:0.79224
[972]	validation_0-auc:0.79225
[973]	validation_0-auc:0.79226
[974]	validation_0-auc:0.79226
[975]	validation_0-auc:0.79227
[976]	validation_0-auc:0.79227
[977]	validation_0-auc:0.79228
[978]	validation_0-auc:0.79227
[979]	validation_0-auc:0.79228
[980]	validation_0-auc:0.79228
[981]	validation_0-auc:0.79228
[982]	validation_0-auc:0.79229
[983]	validation_0-auc:0.79229
[984]	validation_0-auc:0.79230
[985]	validation_0-auc:0.79230
[986]	validation_0-auc:0.79231
[987]	validation_0-auc:0.79231
[988]	validation_0-auc:0.79230
[989]	validation_0-auc:0.79230
[990]	validation_0-auc:0.79231
[991]	validation_0-auc:0.79232
[992]	validation_0-auc:0.79233
[993]	validation_0-auc:0.79233
[994]	validation_0-auc:0.79233
[995]	validation_0-auc:0.79234
[996]	validation_0-auc:0.79234
[997]	validation_0-auc:0.79234
[998]	validation_0-auc:0.79234
[999]	validation_0-auc:0.79235
[1000]	validation_0-auc:0.79235
[1001]	validation_0-auc:0.79235
[1002]	validation_0-auc:0.79235
[1003]	validation_0-auc:0.79236
[1004]	validation_0-auc:0.79237
[1005]	validation_0-auc:0.79237
[1006]	validation_0-auc:0.79238
[1007]	validation_0-auc:0.79238
[1008]	validation_0-auc:0.79238
[1009]	validation_0-auc:0.79239
[1010]	validation_0-auc:0.79241
[1011]	validation_0-auc:0.79240
[1012]	validation_0-auc:0.79240
[1013]	validation_0-auc:0.79240
[1014]	validation_0-auc:0.79240
[1015]	validation_0-auc:0.79241
[1016]	validation_0-auc:0.79241
[1017]	validation_0-auc:0.79242
[1018]	validation_0-auc:0.79242
[1019]	validation_0-auc:0.79243
[1020]	validation_0-auc:0.79243
[1021]	validation_0-auc:0.79244
[1022]	validation_0-auc:0.79244
[1023]	validation_0-auc:0.79244
[1024]	validation_0-auc:0.79244
[1025]	validation_0-auc:0.79244
[1026]	validation_0-auc:0.79245
[1027]	validation_0-auc:0.79245
[1028]	validation_0-auc:0.79245
[1029]	validation_0-auc:0.79245
[1030]	validation_0-auc:0.79245
[1031]	validation_0-auc:0.79245
[1032]	validation_0-auc:0.79246
[1033]	validation_0-auc:0.79247
[1034]	validation_0-auc:0.79247
[1035]	validation_0-auc:0.79248
[1036]	validation_0-auc:0.79247
[1037]	validation_0-auc:0.79248
[1038]	validation_0-auc:0.79248
[1039]	validation_0-auc:0.79248
[1040]	validation_0-auc:0.79248
[1041]	validation_0-auc:0.79248
[1042]	validation_0-auc:0.79249
[1043]	validation_0-auc:0.79250
[1044]	validation_0-auc:0.79250
[1045]	validation_0-auc:0.79250
[1046]	validation_0-auc:0.79251
[1047]	validation_0-auc:0.79250
[1048]	validation_0-auc:0.79250
[1049]	validation_0-auc:0.79251
[1050]	validation_0-auc:0.79251
[1051]	validation_0-auc:0.79251
[1052]	validation_0-auc:0.79251
[1053]	validation_0-auc:0.79251
[1054]	validation_0-auc:0.79251
[1055]	validation_0-auc:0.79252
[1056]	validation_0-auc:0.79253
[1057]	validation_0-auc:0.79254
[1058]	validation_0-auc:0.79254
[1059]	validation_0-auc:0.79254
[1060]	validation_0-auc:0.79254
[1061]	validation_0-auc:0.79253
[1062]	validation_0-auc:0.79253
[1063]	validation_0-auc:0.79253
[1064]	validation_0-auc:0.79254
[1065]	validation_0-auc:0.79254
[1066]	validation_0-auc:0.79254
[1067]	validation_0-auc:0.79253
[1068]	validation_0-auc:0.79253
[1069]	validation_0-auc:0.79253
[1070]	validation_0-auc:0.79253
[1071]	validation_0-auc:0.79254
[1072]	validation_0-auc:0.79254
[1073]	validation_0-auc:0.79254
[1074]	validation_0-auc:0.79255
[1075]	validation_0-auc:0.79255
[1076]	validation_0-auc:0.79255
[1077]	validation_0-auc:0.79255
[1078]	validation_0-auc:0.79255
[1079]	validation_0-auc:0.79255
[1080]	validation_0-auc:0.79256
[1081]	validation_0-auc:0.79255
[1082]	validation_0-auc:0.79255
[1083]	validation_0-auc:0.79255
[1084]	validation_0-auc:0.79256
[1085]	validation_0-auc:0.79256
[1086]	validation_0-auc:0.79256
[1087]	validation_0-auc:0.79256
[1088]	validation_0-auc:0.79257
[1089]	validation_0-auc:0.79256
[1090]	validation_0-auc:0.79256
[1091]	validation_0-auc:0.79257
[1092]	validation_0-auc:0.79256
[1093]	validation_0-auc:0.79256
[1094]	validation_0-auc:0.79257
[1095]	validation_0-auc:0.79257
[1096]	validation_0-auc:0.79258
[1097]	validation_0-auc:0.79259
[1098]	validation_0-auc:0.79259
[1099]	validation_0-auc:0.79259
[1100]	validation_0-auc:0.79259
[1101]	validation_0-auc:0.79259
[1102]	validation_0-auc:0.79260
[1103]	validation_0-auc:0.79260
[1104]	validation_0-auc:0.79260
[1105]	validation_0-auc:0.79260
[1106]	validation_0-auc:0.79261
[1107]	validation_0-auc:0.79261
[1108]	validation_0-auc:0.79262
[1109]	validation_0-auc:0.79262
[1110]	validation_0-auc:0.79262
[1111]	validation_0-auc:0.79264
[1112]	validation_0-auc:0.79264
[1113]	validation_0-auc:0.79264
[1114]	validation_0-auc:0.79265
[1115]	validation_0-auc:0.79265
[1116]	validation_0-auc:0.79265
[1117]	validation_0-auc:0.79265
[1118]	validation_0-auc:0.79265
[1119]	validation_0-auc:0.79265
[1120]	validation_0-auc:0.79265
[1121]	validation_0-auc:0.79265
[1122]	validation_0-auc:0.79266
[1123]	validation_0-auc:0.79267
[1124]	validation_0-auc:0.79267
[1125]	validation_0-auc:0.79267
[1126]	validation_0-auc:0.79267
[1127]	validation_0-auc:0.79267
[1128]	validation_0-auc:0.79267
[1129]	validation_0-auc:0.79267
[1130]	validation_0-auc:0.79267
[1131]	validation_0-auc:0.79267
[1132]	validation_0-auc:0.79268
[1133]	validation_0-auc:0.79268
[1134]	validation_0-auc:0.79269
[1135]	validation_0-auc:0.79269
[1136]	validation_0-auc:0.79270
[1137]	validation_0-auc:0.79270
[1138]	validation_0-auc:0.79270
[1139]	validation_0-auc:0.79270
[1140]	validation_0-auc:0.79271
[1141]	validation_0-auc:0.79271
[1142]	validation_0-auc:0.79271
[1143]	validation_0-auc:0.79272
[1144]	validation_0-auc:0.79273
[1145]	validation_0-auc:0.79272
[1146]	validation_0-auc:0.79273
[1147]	validation_0-auc:0.79273
[1148]	validation_0-auc:0.79273
[1149]	validation_0-auc:0.79275
[1150]	validation_0-auc:0.79275
[1151]	validation_0-auc:0.79275
[1152]	validation_0-auc:0.79275
[1153]	validation_0-auc:0.79275
[1154]	validation_0-auc:0.79276
[1155]	validation_0-auc:0.79276
[1156]	validation_0-auc:0.79276
[1157]	validation_0-auc:0.79277
[1158]	validation_0-auc:0.79278
[1159]	validation_0-auc:0.79278
[1160]	validation_0-auc:0.79279
[1161]	validation_0-auc:0.79279
[1162]	validation_0-auc:0.79279
[1163]	validation_0-auc:0.79280
[1164]	validation_0-auc:0.79280
[1165]	validation_0-auc:0.79280
[1166]	validation_0-auc:0.79280
[1167]	validation_0-auc:0.79280
[1168]	validation_0-auc:0.79280
[1169]	validation_0-auc:0.79281
[1170]	validation_0-auc:0.79281
[1171]	validation_0-auc:0.79282
[1172]	validation_0-auc:0.79283
[1173]	validation_0-auc:0.79283
[1174]	validation_0-auc:0.79283
[1175]	validation_0-auc:0.79282
[1176]	validation_0-auc:0.79283
[1177]	validation_0-auc:0.79284
[1178]	validation_0-auc:0.79284
[1179]	validation_0-auc:0.79283
[1180]	validation_0-auc:0.79283
[1181]	validation_0-auc:0.79283
[1182]	validation_0-auc:0.79284
[1183]	validation_0-auc:0.79284
[1184]	validation_0-auc:0.79284
[1185]	validation_0-auc:0.79284
[1186]	validation_0-auc:0.79284
[1187]	validation_0-auc:0.79284
[1188]	validation_0-auc:0.79285
[1189]	validation_0-auc:0.79285
[1190]	validation_0-auc:0.79285
[1191]	validation_0-auc:0.79285
[1192]	validation_0-auc:0.79285
[1193]	validation_0-auc:0.79286
[1194]	validation_0-auc:0.79287
[1195]	validation_0-auc:0.79287
[1196]	validation_0-auc:0.79287
[1197]	validation_0-auc:0.79288
[1198]	validation_0-auc:0.79288
[1199]	validation_0-auc:0.79288
[1200]	validation_0-auc:0.79288
[1201]	validation_0-auc:0.79288
[1202]	validation_0-auc:0.79288
[1203]	validation_0-auc:0.79289
[1204]	validation_0-auc:0.79288
[1205]	validation_0-auc:0.79289
[1206]	validation_0-auc:0.79289
[1207]	validation_0-auc:0.79290
[1208]	validation_0-auc:0.79290
[1209]	validation_0-auc:0.79290
[1210]	validation_0-auc:0.79290
[1211]	validation_0-auc:0.79291
[1212]	validation_0-auc:0.79291
[1213]	validation_0-auc:0.79291
[1214]	validation_0-auc:0.79291
[1215]	validation_0-auc:0.79291
[1216]	validation_0-auc:0.79292
[1217]	validation_0-auc:0.79292
[1218]	validation_0-auc:0.79293
[1219]	validation_0-auc:0.79293
[1220]	validation_0-auc:0.79293
[1221]	validation_0-auc:0.79293
[1222]	validation_0-auc:0.79293
[1223]	validation_0-auc:0.79293
[1224]	validation_0-auc:0.79293
[1225]	validation_0-auc:0.79293
[1226]	validation_0-auc:0.79293
[1227]	validation_0-auc:0.79293
[1228]	validation_0-auc:0.79294
[1229]	validation_0-auc:0.79294
[1230]	validation_0-auc:0.79294
[1231]	validation_0-auc:0.79294
[1232]	validation_0-auc:0.79294
[1233]	validation_0-auc:0.79296
[1234]	validation_0-auc:0.79296
[1235]	validation_0-auc:0.79297
[1236]	validation_0-auc:0.79297
[1237]	validation_0-auc:0.79298
[1238]	validation_0-auc:0.79298
[1239]	validation_0-auc:0.79298
[1240]	validation_0-auc:0.79298
[1241]	validation_0-auc:0.79298
[1242]	validation_0-auc:0.79298
[1243]	validation_0-auc:0.79298
[1244]	validation_0-auc:0.79298
[1245]	validation_0-auc:0.79298
[1246]	validation_0-auc:0.79298
[1247]	validation_0-auc:0.79299
[1248]	validation_0-auc:0.79299
[1249]	validation_0-auc:0.79298
[1250]	validation_0-auc:0.79299
[1251]	validation_0-auc:0.79299
[1252]	validation_0-auc:0.79299
[1253]	validation_0-auc:0.79300
[1254]	validation_0-auc:0.79300
[1255]	validation_0-auc:0.79300
[1256]	validation_0-auc:0.79300
[1257]	validation_0-auc:0.79300
[1258]	validation_0-auc:0.79300
[1259]	validation_0-auc:0.79300
[1260]	validation_0-auc:0.79302
[1261]	validation_0-auc:0.79301
[1262]	validation_0-auc:0.79302
[1263]	validation_0-auc:0.79301
[1264]	validation_0-auc:0.79302
[1265]	validation_0-auc:0.79302
[1266]	validation_0-auc:0.79303
[1267]	validation_0-auc:0.79302
[1268]	validation_0-auc:0.79302
[1269]	validation_0-auc:0.79302
[1270]	validation_0-auc:0.79302
[1271]	validation_0-auc:0.79302
[1272]	validation_0-auc:0.79303
[1273]	validation_0-auc:0.79303
[1274]	validation_0-auc:0.79304
[1275]	validation_0-auc:0.79304
[1276]	validation_0-auc:0.79304
[1277]	validation_0-auc:0.79304
[1278]	validation_0-auc:0.79304
[1279]	validation_0-auc:0.79304
[1280]	validation_0-auc:0.79304
[1281]	validation_0-auc:0.79304
[1282]	validation_0-auc:0.79304
[1283]	validation_0-auc:0.79304
[1284]	validation_0-auc:0.79304
[1285]	validation_0-auc:0.79304
[1286]	validation_0-auc:0.79305
[1287]	validation_0-auc:0.79305
[1288]	validation_0-auc:0.79305
[1289]	validation_0-auc:0.79305
[1290]	validation_0-auc:0.79305
[1291]	validation_0-auc:0.79305
[1292]	validation_0-auc:0.79305
[1293]	validation_0-auc:0.79305
[1294]	validation_0-auc:0.79305
[1295]	validation_0-auc:0.79305
[1296]	validation_0-auc:0.79305
[1297]	validation_0-auc:0.79305
[1298]	validation_0-auc:0.79305
[1299]	validation_0-auc:0.79305
[1300]	validation_0-auc:0.79305
[1301]	validation_0-auc:0.79306
[1302]	validation_0-auc:0.79307
[1303]	validation_0-auc:0.79307
[1304]	validation_0-auc:0.79307
[1305]	validation_0-auc:0.79308
[1306]	validation_0-auc:0.79308
[1307]	validation_0-auc:0.79308
[1308]	validation_0-auc:0.79308
[1309]	validation_0-auc:0.79308
[1310]	validation_0-auc:0.79308
[1311]	validation_0-auc:0.79309
[1312]	validation_0-auc:0.79310
[1313]	validation_0-auc:0.79310
[1314]	validation_0-auc:0.79310
[1315]	validation_0-auc:0.79310
[1316]	validation_0-auc:0.79310
[1317]	validation_0-auc:0.79310
[1318]	validation_0-auc:0.79310
[1319]	validation_0-auc:0.79311
[1320]	validation_0-auc:0.79311
[1321]	validation_0-auc:0.79311
[1322]	validation_0-auc:0.79312
[1323]	validation_0-auc:0.79312
[1324]	validation_0-auc:0.79312
[1325]	validation_0-auc:0.79312
[1326]	validation_0-auc:0.79312
[1327]	validation_0-auc:0.79312
[1328]	validation_0-auc:0.79312
[1329]	validation_0-auc:0.79312
[1330]	validation_0-auc:0.79312
[1331]	validation_0-auc:0.79312
[1332]	validation_0-auc:0.79311
[1333]	validation_0-auc:0.79311
[1334]	validation_0-auc:0.79312
[1335]	validation_0-auc:0.79311
[1336]	validation_0-auc:0.79311
[1337]	validation_0-auc:0.79311
[1338]	validation_0-auc:0.79311
[1339]	validation_0-auc:0.79311
[1340]	validation_0-auc:0.79310
[1341]	validation_0-auc:0.79310
[1342]	validation_0-auc:0.79310
[1343]	validation_0-auc:0.79311
[1344]	validation_0-auc:0.79311
[1345]	validation_0-auc:0.79311
[1346]	validation_0-auc:0.79311
[1347]	validation_0-auc:0.79311
[1348]	validation_0-auc:0.79311
[1349]	validation_0-auc:0.79312
[1350]	validation_0-auc:0.79311
[1351]	validation_0-auc:0.79311
[1352]	validation_0-auc:0.79311
[1353]	validation_0-auc:0.79311
[1354]	validation_0-auc:0.79311
[1355]	validation_0-auc:0.79311
[1356]	validation_0-auc:0.79312
[1357]	validation_0-auc:0.79312
[1358]	validation_0-auc:0.79312
[1359]	validation_0-auc:0.79312
[1360]	validation_0-auc:0.79312
[1361]	validation_0-auc:0.79311
[1362]	validation_0-auc:0.79311
[1363]	validation_0-auc:0.79311
[1364]	validation_0-auc:0.79312
[1365]	validation_0-auc:0.79312
[1366]	validation_0-auc:0.79312
[1367]	validation_0-auc:0.79312
[1368]	validation_0-auc:0.79313
[1369]	validation_0-auc:0.79313
[1370]	validation_0-auc:0.79314
[1371]	validation_0-auc:0.79315
[1372]	validation_0-auc:0.79315
[1373]	validation_0-auc:0.79315
[1374]	validation_0-auc:0.79314
[1375]	validation_0-auc:0.79314
[1376]	validation_0-auc:0.79314
[1377]	validation_0-auc:0.79314
[1378]	validation_0-auc:0.79313
[1379]	validation_0-auc:0.79313
[1380]	validation_0-auc:0.79313
[1381]	validation_0-auc:0.79314
[1382]	validation_0-auc:0.79314
[1383]	validation_0-auc:0.79314
[1384]	validation_0-auc:0.79315
[1385]	validation_0-auc:0.79316
[1386]	validation_0-auc:0.79316
[1387]	validation_0-auc:0.79316
[1388]	validation_0-auc:0.79316
[1389]	validation_0-auc:0.79316
[1390]	validation_0-auc:0.79316
[1391]	validation_0-auc:0.79316
[1392]	validation_0-auc:0.79316
[1393]	validation_0-auc:0.79317
[1394]	validation_0-auc:0.79317
[1395]	validation_0-auc:0.79317
[1396]	validation_0-auc:0.79318
[1397]	validation_0-auc:0.79318
[1398]	validation_0-auc:0.79317
[1399]	validation_0-auc:0.79318
[1400]	validation_0-auc:0.79318
[1401]	validation_0-auc:0.79318
[1402]	validation_0-auc:0.79318
[1403]	validation_0-auc:0.79317
[1404]	validation_0-auc:0.79317
[1405]	validation_0-auc:0.79317
[1406]	validation_0-auc:0.79317
[1407]	validation_0-auc:0.79317
[1408]	validation_0-auc:0.79317
[1409]	validation_0-auc:0.79316
[1410]	validation_0-auc:0.79317
[1411]	validation_0-auc:0.79317
[1412]	validation_0-auc:0.79317
[1413]	validation_0-auc:0.79317
[1414]	validation_0-auc:0.79317
[1415]	validation_0-auc:0.79317
[1416]	validation_0-auc:0.79317
[1417]	validation_0-auc:0.79317
[1418]	validation_0-auc:0.79317
[1419]	validation_0-auc:0.79317
[1420]	validation_0-auc:0.79317
[1421]	validation_0-auc:0.79317
[1422]	validation_0-auc:0.79318
[1423]	validation_0-auc:0.79317
[1424]	validation_0-auc:0.79317
[1425]	validation_0-auc:0.79317
[1426]	validation_0-auc:0.79317
[1427]	validation_0-auc:0.79316
[1428]	validation_0-auc:0.79316
[1429]	validation_0-auc:0.79317
[1430]	validation_0-auc:0.79317
[1431]	validation_0-auc:0.79317
[1432]	validation_0-auc:0.79317
[1433]	validation_0-auc:0.79317
[1434]	validation_0-auc:0.79318
[1435]	validation_0-auc:0.79318
[1436]	validation_0-auc:0.79318
[1437]	validation_0-auc:0.79318
[1438]	validation_0-auc:0.79318
[1439]	validation_0-auc:0.79319
[1440]	validation_0-auc:0.79319
[1441]	validation_0-auc:0.79319
[1442]	validation_0-auc:0.79319
[1443]	validation_0-auc:0.79319
[1444]	validation_0-auc:0.79320
[1445]	validation_0-auc:0.79321
[1446]	validation_0-auc:0.79321
[1447]	validation_0-auc:0.79321
[1448]	validation_0-auc:0.79320
[1449]	validation_0-auc:0.79320
[1450]	validation_0-auc:0.79320
[1451]	validation_0-auc:0.79321
[1452]	validation_0-auc:0.79320
[1453]	validation_0-auc:0.79324
[1454]	validation_0-auc:0.79323
[1455]	validation_0-auc:0.79323
[1456]	validation_0-auc:0.79324
[1457]	validation_0-auc:0.79324
[1458]	validation_0-auc:0.79324
[1459]	validation_0-auc:0.79328
[1460]	validation_0-auc:0.79327
[1461]	validation_0-auc:0.79328
[1462]	validation_0-auc:0.79328
[1463]	validation_0-auc:0.79328
[1464]	validation_0-auc:0.79328
[1465]	validation_0-auc:0.79328
[1466]	validation_0-auc:0.79328
[1467]	validation_0-auc:0.79329
[1468]	validation_0-auc:0.79332
[1469]	validation_0-auc:0.79331
[1470]	validation_0-auc:0.79331
[1471]	validation_0-auc:0.79331
[1472]	validation_0-auc:0.79331
[1473]	validation_0-auc:0.79332
[1474]	validation_0-auc:0.79332
[1475]	validation_0-auc:0.79332
[1476]	validation_0-auc:0.79331
[1477]	validation_0-auc:0.79331
[1478]	validation_0-auc:0.79331
[1479]	validation_0-auc:0.79332
[1480]	validation_0-auc:0.79332
[1481]	validation_0-auc:0.79332
[1482]	validation_0-auc:0.79331
[1483]	validation_0-auc:0.79331
[1484]	validation_0-auc:0.79331
[1485]	validation_0-auc:0.79332
[1486]	validation_0-auc:0.79331
[1487]	validation_0-auc:0.79334
[1488]	validation_0-auc:0.79335
[1489]	validation_0-auc:0.79334
[1490]	validation_0-auc:0.79334
[1491]	validation_0-auc:0.79335
[1492]	validation_0-auc:0.79336
[1493]	validation_0-auc:0.79335
[1494]	validation_0-auc:0.79335
[1495]	validation_0-auc:0.79335
[1496]	validation_0-auc:0.79336
[1497]	validation_0-auc:0.79335
[1498]	validation_0-auc:0.79335
[1499]	validation_0-auc:0.79335
[1500]	validation_0-auc:0.79334
[1501]	validation_0-auc:0.79335
[1502]	validation_0-auc:0.79336
[1503]	validation_0-auc:0.79337
[1504]	validation_0-auc:0.79337
[1505]	validation_0-auc:0.79337
[1506]	validation_0-auc:0.79338
[1507]	validation_0-auc:0.79338
[1508]	validation_0-auc:0.79337
[1509]	validation_0-auc:0.79337
[1510]	validation_0-auc:0.79337
[1511]	validation_0-auc:0.79338
[1512]	validation_0-auc:0.79339
[1513]	validation_0-auc:0.79339
[1514]	validation_0-auc:0.79339
[1515]	validation_0-auc:0.79339
[1516]	validation_0-auc:0.79339
[1517]	validation_0-auc:0.79339
[1518]	validation_0-auc:0.79339
[1519]	validation_0-auc:0.79339
[1520]	validation_0-auc:0.79338
[1521]	validation_0-auc:0.79339
[1522]	validation_0-auc:0.79339
[1523]	validation_0-auc:0.79339
[1524]	validation_0-auc:0.79339
[1525]	validation_0-auc:0.79338
[1526]	validation_0-auc:0.79340
[1527]	validation_0-auc:0.79340
[1528]	validation_0-auc:0.79341
[1529]	validation_0-auc:0.79340
[1530]	validation_0-auc:0.79340
[1531]	validation_0-auc:0.79340
[1532]	validation_0-auc:0.79340
[1533]	validation_0-auc:0.79341
[1534]	validation_0-auc:0.79342
[1535]	validation_0-auc:0.79342
[1536]	validation_0-auc:0.79342
[1537]	validation_0-auc:0.79342
[1538]	validation_0-auc:0.79342
[1539]	validation_0-auc:0.79343
[1540]	validation_0-auc:0.79343
[1541]	validation_0-auc:0.79343
[1542]	validation_0-auc:0.79343
[1543]	validation_0-auc:0.79343
[1544]	validation_0-auc:0.79343
[1545]	validation_0-auc:0.79345
[1546]	validation_0-auc:0.79344
[1547]	validation_0-auc:0.79345
[1548]	validation_0-auc:0.79345
[1549]	validation_0-auc:0.79345
[1550]	validation_0-auc:0.79345
[1551]	validation_0-auc:0.79345
[1552]	validation_0-auc:0.79345
[1553]	validation_0-auc:0.79346
[1554]	validation_0-auc:0.79345
[1555]	validation_0-auc:0.79345
[1556]	validation_0-auc:0.79345
[1557]	validation_0-auc:0.79345
[1558]	validation_0-auc:0.79345
[1559]	validation_0-auc:0.79346
[1560]	validation_0-auc:0.79346
[1561]	validation_0-auc:0.79346
[1562]	validation_0-auc:0.79346
[1563]	validation_0-auc:0.79346
[1564]	validation_0-auc:0.79348
[1565]	validation_0-auc:0.79347
[1566]	validation_0-auc:0.79348
[1567]	validation_0-auc:0.79348
[1568]	validation_0-auc:0.79348
[1569]	validation_0-auc:0.79348
[1570]	validation_0-auc:0.79350
[1571]	validation_0-auc:0.79351
[1572]	validation_0-auc:0.79351
[1573]	validation_0-auc:0.79351
[1574]	validation_0-auc:0.79351
[1575]	validation_0-auc:0.79351
[1576]	validation_0-auc:0.79351
[1577]	validation_0-auc:0.79351
[1578]	validation_0-auc:0.79351
[1579]	validation_0-auc:0.79352
[1580]	validation_0-auc:0.79352
[1581]	validation_0-auc:0.79352
[1582]	validation_0-auc:0.79352
[1583]	validation_0-auc:0.79352
[1584]	validation_0-auc:0.79352
[1585]	validation_0-auc:0.79352
[1586]	validation_0-auc:0.79352
[1587]	validation_0-auc:0.79353
[1588]	validation_0-auc:0.79352
[1589]	validation_0-auc:0.79353
[1590]	validation_0-auc:0.79353
[1591]	validation_0-auc:0.79352
[1592]	validation_0-auc:0.79353
[1593]	validation_0-auc:0.79353
[1594]	validation_0-auc:0.79353
[1595]	validation_0-auc:0.79353
[1596]	validation_0-auc:0.79354
[1597]	validation_0-auc:0.79353
[1598]	validation_0-auc:0.79353
[1599]	validation_0-auc:0.79354
[1600]	validation_0-auc:0.79354
[1601]	validation_0-auc:0.79354
[1602]	validation_0-auc:0.79354
[1603]	validation_0-auc:0.79354
[1604]	validation_0-auc:0.79354
[1605]	validation_0-auc:0.79354
[1606]	validation_0-auc:0.79354
[1607]	validation_0-auc:0.79354
[1608]	validation_0-auc:0.79354
[1609]	validation_0-auc:0.79355
[1610]	validation_0-auc:0.79355
[1611]	validation_0-auc:0.79355
[1612]	validation_0-auc:0.79356
[1613]	validation_0-auc:0.79356
[1614]	validation_0-auc:0.79356
[1615]	validation_0-auc:0.79355
[1616]	validation_0-auc:0.79355
[1617]	validation_0-auc:0.79355
[1618]	validation_0-auc:0.79356
[1619]	validation_0-auc:0.79356
[1620]	validation_0-auc:0.79356
[1621]	validation_0-auc:0.79356
[1622]	validation_0-auc:0.79356
[1623]	validation_0-auc:0.79356
[1624]	validation_0-auc:0.79356
[1625]	validation_0-auc:0.79356
[1626]	validation_0-auc:0.79357
[1627]	validation_0-auc:0.79357
[1628]	validation_0-auc:0.79357
[1629]	validation_0-auc:0.79357
[1630]	validation_0-auc:0.79357
[1631]	validation_0-auc:0.79357
[1632]	validation_0-auc:0.79357
[1633]	validation_0-auc:0.79357
[1634]	validation_0-auc:0.79357
[1635]	validation_0-auc:0.79357
[1636]	validation_0-auc:0.79358
[1637]	validation_0-auc:0.79359
[1638]	validation_0-auc:0.79358
[1639]	validation_0-auc:0.79358
[1640]	validation_0-auc:0.79358
[1641]	validation_0-auc:0.79359
[1642]	validation_0-auc:0.79359
[1643]	validation_0-auc:0.79359
[1644]	validation_0-auc:0.79358
[1645]	validation_0-auc:0.79359
[1646]	validation_0-auc:0.79359
[1647]	validation_0-auc:0.79359
[1648]	validation_0-auc:0.79358
[1649]	validation_0-auc:0.79358
[1650]	validation_0-auc:0.79359
[1651]	validation_0-auc:0.79359
[1652]	validation_0-auc:0.79359
[1653]	validation_0-auc:0.79359
[1654]	validation_0-auc:0.79360
[1655]	validation_0-auc:0.79361
[1656]	validation_0-auc:0.79361
[1657]	validation_0-auc:0.79361
[1658]	validation_0-auc:0.79361
[1659]	validation_0-auc:0.79361
[1660]	validation_0-auc:0.79361
[1661]	validation_0-auc:0.79361
[1662]	validation_0-auc:0.79361
[1663]	validation_0-auc:0.79362
[1664]	validation_0-auc:0.79362
[1665]	validation_0-auc:0.79362
[1666]	validation_0-auc:0.79361
[1667]	validation_0-auc:0.79362
[1668]	validation_0-auc:0.79362
[1669]	validation_0-auc:0.79363
[1670]	validation_0-auc:0.79362
[1671]	validation_0-auc:0.79362
[1672]	validation_0-auc:0.79362
[1673]	validation_0-auc:0.79362
[1674]	validation_0-auc:0.79362
[1675]	validation_0-auc:0.79363
[1676]	validation_0-auc:0.79364
[1677]	validation_0-auc:0.79364
[1678]	validation_0-auc:0.79363
[1679]	validation_0-auc:0.79363
[1680]	validation_0-auc:0.79363
[1681]	validation_0-auc:0.79363
[1682]	validation_0-auc:0.79363
[1683]	validation_0-auc:0.79364
[1684]	validation_0-auc:0.79364
[1685]	validation_0-auc:0.79364
[1686]	validation_0-auc:0.79364
[1687]	validation_0-auc:0.79364
[1688]	validation_0-auc:0.79365
[1689]	validation_0-auc:0.79364
[1690]	validation_0-auc:0.79364
[1691]	validation_0-auc:0.79364
[1692]	validation_0-auc:0.79364
[1693]	validation_0-auc:0.79364
[1694]	validation_0-auc:0.79364
[1695]	validation_0-auc:0.79364
[1696]	validation_0-auc:0.79364
[1697]	validation_0-auc:0.79365
[1698]	validation_0-auc:0.79365
[1699]	validation_0-auc:0.79365
[1700]	validation_0-auc:0.79365
[1701]	validation_0-auc:0.79364
[1702]	validation_0-auc:0.79365
[1703]	validation_0-auc:0.79364
[1704]	validation_0-auc:0.79364
[1705]	validation_0-auc:0.79364
[1706]	validation_0-auc:0.79364
[1707]	validation_0-auc:0.79364
[1708]	validation_0-auc:0.79364
[1709]	validation_0-auc:0.79364
[1710]	validation_0-auc:0.79364
[1711]	validation_0-auc:0.79365
[1712]	validation_0-auc:0.79365
[1713]	validation_0-auc:0.79366
[1714]	validation_0-auc:0.79366
[1715]	validation_0-auc:0.79366
[1716]	validation_0-auc:0.79366
[1717]	validation_0-auc:0.79366
[1718]	validation_0-auc:0.79366
[1719]	validation_0-auc:0.79366
[1720]	validation_0-auc:0.79366
[1721]	validation_0-auc:0.79366
[1722]	validation_0-auc:0.79366
[1723]	validation_0-auc:0.79366
[1724]	validation_0-auc:0.79365
[1725]	validation_0-auc:0.79366
[1726]	validation_0-auc:0.79366
[1727]	validation_0-auc:0.79366
[1728]	validation_0-auc:0.79366
[1729]	validation_0-auc:0.79367
[1730]	validation_0-auc:0.79366
[1731]	validation_0-auc:0.79367
[1732]	validation_0-auc:0.79366
[1733]	validation_0-auc:0.79367
[1734]	validation_0-auc:0.79367
[1735]	validation_0-auc:0.79367
[1736]	validation_0-auc:0.79367
[1737]	validation_0-auc:0.79367
[1738]	validation_0-auc:0.79367
[1739]	validation_0-auc:0.79367
[1740]	validation_0-auc:0.79367
[1741]	validation_0-auc:0.79368
[1742]	validation_0-auc:0.79367
[1743]	validation_0-auc:0.79367
[1744]	validation_0-auc:0.79367
[1745]	validation_0-auc:0.79368
[1746]	validation_0-auc:0.79368
[1747]	validation_0-auc:0.79368
[1748]	validation_0-auc:0.79368
[1749]	validation_0-auc:0.79368
[1750]	validation_0-auc:0.79368
[1751]	validation_0-auc:0.79367
[1752]	validation_0-auc:0.79368
[1753]	validation_0-auc:0.79368
[1754]	validation_0-auc:0.79368
[1755]	validation_0-auc:0.79368
[1756]	validation_0-auc:0.79368
[1757]	validation_0-auc:0.79370
[1758]	validation_0-auc:0.79370
[1759]	validation_0-auc:0.79370
[1760]	validation_0-auc:0.79370
[1761]	validation_0-auc:0.79369
[1762]	validation_0-auc:0.79370
[1763]	validation_0-auc:0.79370
[1764]	validation_0-auc:0.79370
[1765]	validation_0-auc:0.79370
[1766]	validation_0-auc:0.79370
[1767]	validation_0-auc:0.79369
[1768]	validation_0-auc:0.79372
[1769]	validation_0-auc:0.79372
[1770]	validation_0-auc:0.79372
[1771]	validation_0-auc:0.79372
[1772]	validation_0-auc:0.79372
[1773]	validation_0-auc:0.79372
[1774]	validation_0-auc:0.79373
[1775]	validation_0-auc:0.79373
[1776]	validation_0-auc:0.79373
[1777]	validation_0-auc:0.79373
[1778]	validation_0-auc:0.79372
[1779]	validation_0-auc:0.79372
[1780]	validation_0-auc:0.79373
[1781]	validation_0-auc:0.79373
[1782]	validation_0-auc:0.79373
[1783]	validation_0-auc:0.79373
[1784]	validation_0-auc:0.79373
[1785]	validation_0-auc:0.79373
[1786]	validation_0-auc:0.79373
[1787]	validation_0-auc:0.79373
[1788]	validation_0-auc:0.79373
[1789]	validation_0-auc:0.79374
[1790]	validation_0-auc:0.79374
[1791]	validation_0-auc:0.79374
[1792]	validation_0-auc:0.79374
[1793]	validation_0-auc:0.79375
[1794]	validation_0-auc:0.79375
[1795]	validation_0-auc:0.79375
[1796]	validation_0-auc:0.79375
[1797]	validation_0-auc:0.79375
[1798]	validation_0-auc:0.79375
[1799]	validation_0-auc:0.79375
[1800]	validation_0-auc:0.79375
[1801]	validation_0-auc:0.79375
[1802]	validation_0-auc:0.79375
[1803]	validation_0-auc:0.79375
[1804]	validation_0-auc:0.79375
[1805]	validation_0-auc:0.79375
[1806]	validation_0-auc:0.79375
[1807]	validation_0-auc:0.79375
[1808]	validation_0-auc:0.79375
[1809]	validation_0-auc:0.79375
[1810]	validation_0-auc:0.79375
[1811]	validation_0-auc:0.79375
[1812]	validation_0-auc:0.79376
[1813]	validation_0-auc:0.79375
[1814]	validation_0-auc:0.79375
[1815]	validation_0-auc:0.79375
[1816]	validation_0-auc:0.79375
[1817]	validation_0-auc:0.79374
[1818]	validation_0-auc:0.79375
[1819]	validation_0-auc:0.79375
[1820]	validation_0-auc:0.79375
[1821]	validation_0-auc:0.79376
[1822]	validation_0-auc:0.79376
[1823]	validation_0-auc:0.79376
[1824]	validation_0-auc:0.79376
[1825]	validation_0-auc:0.79376
[1826]	validation_0-auc:0.79376
[1827]	validation_0-auc:0.79376
[1828]	validation_0-auc:0.79375
[1829]	validation_0-auc:0.79375
[1830]	validation_0-auc:0.79375
[1831]	validation_0-auc:0.79375
[1832]	validation_0-auc:0.79375
[1833]	validation_0-auc:0.79375
[1834]	validation_0-auc:0.79375
[1835]	validation_0-auc:0.79375
[1836]	validation_0-auc:0.79375
[1837]	validation_0-auc:0.79375
[1838]	validation_0-auc:0.79375
[1839]	validation_0-auc:0.79375
[1840]	validation_0-auc:0.79375
[1841]	validation_0-auc:0.79375
[1842]	validation_0-auc:0.79374
[1843]	validation_0-auc:0.79375
[1844]	validation_0-auc:0.79375
[1845]	validation_0-auc:0.79375
[1846]	validation_0-auc:0.79375
[1847]	validation_0-auc:0.79375
[1848]	validation_0-auc:0.79375
[1849]	validation_0-auc:0.79376
[1850]	validation_0-auc:0.79376
[1851]	validation_0-auc:0.79376
[1852]	validation_0-auc:0.79376
[1853]	validation_0-auc:0.79376
[1854]	validation_0-auc:0.79375
[1855]	validation_0-auc:0.79375
[1856]	validation_0-auc:0.79375
[1857]	validation_0-auc:0.79375
[1858]	validation_0-auc:0.79375
[1859]	validation_0-auc:0.79375
[1860]	validation_0-auc:0.79375
[1861]	validation_0-auc:0.79376
[1862]	validation_0-auc:0.79376
[1863]	validation_0-auc:0.79376
[1864]	validation_0-auc:0.79376
[1865]	validation_0-auc:0.79376
[1866]	validation_0-auc:0.79376
[1867]	validation_0-auc:0.79377
[1868]	validation_0-auc:0.79377
[1869]	validation_0-auc:0.79376
[1870]	validation_0-auc:0.79376
[1871]	validation_0-auc:0.79376
[1872]	validation_0-auc:0.79376
[1873]	validation_0-auc:0.79375
[1874]	validation_0-auc:0.79375
[1875]	validation_0-auc:0.79375
[1876]	validation_0-auc:0.79375
[1877]	validation_0-auc:0.79376
[1878]	validation_0-auc:0.79375
[1879]	validation_0-auc:0.79376
[1880]	validation_0-auc:0.79376
[1881]	validation_0-auc:0.79376
[1882]	validation_0-auc:0.79376
[1883]	validation_0-auc:0.79375
[1884]	validation_0-auc:0.79375
[1885]	validation_0-auc:0.79376
[1886]	validation_0-auc:0.79375
[1887]	validation_0-auc:0.79375
[1888]	validation_0-auc:0.79375
[1889]	validation_0-auc:0.79375
[1890]	validation_0-auc:0.79375
[1891]	validation_0-auc:0.79375
[1892]	validation_0-auc:0.79375
[1893]	validation_0-auc:0.79375
[1894]	validation_0-auc:0.79375
[1895]	validation_0-auc:0.79375
[1896]	validation_0-auc:0.79375
[1897]	validation_0-auc:0.79375
[1898]	validation_0-auc:0.79375
[1899]	validation_0-auc:0.79375
[1900]	validation_0-auc:0.79375
[1901]	validation_0-auc:0.79375
[1902]	validation_0-auc:0.79375
[1903]	validation_0-auc:0.79375
[1904]	validation_0-auc:0.79376
[1905]	validation_0-auc:0.79376
[1906]	validation_0-auc:0.79376
[1907]	validation_0-auc:0.79376
[1908]	validation_0-auc:0.79376
[1909]	validation_0-auc:0.79376
[1910]	validation_0-auc:0.79375
[1911]	validation_0-auc:0.79374
[1912]	validation_0-auc:0.79375
[1913]	validation_0-auc:0.79374
[1914]	validation_0-auc:0.79375
[1915]	validation_0-auc:0.79374
[1916]	validation_0-auc:0.79374
[1917]	validation_0-auc:0.79375
[1918]	validation_0-auc:0.79375
[1919]	validation_0-auc:0.79375
[1920]	validation_0-auc:0.79375
[1921]	validation_0-auc:0.79375
[1922]	validation_0-auc:0.79375
[1923]	validation_0-auc:0.79375
[1924]	validation_0-auc:0.79375
[1925]	validation_0-auc:0.79375
[1926]	validation_0-auc:0.79374
[1927]	validation_0-auc:0.79374
[1928]	validation_0-auc:0.79374
[1929]	validation_0-auc:0.79375
[1930]	validation_0-auc:0.79375
[1931]	validation_0-auc:0.79375
[1932]	validation_0-auc:0.79375
[1933]	validation_0-auc:0.79375
[1934]	validation_0-auc:0.79374
[1935]	validation_0-auc:0.79374
[1936]	validation_0-auc:0.79374
[1937]	validation_0-auc:0.79374
[1938]	validation_0-auc:0.79374
[1939]	validation_0-auc:0.79373
[1940]	validation_0-auc:0.79373
[1941]	validation_0-auc:0.79372
[1942]	validation_0-auc:0.79372
[1943]	validation_0-auc:0.79372
[1944]	validation_0-auc:0.79372
[1945]	validation_0-auc:0.79372
[1946]	validation_0-auc:0.79373
[1947]	validation_0-auc:0.79373
[1948]	validation_0-auc:0.79373
[1949]	validation_0-auc:0.79373
[1950]	validation_0-auc:0.79373
[1951]	validation_0-auc:0.79373
[1952]	validation_0-auc:0.79373
[1953]	validation_0-auc:0.79374
[1954]	validation_0-auc:0.79373
[1955]	validation_0-auc:0.79373
[1956]	validation_0-auc:0.79373
[1957]	validation_0-auc:0.79374
[1958]	validation_0-auc:0.79374
[1959]	validation_0-auc:0.79373
[1960]	validation_0-auc:0.79374
[1961]	validation_0-auc:0.79373
[1962]	validation_0-auc:0.79373
[1963]	validation_0-auc:0.79373
[1964]	validation_0-auc:0.79373
[1965]	validation_0-auc:0.79373
[1966]	validation_0-auc:0.79373
[1967]	validation_0-auc:0.79373
[1968]	validation_0-auc:0.79373
[1969]	validation_0-auc:0.79373
[1970]	validation_0-auc:0.79373
[1971]	validation_0-auc:0.79373
[1972]	validation_0-auc:0.79373
[1973]	validation_0-auc:0.79374
[1974]	validation_0-auc:0.79374
[1975]	validation_0-auc:0.79374
[1976]	validation_0-auc:0.79373
[1977]	validation_0-auc:0.79373
[1978]	validation_0-auc:0.79373
[1979]	validation_0-auc:0.79373
[1980]	validation_0-auc:0.79374
[1981]	validation_0-auc:0.79373
[1982]	validation_0-auc:0.79374
[1983]	validation_0-auc:0.79373
[1984]	validation_0-auc:0.79373
[1985]	validation_0-auc:0.79373
[1986]	validation_0-auc:0.79373
[1987]	validation_0-auc:0.79372
[1988]	validation_0-auc:0.79371
[1989]	validation_0-auc:0.79371
[1990]	validation_0-auc:0.79371
[1991]	validation_0-auc:0.79371
[1992]	validation_0-auc:0.79371
[1993]	validation_0-auc:0.79370
[1994]	validation_0-auc:0.79370
[1995]	validation_0-auc:0.79370
[1996]	validation_0-auc:0.79371
[1997]	validation_0-auc:0.79370
[1998]	validation_0-auc:0.79370
[1999]	validation_0-auc:0.79370
[2000]	validation_0-auc:0.79371
[2001]	validation_0-auc:0.79371
[2002]	validation_0-auc:0.79371
[2003]	validation_0-auc:0.79371
[2004]	validation_0-auc:0.79371
[2005]	validation_0-auc:0.79370
[2006]	validation_0-auc:0.79370
[2007]	validation_0-auc:0.79370
[2008]	validation_0-auc:0.79370
[2009]	validation_0-auc:0.79370
[2010]	validation_0-auc:0.79370
[2011]	validation_0-auc:0.79370
[2012]	validation_0-auc:0.79370
[2013]	validation_0-auc:0.79369
[2014]	validation_0-auc:0.79370
[2015]	validation_0-auc:0.79370
[2016]	validation_0-auc:0.79370
[2017]	validation_0-auc:0.79370
[2018]	validation_0-auc:0.79370
[2019]	validation_0-auc:0.79370
[2020]	validation_0-auc:0.79370
[2021]	validation_0-auc:0.79369
[2022]	validation_0-auc:0.79369
[2023]	validation_0-auc:0.79369
[2024]	validation_0-auc:0.79369
[2025]	validation_0-auc:0.79369
[2026]	validation_0-auc:0.79369
[2027]	validation_0-auc:0.79370
[2028]	validation_0-auc:0.79370
[2029]	validation_0-auc:0.79370
[2030]	validation_0-auc:0.79370
[2031]	validation_0-auc:0.79370
[2032]	validation_0-auc:0.79370
[2033]	validation_0-auc:0.79369
[2034]	validation_0-auc:0.79369
[2035]	validation_0-auc:0.79369
[2036]	validation_0-auc:0.79369
[2037]	validation_0-auc:0.79369
[2038]	validation_0-auc:0.79369
[2039]	validation_0-auc:0.79369
[2040]	validation_0-auc:0.79369
[2041]	validation_0-auc:0.79369
[2042]	validation_0-auc:0.79369
[2043]	validation_0-auc:0.79369
[2044]	validation_0-auc:0.79369
[2045]	validation_0-auc:0.79369
[2046]	validation_0-auc:0.79370
[2047]	validation_0-auc:0.79370
[2048]	validation_0-auc:0.79370
[2049]	validation_0-auc:0.79370
[2050]	validation_0-auc:0.79370
[2051]	validation_0-auc:0.79370
[2052]	validation_0-auc:0.79370
[2053]	validation_0-auc:0.79370
[2054]	validation_0-auc:0.79370
[2055]	validation_0-auc:0.79370
[2056]	validation_0-auc:0.79370
[2057]	validation_0-auc:0.79371
[2058]	validation_0-auc:0.79370
[2059]	validation_0-auc:0.79370
[2060]	validation_0-auc:0.79370
[2061]	validation_0-auc:0.79370
[2062]	validation_0-auc:0.79370
[2063]	validation_0-auc:0.79370
[2064]	validation_0-auc:0.79371
[2065]	validation_0-auc:0.79370
[2066]	validation_0-auc:0.79370
[2067]	validation_0-auc:0.79370
[2068]	validation_0-auc:0.79370
[2069]	validation_0-auc:0.79370
[2070]	validation_0-auc:0.79370
[2071]	validation_0-auc:0.79370
[2072]	validation_0-auc:0.79370
[2073]	validation_0-auc:0.79370
[2074]	validation_0-auc:0.79370
[2075]	validation_0-auc:0.79370
[2076]	validation_0-auc:0.79370
[2077]	validation_0-auc:0.79370
[2078]	validation_0-auc:0.79370
[2079]	validation_0-auc:0.79370
[2080]	validation_0-auc:0.79370
[2081]	validation_0-auc:0.79370
[2082]	validation_0-auc:0.79370
[2083]	validation_0-auc:0.79370
[2084]	validation_0-auc:0.79370
[2085]	validation_0-auc:0.79370
[2086]	validation_0-auc:0.79370
[2087]	validation_0-auc:0.79370
[2088]	validation_0-auc:0.79370
[2089]	validation_0-auc:0.79371
[2090]	validation_0-auc:0.79371
[2091]	validation_0-auc:0.79371
[2092]	validation_0-auc:0.79370
[2093]	validation_0-auc:0.79371
[2094]	validation_0-auc:0.79371
[2095]	validation_0-auc:0.79371
[2096]	validation_0-auc:0.79371
[2097]	validation_0-auc:0.79371
[2098]	validation_0-auc:0.79370
[2099]	validation_0-auc:0.79370
[2100]	validation_0-auc:0.79370
[2101]	validation_0-auc:0.79370
[2102]	validation_0-auc:0.79370
[2103]	validation_0-auc:0.79370
[2104]	validation_0-auc:0.79370
[2105]	validation_0-auc:0.79369
[2106]	validation_0-auc:0.79370
[2107]	validation_0-auc:0.79370
[2108]	validation_0-auc:0.79370
[2109]	validation_0-auc:0.79370
[2110]	validation_0-auc:0.79370
[2111]	validation_0-auc:0.79370
[2112]	validation_0-auc:0.79370
[2113]	validation_0-auc:0.79370
[2114]	validation_0-auc:0.79370
[2115]	validation_0-auc:0.79370
[2116]	validation_0-auc:0.79371
[2117]	validation_0-auc:0.79371
[2118]	validation_0-auc:0.79371
[2119]	validation_0-auc:0.79371
[2120]	validation_0-auc:0.79371
[2121]	validation_0-auc:0.79371
[2122]	validation_0-auc:0.79371
[2123]	validation_0-auc:0.79371
[2124]	validation_0-auc:0.79371
[2125]	validation_0-auc:0.79371
[2126]	validation_0-auc:0.79371
[2127]	validation_0-auc:0.79371
[2128]	validation_0-auc:0.79371
[2129]	validation_0-auc:0.79371
[2130]	validation_0-auc:0.79371
[2131]	validation_0-auc:0.79371
[2132]	validation_0-auc:0.79371
[2133]	validation_0-auc:0.79371
[2134]	validation_0-auc:0.79371
[2135]	validation_0-auc:0.79372
[2136]	validation_0-auc:0.79372
[2137]	validation_0-auc:0.79372
[2138]	validation_0-auc:0.79371
[2139]	validation_0-auc:0.79372
[2140]	validation_0-auc:0.79371
[2141]	validation_0-auc:0.79371
[2142]	validation_0-auc:0.79371
[2143]	validation_0-auc:0.79371
[2144]	validation_0-auc:0.79371
[2145]	validation_0-auc:0.79371
[2146]	validation_0-auc:0.79372
[2147]	validation_0-auc:0.79371
[2148]	validation_0-auc:0.79371
[2149]	validation_0-auc:0.79371
[2150]	validation_0-auc:0.79371
[2151]	validation_0-auc:0.79371
[2152]	validation_0-auc:0.79371
[2153]	validation_0-auc:0.79371
[2154]	validation_0-auc:0.79372
[2155]	validation_0-auc:0.79371
[2156]	validation_0-auc:0.79372
[2157]	validation_0-auc:0.79372
[2158]	validation_0-auc:0.79372
[2159]	validation_0-auc:0.79372
[2160]	validation_0-auc:0.79372
[2161]	validation_0-auc:0.79372
[2162]	validation_0-auc:0.79372
[2163]	validation_0-auc:0.79372
[2164]	validation_0-auc:0.79372
[2165]	validation_0-auc:0.79372
[2166]	validation_0-auc:0.79372
[2167]	validation_0-auc:0.79372
[2168]	validation_0-auc:0.79372
[2169]	validation_0-auc:0.79372
[2170]	validation_0-auc:0.79372
[2171]	validation_0-auc:0.79372
[2172]	validation_0-auc:0.79372
[2173]	validation_0-auc:0.79372
[2174]	validation_0-auc:0.79372
[2175]	validation_0-auc:0.79374
[2176]	validation_0-auc:0.79374
[2177]	validation_0-auc:0.79374
[2178]	validation_0-auc:0.79374
[2179]	validation_0-auc:0.79374
[2180]	validation_0-auc:0.79374
[2181]	validation_0-auc:0.79374
[2182]	validation_0-auc:0.79374
[2183]	validation_0-auc:0.79374
[2184]	validation_0-auc:0.79374
[2185]	validation_0-auc:0.79373
[2186]	validation_0-auc:0.79373
[2187]	validation_0-auc:0.79373
[2188]	validation_0-auc:0.79373
[2189]	validation_0-auc:0.79373
[2190]	validation_0-auc:0.79373
[2191]	validation_0-auc:0.79373
[2192]	validation_0-auc:0.79373
[2193]	validation_0-auc:0.79373
[2194]	validation_0-auc:0.79373
[2195]	validation_0-auc:0.79373
[2196]	validation_0-auc:0.79373
[2197]	validation_0-auc:0.79373
[2198]	validation_0-auc:0.79373
[2199]	validation_0-auc:0.79373
[2200]	validation_0-auc:0.79373
[2201]	validation_0-auc:0.79373
[2202]	validation_0-auc:0.79373
[2203]	validation_0-auc:0.79373
[2204]	validation_0-auc:0.79373
[2205]	validation_0-auc:0.79373
[2206]	validation_0-auc:0.79373
[2207]	validation_0-auc:0.79373
[2208]	validation_0-auc:0.79373
[2209]	validation_0-auc:0.79373
[2210]	validation_0-auc:0.79373
[2211]	validation_0-auc:0.79373
[2212]	validation_0-auc:0.79373
[2213]	validation_0-auc:0.79373
[2214]	validation_0-auc:0.79373
[2215]	validation_0-auc:0.79373
[2216]	validation_0-auc:0.79373
[2217]	validation_0-auc:0.79373
[2218]	validation_0-auc:0.79373
[2219]	validation_0-auc:0.79373
[2220]	validation_0-auc:0.79373
[2221]	validation_0-auc:0.79372
[2222]	validation_0-auc:0.79372
[2223]	validation_0-auc:0.79372
[2224]	validation_0-auc:0.79373
[2225]	validation_0-auc:0.79373
[2226]	validation_0-auc:0.79373
[2227]	validation_0-auc:0.79373
[2228]	validation_0-auc:0.79373
[2229]	validation_0-auc:0.79372
[2230]	validation_0-auc:0.79372
[2231]	validation_0-auc:0.79372
[2232]	validation_0-auc:0.79372
[2233]	validation_0-auc:0.79372
[2234]	validation_0-auc:0.79372
[2235]	validation_0-auc:0.79372
[2236]	validation_0-auc:0.79372
[2237]	validation_0-auc:0.79372
[2238]	validation_0-auc:0.79372
[2239]	validation_0-auc:0.79372
[2240]	validation_0-auc:0.79372
[2241]	validation_0-auc:0.79371
[2242]	validation_0-auc:0.79372
[2243]	validation_0-auc:0.79372
[2244]	validation_0-auc:0.79372
[2245]	validation_0-auc:0.79372
[2246]	validation_0-auc:0.79372
[2247]	validation_0-auc:0.79372
[2248]	validation_0-auc:0.79372
[2249]	validation_0-auc:0.79372
[2250]	validation_0-auc:0.79372
[2251]	validation_0-auc:0.79372
[2252]	validation_0-auc:0.79372
[2253]	validation_0-auc:0.79373
[2254]	validation_0-auc:0.79372
[2255]	validation_0-auc:0.79372
[2256]	validation_0-auc:0.79372
[2257]	validation_0-auc:0.79372
[2258]	validation_0-auc:0.79372
[2259]	validation_0-auc:0.79372
[2260]	validation_0-auc:0.79372
[2261]	validation_0-auc:0.79372
[2262]	validation_0-auc:0.79372
[2263]	validation_0-auc:0.79372
[2264]	validation_0-auc:0.79372
[2265]	validation_0-auc:0.79372
[2266]	validation_0-auc:0.79372
[2267]	validation_0-auc:0.79372
[2268]	validation_0-auc:0.79371
[2269]	validation_0-auc:0.79372
[2270]	validation_0-auc:0.79372
[2271]	validation_0-auc:0.79372
[2272]	validation_0-auc:0.79372
[2273]	validation_0-auc:0.79372
[2274]	validation_0-auc:0.79372
[2275]	validation_0-auc:0.79372
[2276]	validation_0-auc:0.79372
[2277]	validation_0-auc:0.79372
[2278]	validation_0-auc:0.79372
[2279]	validation_0-auc:0.79372
[2280]	validation_0-auc:0.79372
[2281]	validation_0-auc:0.79372
[2282]	validation_0-auc:0.79372
[2283]	validation_0-auc:0.79373
[2284]	validation_0-auc:0.79373
[2285]	validation_0-auc:0.79373
[2286]	validation_0-auc:0.79373
[2287]	validation_0-auc:0.79373
[2288]	validation_0-auc:0.79372
[2289]	validation_0-auc:0.79372
[2290]	validation_0-auc:0.79372
[2291]	validation_0-auc:0.79372
[2292]	validation_0-auc:0.79372
[2293]	validation_0-auc:0.79372
[2294]	validation_0-auc:0.79372
[2295]	validation_0-auc:0.79372
[2296]	validation_0-auc:0.79372
[2297]	validation_0-auc:0.79372
[2298]	validation_0-auc:0.79372
[2299]	validation_0-auc:0.79372
[2300]	validation_0-auc:0.79372
[2301]	validation_0-auc:0.79372
[2302]	validation_0-auc:0.79371
[2303]	validation_0-auc:0.79372
[2304]	validation_0-auc:0.79372
[2305]	validation_0-auc:0.79372
[2306]	validation_0-auc:0.79372
[2307]	validation_0-auc:0.79371
[2308]	validation_0-auc:0.79371
[2309]	validation_0-auc:0.79372
[2310]	validation_0-auc:0.79372
[2311]	validation_0-auc:0.79372
[2312]	validation_0-auc:0.79372
[2313]	validation_0-auc:0.79372
[2314]	validation_0-auc:0.79371
[2315]	validation_0-auc:0.79371
[2316]	validation_0-auc:0.79371
[2317]	validation_0-auc:0.79371
[2318]	validation_0-auc:0.79371
[2319]	validation_0-auc:0.79371
[2320]	validation_0-auc:0.79371
[2321]	validation_0-auc:0.79371
[2322]	validation_0-auc:0.79371
[2323]	validation_0-auc:0.79371
[2324]	validation_0-auc:0.79371
[2325]	validation_0-auc:0.79371
[2326]	validation_0-auc:0.79371
[2327]	validation_0-auc:0.79371
[2328]	validation_0-auc:0.79372
[2329]	validation_0-auc:0.79372
[2330]	validation_0-auc:0.79372
[2331]	validation_0-auc:0.79372
[2332]	validation_0-auc:0.79372
[2333]	validation_0-auc:0.79372
[2334]	validation_0-auc:0.79372
[2335]	validation_0-auc:0.79372
[2336]	validation_0-auc:0.79372
[2337]	validation_0-auc:0.79372
[2338]	validation_0-auc:0.79372
[2339]	validation_0-auc:0.79372
[2340]	validation_0-auc:0.79372
[2341]	validation_0-auc:0.79372
[2342]	validation_0-auc:0.79372
[2343]	validation_0-auc:0.79372
[2344]	validation_0-auc:0.79372
[2345]	validation_0-auc:0.79372
[2346]	validation_0-auc:0.79372
[2347]	validation_0-auc:0.79372
[2348]	validation_0-auc:0.79372
[2349]	validation_0-auc:0.79372
[2350]	validation_0-auc:0.79372
[2351]	validation_0-auc:0.79372
[2352]	validation_0-auc:0.79372
[2353]	validation_0-auc:0.79373
[2354]	validation_0-auc:0.79373
[2355]	validation_0-auc:0.79373
[2356]	validation_0-auc:0.79373
[2357]	validation_0-auc:0.79373
[2358]	validation_0-auc:0.79373
[2359]	validation_0-auc:0.79373
[2360]	validation_0-auc:0.79373
[2361]	validation_0-auc:0.79373
[2362]	validation_0-auc:0.79373
[2363]	validation_0-auc:0.79373
[2364]	validation_0-auc:0.79373
[2365]	validation_0-auc:0.79373
[2366]	validation_0-auc:0.79373
[2367]	validation_0-auc:0.79373
[2368]	validation_0-auc:0.79373
[2369]	validation_0-auc:0.79373
[2370]	validation_0-auc:0.79373
[2371]	validation_0-auc:0.79373
[2372]	validation_0-auc:0.79373
[2373]	validation_0-auc:0.79374
[2374]	validation_0-auc:0.79374
[2375]	validation_0-auc:0.79373
[2376]	validation_0-auc:0.79374
[2377]	validation_0-auc:0.79373
[2378]	validation_0-auc:0.79373
[2379]	validation_0-auc:0.79373
[2380]	validation_0-auc:0.79373
[2381]	validation_0-auc:0.79373
[2382]	validation_0-auc:0.79374
[2383]	validation_0-auc:0.79374
[2384]	validation_0-auc:0.79373
[2385]	validation_0-auc:0.79374
[2386]	validation_0-auc:0.79374
[2387]	validation_0-auc:0.79374
[2388]	validation_0-auc:0.79374
[2389]	validation_0-auc:0.79373
[2390]	validation_0-auc:0.79373
[2391]	validation_0-auc:0.79373
[2392]	validation_0-auc:0.79373
[2393]	validation_0-auc:0.79373
[2394]	validation_0-auc:0.79373
[2395]	validation_0-auc:0.79373
[2396]	validation_0-auc:0.79374
[2397]	validation_0-auc:0.79374
[2398]	validation_0-auc:0.79374
[2399]	validation_0-auc:0.79374
[2400]	validation_0-auc:0.79374
[2401]	validation_0-auc:0.79374
[2402]	validation_0-auc:0.79373
[2403]	validation_0-auc:0.79374
[2404]	validation_0-auc:0.79374
[2405]	validation_0-auc:0.79374
[2406]	validation_0-auc:0.79374
[2407]	validation_0-auc:0.79373
[2408]	validation_0-auc:0.79374
[2409]	validation_0-auc:0.79374
[2410]	validation_0-auc:0.79373
[2411]	validation_0-auc:0.79374
[2412]	validation_0-auc:0.79374
[2413]	validation_0-auc:0.79374
[2414]	validation_0-auc:0.79374
[2415]	validation_0-auc:0.79374
[2416]	validation_0-auc:0.79374
[2417]	validation_0-auc:0.79374
[2418]	validation_0-auc:0.79374
[2419]	validation_0-auc:0.79374
[2420]	validation_0-auc:0.79375
[2421]	validation_0-auc:0.79375
[2422]	validation_0-auc:0.79375
[2423]	validation_0-auc:0.79375
[2424]	validation_0-auc:0.79375
[2425]	validation_0-auc:0.79375
[2426]	validation_0-auc:0.79374
[2427]	validation_0-auc:0.79374
[2428]	validation_0-auc:0.79374
[2429]	validation_0-auc:0.79374
[2430]	validation_0-auc:0.79375
[2431]	validation_0-auc:0.79375
[2432]	validation_0-auc:0.79374
[2433]	validation_0-auc:0.79374
[2434]	validation_0-auc:0.79374
[2435]	validation_0-auc:0.79374
[2436]	validation_0-auc:0.79374
[2437]	validation_0-auc:0.79374
[2438]	validation_0-auc:0.79374
[2439]	validation_0-auc:0.79374
[2440]	validation_0-auc:0.79374
[2441]	validation_0-auc:0.79374
[2442]	validation_0-auc:0.79374
[2443]	validation_0-auc:0.79374
[2444]	validation_0-auc:0.79374
[2445]	validation_0-auc:0.79375
[2446]	validation_0-auc:0.79374
[2447]	validation_0-auc:0.79374
[2448]	validation_0-auc:0.79374
[2449]	validation_0-auc:0.79374
[2450]	validation_0-auc:0.79374
[2451]	validation_0-auc:0.79374
[2452]	validation_0-auc:0.79374
[2453]	validation_0-auc:0.79374
[2454]	validation_0-auc:0.79374
[2455]	validation_0-auc:0.79373
[2456]	validation_0-auc:0.79373
[2457]	validation_0-auc:0.79373
[2458]	validation_0-auc:0.79373
[2459]	validation_0-auc:0.79373
[2460]	validation_0-auc:0.79373
[2461]	validation_0-auc:0.79373
[2462]	validation_0-auc:0.79373
[2463]	validation_0-auc:0.79373
[2464]	validation_0-auc:0.79373
[2465]	validation_0-auc:0.79373
[2466]	validation_0-auc:0.79373
[2467]	validation_0-auc:0.79374
[2468]	validation_0-auc:0.79374
[2469]	validation_0-auc:0.79374
[2470]	validation_0-auc:0.79374
[2471]	validation_0-auc:0.79374
[2472]	validation_0-auc:0.79374
[2473]	validation_0-auc:0.79374
[2474]	validation_0-auc:0.79374
[2475]	validation_0-auc:0.79374
[2476]	validation_0-auc:0.79374
[2477]	validation_0-auc:0.79374
[2478]	validation_0-auc:0.79374
[2479]	validation_0-auc:0.79375
[2480]	validation_0-auc:0.79374
[2481]	validation_0-auc:0.79375
[2482]	validation_0-auc:0.79375
[2483]	validation_0-auc:0.79375
[2484]	validation_0-auc:0.79375
[2485]	validation_0-auc:0.79375
[2486]	validation_0-auc:0.79374
[2487]	validation_0-auc:0.79375
[2488]	validation_0-auc:0.79375
[2489]	validation_0-auc:0.79375
[2490]	validation_0-auc:0.79374
[2491]	validation_0-auc:0.79374
[2492]	validation_0-auc:0.79374
[2493]	validation_0-auc:0.79374
[2494]	validation_0-auc:0.79374
[2495]	validation_0-auc:0.79373
[2496]	validation_0-auc:0.79373
[2497]	validation_0-auc:0.79373
[2498]	validation_0-auc:0.79373
[2499]	validation_0-auc:0.79373
